Traceback (most recent call last):
  File "/zhome/00/b/147112/bioscat/Scripts/C_and_CUDA/main/forward.py", line 118, in <module>
    Z = executeForward(x = X, y = Y, num_segments = 1,beta = 30,total_grid_points=1000)
  File "/zhome/00/b/147112/bioscat/Scripts/C_and_CUDA/main/forward.py", line 32, in executeForward
    c_func = ctypes.CDLL(so_file)
  File "/usr/lib64/python3.9/ctypes/__init__.py", line 374, in __init__
    self._handle = _dlopen(self._name, mode)
OSError: libcusolver.so.11: cannot open shared object file: No such file or directory

------------------------------------------------------------
Sender: LSF System <lsfadmin@hpc.dtu.dk>
Subject: Job 23115229: <forward> in cluster <dcc> Exited

Job <forward> was submitted from host <n-62-11-47> by user <s194146> in cluster <dcc> at Sat Nov  9 21:14:47 2024
Job was executed on host(s) <64*n-62-12-89>, in queue <gpuh100>, as user <s194146> in cluster <dcc> at Sat Nov  9 21:14:49 2024
</zhome/00/b/147112> was used as the home directory.
</zhome/00/b/147112/bioscat/Scripts/C_and_CUDA/main> was used as the working directory.
Started at Sat Nov  9 21:14:49 2024
Terminated at Sat Nov  9 21:14:52 2024
Results reported at Sat Nov  9 21:14:52 2024

Your job looked like:

------------------------------------------------------------
# LSBATCH: User input
#!/bin/bash
#BSUB -J forward # name
#BSUB -o outfiles/forward_%J.out # output file
#BSUB -q gpuh100
#BSUB -n 64 ## cores
#BSUB -R "rusage[mem=1GB]" 
#BSUB -W 24:00 # useable time in minutes
##BSUB -N # send mail when done
#BSUB -R "span[hosts=1]"
#BSUB -gpu "num=1:mode=exclusive_process"



OMP_NUM_THREADS=64 python forward.py
------------------------------------------------------------

Exited with exit code 1.

Resource usage summary:

    CPU time :                                   1.02 sec.
    Max Memory :                                 -
    Average Memory :                             -
    Total Requested Memory :                     65536.00 MB
    Delta Memory :                               -
    Max Swap :                                   -
    Max Processes :                              -
    Max Threads :                                -
    Run time :                                   111 sec.
    Turnaround time :                            5 sec.

The output (if any) is above this job summary.

