Loaded module: gcc/12.3.0-binutils-2.40
Loaded module: cuda/12.2.2
(n_obs, n_lambdas, n_beta) = (100, 10, 10)
--------------------------------------
We are computing curves on device!
--------------------------------------

Initialization and allocation: 0.0003 seconds

Computing covariance matrix: 0.0003 seconds

Cholesky factorization successful.

Cholesky factorization: 0.0444 seconds

HEJ 100 10 10
(n_test, n_int, n_ext, n_obs, n) = (624, 608, 628, 100, 624)
Combined time = 2.792073e+00
Lprev = -3.173209e+02
(n_test, n_int, n_ext, n_obs, n) = (624, 608, 628, 100, 624)
Combined time = 2.731633e+00
Lprev = -3.173209e+02
minimum = 2.760822e-08
(n_test, n_int, n_ext, n_obs, n) = (624, 608, 628, 100, 624)
Combined time = 2.725919e+00
ACCEPTED 0
minimum = 2.626072e-08
(n_test, n_int, n_ext, n_obs, n) = (624, 608, 628, 100, 624)
Combined time = 2.736852e+00
ACCEPTED 1
minimum = 2.415005e-08
(n_test, n_int, n_ext, n_obs, n) = (624, 608, 628, 100, 624)
Combined time = 2.724983e+00
minimum = 2.436184e-08
(n_test, n_int, n_ext, n_obs, n) = (624, 608, 628, 100, 624)
Combined time = 2.754147e+00
ACCEPTED 2
minimum = 2.448191e-08
(n_test, n_int, n_ext, n_obs, n) = (624, 608, 628, 100, 624)
Combined time = 2.711909e+00
minimum = 2.331346e-08
(n_test, n_int, n_ext, n_obs, n) = (624, 608, 628, 100, 624)
Combined time = 2.780655e+00
minimum = 2.382646e-08
(n_test, n_int, n_ext, n_obs, n) = (624, 608, 628, 100, 624)
Combined time = 2.768072e+00
ACCEPTED 3
minimum = 2.182758e-08
(n_test, n_int, n_ext, n_obs, n) = (624, 608, 628, 100, 624)
Combined time = 2.723769e+00
minimum = 2.353041e-08
(n_test, n_int, n_ext, n_obs, n) = (624, 608, 628, 100, 624)
Combined time = 2.795076e+00
ACCEPTED 4
minimum = 2.330576e-08
(n_test, n_int, n_ext, n_obs, n) = (624, 608, 628, 100, 624)
Combined time = 2.705410e+00
Gaussian Process freed!

------------------------------------------------------------
Sender: LSF System <lsfadmin@hpc.dtu.dk>
Subject: Job 23133309: <inverse> in cluster <dcc> Done

Job <inverse> was submitted from host <n-62-11-47> by user <s194146> in cluster <dcc> at Mon Nov 11 22:09:14 2024
Job was executed on host(s) <64*n-62-12-81>, in queue <gpuh100>, as user <s194146> in cluster <dcc> at Mon Nov 11 22:09:14 2024
</zhome/00/b/147112> was used as the home directory.
</zhome/00/b/147112/bioscat/Scripts/C_and_CUDA/main> was used as the working directory.
Started at Mon Nov 11 22:09:14 2024
Terminated at Mon Nov 11 22:09:51 2024
Results reported at Mon Nov 11 22:09:51 2024

Your job looked like:

------------------------------------------------------------
# LSBATCH: User input
#!/bin/bash
#BSUB -J inverse # name
#BSUB -o outfiles/inverse_%J.out # output file
#BSUB -q gpuh100
#BSUB -n 64 ## cores
#BSUB -R "rusage[mem=1GB]" 
#BSUB -W 24:00 # useable time in minutes
##BSUB -N # send mail when done
#BSUB -R "span[hosts=1]"
#BSUB -gpu "num=1:mode=exclusive_process"

module load gcc/12.3.0-binutils-2.40
module load cuda/12.2.2

OMP_NUM_THREADS=64 python inverse.py
------------------------------------------------------------

Successfully completed.

Resource usage summary:

    CPU time :                                   37.00 sec.
    Max Memory :                                 173 MB
    Average Memory :                             119.00 MB
    Total Requested Memory :                     65536.00 MB
    Delta Memory :                               65363.00 MB
    Max Swap :                                   -
    Max Processes :                              4
    Max Threads :                                9
    Run time :                                   96 sec.
    Turnaround time :                            37 sec.

The output (if any) is above this job summary.

