Loaded module: gcc/12.3.0-binutils-2.40
Loaded module: cuda/12.2.2
(n_obs, n_lambdas, n_beta) = (100, 10, 10)
--------------------------------------
We are computing curves on device!
--------------------------------------

Initialization and allocation: 0.0003 seconds

Computing covariance matrix: 0.0003 seconds

Cholesky factorization successful.

Cholesky factorization: 0.0667 seconds

HEJ 100 10 10
(n_test, n_int, n_ext, n_obs, n) = (624, 608, 628, 100, 624)
Lprev = -3.173209e+02
(n_test, n_int, n_ext, n_obs, n) = (624, 608, 628, 100, 624)
Lprev = -3.173209e+02
(n_test, n_int, n_ext, n_obs, n) = (624, 608, 628, 100, 624)
(Lstar, Lprev) = (-321.788521, -317.320945)
alpha = 0.011475
u = 0.475592
(n_test, n_int, n_ext, n_obs, n) = (624, 608, 628, 100, 624)
(Lstar, Lprev) = (-314.650966, -317.320945)
alpha = 1.000000
u = 0.655944
ACCEPTED 0
(n_test, n_int, n_ext, n_obs, n) = (624, 608, 628, 100, 624)
(Lstar, Lprev) = (-312.287073, -314.650966)
alpha = 1.000000
u = 0.840711
ACCEPTED 1
(n_test, n_int, n_ext, n_obs, n) = (624, 608, 628, 100, 624)
(Lstar, Lprev) = (-318.270130, -312.287073)
alpha = 0.002521
u = 0.396571
(n_test, n_int, n_ext, n_obs, n) = (624, 608, 628, 100, 624)
(Lstar, Lprev) = (-311.327214, -312.287073)
alpha = 1.000000
u = 0.276752
ACCEPTED 2
(n_test, n_int, n_ext, n_obs, n) = (624, 608, 628, 100, 624)
(Lstar, Lprev) = (-306.513967, -311.327214)
alpha = 1.000000
u = 0.903648
ACCEPTED 3
(n_test, n_int, n_ext, n_obs, n) = (624, 608, 628, 100, 624)
(Lstar, Lprev) = (-307.214427, -306.513967)
alpha = 0.496357
u = 0.342471
ACCEPTED 4
(n_test, n_int, n_ext, n_obs, n) = (624, 608, 628, 100, 624)
(Lstar, Lprev) = (-317.054467, -307.214427)
alpha = 0.000053
u = 0.469130
(n_test, n_int, n_ext, n_obs, n) = (624, 608, 628, 100, 624)
(Lstar, Lprev) = (-309.530274, -307.214427)
alpha = 0.098683
u = 0.961909
(n_test, n_int, n_ext, n_obs, n) = (624, 608, 628, 100, 624)
(Lstar, Lprev) = (-319.840759, -307.214427)
alpha = 0.000003
u = 0.535075
(n_test, n_int, n_ext, n_obs, n) = (624, 608, 628, 100, 624)
(Lstar, Lprev) = (-304.091770, -307.214427)
alpha = 1.000000
u = 0.740160
ACCEPTED 5
(n_test, n_int, n_ext, n_obs, n) = (624, 608, 628, 100, 624)
(Lstar, Lprev) = (-304.807447, -304.091770)
alpha = 0.488861
u = 0.016811
ACCEPTED 6
(n_test, n_int, n_ext, n_obs, n) = (624, 608, 628, 100, 624)
(Lstar, Lprev) = (-300.514831, -304.807447)
alpha = 1.000000
u = 0.006051
ACCEPTED 7
(n_test, n_int, n_ext, n_obs, n) = (624, 608, 628, 100, 624)
(Lstar, Lprev) = (-293.812497, -300.514831)
alpha = 1.000000
u = 0.759426
ACCEPTED 8
(n_test, n_int, n_ext, n_obs, n) = (624, 608, 628, 100, 624)
(Lstar, Lprev) = (-296.608727, -293.812497)
alpha = 0.061040
u = 0.614672
(n_test, n_int, n_ext, n_obs, n) = (624, 608, 628, 100, 624)
(Lstar, Lprev) = (-294.299805, -293.812497)
alpha = 0.614278
u = 0.915444
(n_test, n_int, n_ext, n_obs, n) = (624, 608, 628, 100, 624)
(Lstar, Lprev) = (-294.120405, -293.812497)
alpha = 0.734982
u = 0.589996
ACCEPTED 9
(n_test, n_int, n_ext, n_obs, n) = (624, 608, 628, 100, 624)
(Lstar, Lprev) = (-288.298939, -294.120405)
alpha = 1.000000
u = 0.278680
ACCEPTED 10
(n_test, n_int, n_ext, n_obs, n) = (624, 608, 628, 100, 624)
(Lstar, Lprev) = (-293.980143, -288.298939)
alpha = 0.003409
u = 0.401830
(n_test, n_int, n_ext, n_obs, n) = (624, 608, 628, 100, 624)
(Lstar, Lprev) = (-285.714188, -288.298939)
alpha = 1.000000
u = 0.989900
ACCEPTED 11
(n_test, n_int, n_ext, n_obs, n) = (624, 608, 628, 100, 624)
(Lstar, Lprev) = (-285.215673, -285.714188)
alpha = 1.000000
u = 0.770375
ACCEPTED 12
(n_test, n_int, n_ext, n_obs, n) = (624, 608, 628, 100, 624)
(Lstar, Lprev) = (-279.008297, -285.215673)
alpha = 1.000000
u = 0.951248
ACCEPTED 13
(n_test, n_int, n_ext, n_obs, n) = (624, 608, 628, 100, 624)
(Lstar, Lprev) = (-276.648070, -279.008297)
alpha = 1.000000
u = 0.973646
ACCEPTED 14
(n_test, n_int, n_ext, n_obs, n) = (624, 608, 628, 100, 624)
(Lstar, Lprev) = (-285.142012, -276.648070)
alpha = 0.000205
u = 0.356456
(n_test, n_int, n_ext, n_obs, n) = (624, 608, 628, 100, 624)
(Lstar, Lprev) = (-283.477336, -276.648070)
alpha = 0.001082
u = 0.842560
(n_test, n_int, n_ext, n_obs, n) = (624, 608, 628, 100, 624)
(Lstar, Lprev) = (-284.067648, -276.648070)
alpha = 0.000599
u = 0.234320
(n_test, n_int, n_ext, n_obs, n) = (624, 608, 628, 100, 624)
(Lstar, Lprev) = (-280.814165, -276.648070)
alpha = 0.015513
u = 0.473131
(n_test, n_int, n_ext, n_obs, n) = (624, 608, 628, 100, 624)
(Lstar, Lprev) = (-271.366545, -276.648070)
alpha = 1.000000
u = 0.557705
ACCEPTED 15
(n_test, n_int, n_ext, n_obs, n) = (624, 608, 628, 100, 624)
(Lstar, Lprev) = (-272.324212, -271.366545)
alpha = 0.383787
u = 0.916023
(n_test, n_int, n_ext, n_obs, n) = (624, 608, 628, 100, 624)
(Lstar, Lprev) = (-277.414670, -271.366545)
alpha = 0.002362
u = 0.011175
(n_test, n_int, n_ext, n_obs, n) = (624, 608, 628, 100, 624)
(Lstar, Lprev) = (-261.478584, -271.366545)
alpha = 1.000000
u = 0.906012
ACCEPTED 16
(n_test, n_int, n_ext, n_obs, n) = (624, 608, 628, 100, 624)
(Lstar, Lprev) = (-262.998396, -261.478584)
alpha = 0.218753
u = 0.760037
(n_test, n_int, n_ext, n_obs, n) = (624, 608, 628, 100, 624)
(Lstar, Lprev) = (-248.534545, -261.478584)
alpha = 1.000000
u = 0.966002
ACCEPTED 17
(n_test, n_int, n_ext, n_obs, n) = (624, 608, 628, 100, 624)
(Lstar, Lprev) = (-241.591680, -248.534545)
alpha = 1.000000
u = 0.160758
ACCEPTED 18
(n_test, n_int, n_ext, n_obs, n) = (624, 608, 628, 100, 624)
(Lstar, Lprev) = (-251.003496, -241.591680)
alpha = 0.000082
u = 0.099634
(n_test, n_int, n_ext, n_obs, n) = (624, 608, 628, 100, 624)
(Lstar, Lprev) = (-241.558220, -241.591680)
alpha = 1.000000
u = 0.718237
ACCEPTED 19
(n_test, n_int, n_ext, n_obs, n) = (624, 608, 628, 100, 624)
(Lstar, Lprev) = (-246.003232, -241.558220)
alpha = 0.011737
u = 0.754721
(n_test, n_int, n_ext, n_obs, n) = (624, 608, 628, 100, 624)
(Lstar, Lprev) = (-242.582797, -241.558220)
alpha = 0.358948
u = 0.664901
(n_test, n_int, n_ext, n_obs, n) = (624, 608, 628, 100, 624)
(Lstar, Lprev) = (-242.574437, -241.558220)
alpha = 0.361962
u = 0.081688
ACCEPTED 20
(n_test, n_int, n_ext, n_obs, n) = (624, 608, 628, 100, 624)
(Lstar, Lprev) = (-254.399197, -242.574437)
alpha = 0.000007
u = 0.555491
(n_test, n_int, n_ext, n_obs, n) = (624, 608, 628, 100, 624)
(Lstar, Lprev) = (-238.831186, -242.574437)
alpha = 1.000000
u = 0.275652
ACCEPTED 21
(n_test, n_int, n_ext, n_obs, n) = (624, 608, 628, 100, 624)
(Lstar, Lprev) = (-228.547651, -238.831186)
alpha = 1.000000
u = 0.555699
ACCEPTED 22
(n_test, n_int, n_ext, n_obs, n) = (624, 608, 628, 100, 624)
(Lstar, Lprev) = (-233.297667, -228.547651)
alpha = 0.008652
u = 0.585728
(n_test, n_int, n_ext, n_obs, n) = (624, 608, 628, 100, 624)
(Lstar, Lprev) = (-224.578264, -228.547651)
alpha = 1.000000
u = 0.547113
ACCEPTED 23
(n_test, n_int, n_ext, n_obs, n) = (624, 608, 628, 100, 624)
(Lstar, Lprev) = (-223.957765, -224.578264)
alpha = 1.000000
u = 0.589015
ACCEPTED 24
(n_test, n_int, n_ext, n_obs, n) = (624, 608, 628, 100, 624)
(Lstar, Lprev) = (-233.322091, -223.957765)
alpha = 0.000086
u = 0.485349
(n_test, n_int, n_ext, n_obs, n) = (624, 608, 628, 100, 624)
(Lstar, Lprev) = (-220.471985, -223.957765)
alpha = 1.000000
u = 0.432257
ACCEPTED 25
(n_test, n_int, n_ext, n_obs, n) = (624, 608, 628, 100, 624)
(Lstar, Lprev) = (-226.070082, -220.471985)
alpha = 0.003705
u = 0.104882
(n_test, n_int, n_ext, n_obs, n) = (624, 608, 628, 100, 624)
(Lstar, Lprev) = (-235.360918, -220.471985)
alpha = 0.000000
u = 0.658458
(n_test, n_int, n_ext, n_obs, n) = (624, 608, 628, 100, 624)
(Lstar, Lprev) = (-219.756052, -220.471985)
alpha = 1.000000
u = 0.365942
ACCEPTED 26
(n_test, n_int, n_ext, n_obs, n) = (624, 608, 628, 100, 624)
(Lstar, Lprev) = (-216.949176, -219.756052)
alpha = 1.000000
u = 0.110182
ACCEPTED 27
(n_test, n_int, n_ext, n_obs, n) = (624, 608, 628, 100, 624)
(Lstar, Lprev) = (-213.628012, -216.949176)
alpha = 1.000000
u = 0.834769
ACCEPTED 28
(n_test, n_int, n_ext, n_obs, n) = (624, 608, 628, 100, 624)
(Lstar, Lprev) = (-207.990349, -213.628012)
alpha = 1.000000
u = 0.707266
ACCEPTED 29
(n_test, n_int, n_ext, n_obs, n) = (624, 608, 628, 100, 624)
(Lstar, Lprev) = (-216.409715, -207.990349)
alpha = 0.000221
u = 0.001984
(n_test, n_int, n_ext, n_obs, n) = (624, 608, 628, 100, 624)
(Lstar, Lprev) = (-210.762977, -207.990349)
alpha = 0.062498
u = 0.301197
(n_test, n_int, n_ext, n_obs, n) = (624, 608, 628, 100, 624)
(Lstar, Lprev) = (-217.311089, -207.990349)
alpha = 0.000090
u = 0.905211
(n_test, n_int, n_ext, n_obs, n) = (624, 608, 628, 100, 624)
(Lstar, Lprev) = (-207.784582, -207.990349)
alpha = 1.000000
u = 0.881591
ACCEPTED 30
(n_test, n_int, n_ext, n_obs, n) = (624, 608, 628, 100, 624)
(Lstar, Lprev) = (-213.028262, -207.784582)
alpha = 0.005281
u = 0.067855
(n_test, n_int, n_ext, n_obs, n) = (624, 608, 628, 100, 624)
(Lstar, Lprev) = (-207.292193, -207.784582)
alpha = 1.000000
u = 0.604139
ACCEPTED 31
(n_test, n_int, n_ext, n_obs, n) = (624, 608, 628, 100, 624)
(Lstar, Lprev) = (-208.058498, -207.292193)
alpha = 0.464727
u = 0.601499
(n_test, n_int, n_ext, n_obs, n) = (624, 608, 628, 100, 624)
(Lstar, Lprev) = (-206.437866, -207.292193)
alpha = 1.000000
u = 0.719811
ACCEPTED 32
(n_test, n_int, n_ext, n_obs, n) = (624, 608, 628, 100, 624)
(Lstar, Lprev) = (-202.891515, -206.437866)
alpha = 1.000000
u = 0.812351
ACCEPTED 33
(n_test, n_int, n_ext, n_obs, n) = (624, 608, 628, 100, 624)
(Lstar, Lprev) = (-194.281083, -202.891515)
alpha = 1.000000
u = 0.669475
ACCEPTED 34
(n_test, n_int, n_ext, n_obs, n) = (624, 608, 628, 100, 624)
(Lstar, Lprev) = (-197.526499, -194.281083)
alpha = 0.038952
u = 0.579533
(n_test, n_int, n_ext, n_obs, n) = (624, 608, 628, 100, 624)
(Lstar, Lprev) = (-201.298665, -194.281083)
alpha = 0.000896
u = 0.617580
(n_test, n_int, n_ext, n_obs, n) = (624, 608, 628, 100, 624)
(Lstar, Lprev) = (-200.712224, -194.281083)
alpha = 0.001611
u = 0.493930
(n_test, n_int, n_ext, n_obs, n) = (624, 608, 628, 100, 624)
(Lstar, Lprev) = (-191.013045, -194.281083)
alpha = 1.000000
u = 0.864338
ACCEPTED 35
(n_test, n_int, n_ext, n_obs, n) = (624, 608, 628, 100, 624)
(Lstar, Lprev) = (-194.882149, -191.013045)
alpha = 0.020877
u = 0.751314
(n_test, n_int, n_ext, n_obs, n) = (624, 608, 628, 100, 624)
(Lstar, Lprev) = (-191.590371, -191.013045)
alpha = 0.561398
u = 0.714207
(n_test, n_int, n_ext, n_obs, n) = (624, 608, 628, 100, 624)
(Lstar, Lprev) = (-192.966424, -191.013045)
alpha = 0.141794
u = 0.080153
ACCEPTED 36
(n_test, n_int, n_ext, n_obs, n) = (624, 608, 628, 100, 624)
(Lstar, Lprev) = (-187.297384, -192.966424)
alpha = 1.000000
u = 0.230841
ACCEPTED 37
(n_test, n_int, n_ext, n_obs, n) = (624, 608, 628, 100, 624)
(Lstar, Lprev) = (-191.113918, -187.297384)
alpha = 0.022004
u = 0.212246
(n_test, n_int, n_ext, n_obs, n) = (624, 608, 628, 100, 624)
(Lstar, Lprev) = (-183.910489, -187.297384)
alpha = 1.000000
u = 0.493282
ACCEPTED 38
(n_test, n_int, n_ext, n_obs, n) = (624, 608, 628, 100, 624)
(Lstar, Lprev) = (-182.466394, -183.910489)
alpha = 1.000000
u = 0.438607
ACCEPTED 39
(n_test, n_int, n_ext, n_obs, n) = (624, 608, 628, 100, 624)
(Lstar, Lprev) = (-187.263919, -182.466394)
alpha = 0.008250
u = 0.498449
(n_test, n_int, n_ext, n_obs, n) = (624, 608, 628, 100, 624)
(Lstar, Lprev) = (-182.977757, -182.466394)
alpha = 0.599678
u = 0.107348
ACCEPTED 40
(n_test, n_int, n_ext, n_obs, n) = (624, 608, 628, 100, 624)
(Lstar, Lprev) = (-183.572742, -182.977757)
alpha = 0.551571
u = 0.394857
ACCEPTED 41
(n_test, n_int, n_ext, n_obs, n) = (624, 608, 628, 100, 624)
(Lstar, Lprev) = (-183.426130, -183.572742)
alpha = 1.000000
u = 0.655861
ACCEPTED 42
(n_test, n_int, n_ext, n_obs, n) = (624, 608, 628, 100, 624)
(Lstar, Lprev) = (-188.506691, -183.426130)
alpha = 0.006216
u = 0.107655
(n_test, n_int, n_ext, n_obs, n) = (624, 608, 628, 100, 624)
(Lstar, Lprev) = (-186.571464, -183.426130)
alpha = 0.043053
u = 0.471014
(n_test, n_int, n_ext, n_obs, n) = (624, 608, 628, 100, 624)
(Lstar, Lprev) = (-183.159136, -183.426130)
alpha = 1.000000
u = 0.492281
ACCEPTED 43
(n_test, n_int, n_ext, n_obs, n) = (624, 608, 628, 100, 624)
(Lstar, Lprev) = (-183.691281, -183.159136)
alpha = 0.587343
u = 0.711120
(n_test, n_int, n_ext, n_obs, n) = (624, 608, 628, 100, 624)
(Lstar, Lprev) = (-190.378546, -183.159136)
alpha = 0.000732
u = 0.277618
(n_test, n_int, n_ext, n_obs, n) = (624, 608, 628, 100, 624)
(Lstar, Lprev) = (-193.583149, -183.159136)
alpha = 0.000030
u = 0.286078
(n_test, n_int, n_ext, n_obs, n) = (624, 608, 628, 100, 624)
(Lstar, Lprev) = (-177.511633, -183.159136)
alpha = 1.000000
u = 0.921304
ACCEPTED 44
(n_test, n_int, n_ext, n_obs, n) = (624, 608, 628, 100, 624)
(Lstar, Lprev) = (-174.860299, -177.511633)
alpha = 1.000000
u = 0.908407
ACCEPTED 45
(n_test, n_int, n_ext, n_obs, n) = (624, 608, 628, 100, 624)
(Lstar, Lprev) = (-172.683809, -174.860299)
alpha = 1.000000
u = 0.202958
ACCEPTED 46
(n_test, n_int, n_ext, n_obs, n) = (624, 608, 628, 100, 624)
(Lstar, Lprev) = (-174.810324, -172.683809)
alpha = 0.119252
u = 0.011121
ACCEPTED 47
(n_test, n_int, n_ext, n_obs, n) = (624, 608, 628, 100, 624)
(Lstar, Lprev) = (-169.656079, -174.810324)
alpha = 1.000000
u = 0.580524
ACCEPTED 48
(n_test, n_int, n_ext, n_obs, n) = (624, 608, 628, 100, 624)
(Lstar, Lprev) = (-172.044573, -169.656079)
alpha = 0.091768
u = 0.475054
(n_test, n_int, n_ext, n_obs, n) = (624, 608, 628, 100, 624)
(Lstar, Lprev) = (-181.347376, -169.656079)
alpha = 0.000008
u = 0.140143
(n_test, n_int, n_ext, n_obs, n) = (624, 608, 628, 100, 624)
(Lstar, Lprev) = (-168.280099, -169.656079)
alpha = 1.000000
u = 0.063711
ACCEPTED 49
(n_test, n_int, n_ext, n_obs, n) = (624, 608, 628, 100, 624)
(Lstar, Lprev) = (-168.945024, -168.280099)
alpha = 0.514312
u = 0.209727
ACCEPTED 50
(n_test, n_int, n_ext, n_obs, n) = (624, 608, 628, 100, 624)
(Lstar, Lprev) = (-166.121767, -168.945024)
alpha = 1.000000
u = 0.169182
ACCEPTED 51
(n_test, n_int, n_ext, n_obs, n) = (624, 608, 628, 100, 624)
(Lstar, Lprev) = (-164.947598, -166.121767)
alpha = 1.000000
u = 0.075908
ACCEPTED 52
(n_test, n_int, n_ext, n_obs, n) = (624, 608, 628, 100, 624)
(Lstar, Lprev) = (-172.692912, -164.947598)
alpha = 0.000433
u = 0.485945
(n_test, n_int, n_ext, n_obs, n) = (624, 608, 628, 100, 624)
(Lstar, Lprev) = (-156.073651, -164.947598)
alpha = 1.000000
u = 0.639185
ACCEPTED 53
(n_test, n_int, n_ext, n_obs, n) = (624, 608, 628, 100, 624)
(Lstar, Lprev) = (-153.484096, -156.073651)
alpha = 1.000000
u = 0.926598
ACCEPTED 54
(n_test, n_int, n_ext, n_obs, n) = (624, 608, 628, 100, 624)
(Lstar, Lprev) = (-153.629470, -153.484096)
alpha = 0.864699
u = 0.231415
ACCEPTED 55
(n_test, n_int, n_ext, n_obs, n) = (624, 608, 628, 100, 624)
(Lstar, Lprev) = (-154.175781, -153.629470)
alpha = 0.579082
u = 0.781624
(n_test, n_int, n_ext, n_obs, n) = (624, 608, 628, 100, 624)
(Lstar, Lprev) = (-151.013515, -153.629470)
alpha = 1.000000
u = 0.618618
ACCEPTED 56
(n_test, n_int, n_ext, n_obs, n) = (624, 608, 628, 100, 624)
(Lstar, Lprev) = (-152.676423, -151.013515)
alpha = 0.189587
u = 0.029319
ACCEPTED 57
(n_test, n_int, n_ext, n_obs, n) = (624, 608, 628, 100, 624)
(Lstar, Lprev) = (-157.774325, -152.676423)
alpha = 0.006110
u = 0.213126
(n_test, n_int, n_ext, n_obs, n) = (624, 608, 628, 100, 624)
(Lstar, Lprev) = (-159.696791, -152.676423)
alpha = 0.000893
u = 0.559397
(n_test, n_int, n_ext, n_obs, n) = (624, 608, 628, 100, 624)
(Lstar, Lprev) = (-153.297384, -152.676423)
alpha = 0.537428
u = 0.938614
(n_test, n_int, n_ext, n_obs, n) = (624, 608, 628, 100, 624)
(Lstar, Lprev) = (-155.930366, -152.676423)
alpha = 0.038622
u = 0.882237
(n_test, n_int, n_ext, n_obs, n) = (624, 608, 628, 100, 624)
(Lstar, Lprev) = (-151.983875, -152.676423)
alpha = 1.000000
u = 0.366725
ACCEPTED 58
(n_test, n_int, n_ext, n_obs, n) = (624, 608, 628, 100, 624)
(Lstar, Lprev) = (-151.898980, -151.983875)
alpha = 1.000000
u = 0.679113
ACCEPTED 59
(n_test, n_int, n_ext, n_obs, n) = (624, 608, 628, 100, 624)
(Lstar, Lprev) = (-154.825751, -151.898980)
alpha = 0.053570
u = 0.364679
(n_test, n_int, n_ext, n_obs, n) = (624, 608, 628, 100, 624)
(Lstar, Lprev) = (-150.665788, -151.898980)
alpha = 1.000000
u = 0.090857
ACCEPTED 60
(n_test, n_int, n_ext, n_obs, n) = (624, 608, 628, 100, 624)
(Lstar, Lprev) = (-151.143568, -150.665788)
alpha = 0.620158
u = 0.951512
(n_test, n_int, n_ext, n_obs, n) = (624, 608, 628, 100, 624)
(Lstar, Lprev) = (-157.732476, -150.665788)
alpha = 0.000853
u = 0.734490
(n_test, n_int, n_ext, n_obs, n) = (624, 608, 628, 100, 624)
(Lstar, Lprev) = (-142.867597, -150.665788)
alpha = 1.000000
u = 0.072450
ACCEPTED 61
(n_test, n_int, n_ext, n_obs, n) = (624, 608, 628, 100, 624)
(Lstar, Lprev) = (-139.408539, -142.867597)
alpha = 1.000000
u = 0.666242
ACCEPTED 62
(n_test, n_int, n_ext, n_obs, n) = (624, 608, 628, 100, 624)
(Lstar, Lprev) = (-137.438014, -139.408539)
alpha = 1.000000
u = 0.750210
ACCEPTED 63
(n_test, n_int, n_ext, n_obs, n) = (624, 608, 628, 100, 624)
(Lstar, Lprev) = (-136.094765, -137.438014)
alpha = 1.000000
u = 0.083886
ACCEPTED 64
(n_test, n_int, n_ext, n_obs, n) = (624, 608, 628, 100, 624)
(Lstar, Lprev) = (-140.297838, -136.094765)
alpha = 0.014950
u = 0.539446
(n_test, n_int, n_ext, n_obs, n) = (624, 608, 628, 100, 624)
(Lstar, Lprev) = (-138.854405, -136.094765)
alpha = 0.063315
u = 0.747865
(n_test, n_int, n_ext, n_obs, n) = (624, 608, 628, 100, 624)
(Lstar, Lprev) = (-136.488463, -136.094765)
alpha = 0.674557
u = 0.031937
ACCEPTED 65
(n_test, n_int, n_ext, n_obs, n) = (624, 608, 628, 100, 624)
(Lstar, Lprev) = (-136.912008, -136.488463)
alpha = 0.654722
u = 0.961833
(n_test, n_int, n_ext, n_obs, n) = (624, 608, 628, 100, 624)
(Lstar, Lprev) = (-133.079662, -136.488463)
alpha = 1.000000
u = 0.842542
ACCEPTED 66
(n_test, n_int, n_ext, n_obs, n) = (624, 608, 628, 100, 624)
(Lstar, Lprev) = (-135.362113, -133.079662)
alpha = 0.102034
u = 0.880154
(n_test, n_int, n_ext, n_obs, n) = (624, 608, 628, 100, 624)
(Lstar, Lprev) = (-134.934501, -133.079662)
alpha = 0.156478
u = 0.520534
(n_test, n_int, n_ext, n_obs, n) = (624, 608, 628, 100, 624)
(Lstar, Lprev) = (-134.739372, -133.079662)
alpha = 0.190194
u = 0.909301
(n_test, n_int, n_ext, n_obs, n) = (624, 608, 628, 100, 624)
(Lstar, Lprev) = (-130.347061, -133.079662)
alpha = 1.000000
u = 0.569262
ACCEPTED 67
(n_test, n_int, n_ext, n_obs, n) = (624, 608, 628, 100, 624)
(Lstar, Lprev) = (-133.060231, -130.347061)
alpha = 0.066326
u = 0.787244
(n_test, n_int, n_ext, n_obs, n) = (624, 608, 628, 100, 624)
(Lstar, Lprev) = (-128.374307, -130.347061)
alpha = 1.000000
u = 0.953841
ACCEPTED 68
(n_test, n_int, n_ext, n_obs, n) = (624, 608, 628, 100, 624)
(Lstar, Lprev) = (-131.312974, -128.374307)
alpha = 0.052936
u = 0.315934
(n_test, n_int, n_ext, n_obs, n) = (624, 608, 628, 100, 624)
(Lstar, Lprev) = (-130.571347, -128.374307)
alpha = 0.111132
u = 0.509404
(n_test, n_int, n_ext, n_obs, n) = (624, 608, 628, 100, 624)
(Lstar, Lprev) = (-132.965881, -128.374307)
alpha = 0.010137
u = 0.667759
(n_test, n_int, n_ext, n_obs, n) = (624, 608, 628, 100, 624)
(Lstar, Lprev) = (-135.159882, -128.374307)
alpha = 0.001130
u = 0.022253
(n_test, n_int, n_ext, n_obs, n) = (624, 608, 628, 100, 624)
(Lstar, Lprev) = (-143.133248, -128.374307)
alpha = 0.000000
u = 0.267026
(n_test, n_int, n_ext, n_obs, n) = (624, 608, 628, 100, 624)
(Lstar, Lprev) = (-133.870470, -128.374307)
alpha = 0.004102
u = 0.105724
(n_test, n_int, n_ext, n_obs, n) = (624, 608, 628, 100, 624)
(Lstar, Lprev) = (-132.566191, -128.374307)
alpha = 0.015118
u = 0.388355
(n_test, n_int, n_ext, n_obs, n) = (624, 608, 628, 100, 624)
(Lstar, Lprev) = (-126.848259, -128.374307)
alpha = 1.000000
u = 0.269124
ACCEPTED 69
(n_test, n_int, n_ext, n_obs, n) = (624, 608, 628, 100, 624)
(Lstar, Lprev) = (-125.785707, -126.848259)
alpha = 1.000000
u = 0.402585
ACCEPTED 70
(n_test, n_int, n_ext, n_obs, n) = (624, 608, 628, 100, 624)
(Lstar, Lprev) = (-126.054425, -125.785707)
alpha = 0.764359
u = 0.184962
ACCEPTED 71
(n_test, n_int, n_ext, n_obs, n) = (624, 608, 628, 100, 624)
(Lstar, Lprev) = (-127.536937, -126.054425)
alpha = 0.227067
u = 0.352623
(n_test, n_int, n_ext, n_obs, n) = (624, 608, 628, 100, 624)
(Lstar, Lprev) = (-128.983897, -126.054425)
alpha = 0.053425
u = 0.175477
(n_test, n_int, n_ext, n_obs, n) = (624, 608, 628, 100, 624)
(Lstar, Lprev) = (-131.624085, -126.054425)
alpha = 0.003812
u = 0.665694
(n_test, n_int, n_ext, n_obs, n) = (624, 608, 628, 100, 624)
(Lstar, Lprev) = (-126.437768, -126.054425)
alpha = 0.681579
u = 0.959736
(n_test, n_int, n_ext, n_obs, n) = (624, 608, 628, 100, 624)
(Lstar, Lprev) = (-120.312701, -126.054425)
alpha = 1.000000
u = 0.581935
ACCEPTED 72
(n_test, n_int, n_ext, n_obs, n) = (624, 608, 628, 100, 624)
(Lstar, Lprev) = (-129.951930, -120.312701)
alpha = 0.000065
u = 0.780094
(n_test, n_int, n_ext, n_obs, n) = (624, 608, 628, 100, 624)
(Lstar, Lprev) = (-125.707694, -120.312701)
alpha = 0.004539
u = 0.519626
(n_test, n_int, n_ext, n_obs, n) = (624, 608, 628, 100, 624)
(Lstar, Lprev) = (-113.589509, -120.312701)
alpha = 1.000000
u = 0.210299
ACCEPTED 73
(n_test, n_int, n_ext, n_obs, n) = (624, 608, 628, 100, 624)
(Lstar, Lprev) = (-117.468493, -113.589509)
alpha = 0.020672
u = 0.425330
(n_test, n_int, n_ext, n_obs, n) = (624, 608, 628, 100, 624)
(Lstar, Lprev) = (-117.293366, -113.589509)
alpha = 0.024628
u = 0.297304
(n_test, n_int, n_ext, n_obs, n) = (624, 608, 628, 100, 624)
(Lstar, Lprev) = (-115.005305, -113.589509)
alpha = 0.242732
u = 0.810206
(n_test, n_int, n_ext, n_obs, n) = (624, 608, 628, 100, 624)
(Lstar, Lprev) = (-115.562125, -113.589509)
alpha = 0.139092
u = 0.577968
(n_test, n_int, n_ext, n_obs, n) = (624, 608, 628, 100, 624)
(Lstar, Lprev) = (-109.041771, -113.589509)
alpha = 1.000000
u = 0.898300
ACCEPTED 74
(n_test, n_int, n_ext, n_obs, n) = (624, 608, 628, 100, 624)
(Lstar, Lprev) = (-110.320938, -109.041771)
alpha = 0.278269
u = 0.111070
ACCEPTED 75
(n_test, n_int, n_ext, n_obs, n) = (624, 608, 628, 100, 624)
(Lstar, Lprev) = (-114.594634, -110.320938)
alpha = 0.013930
u = 0.273037
(n_test, n_int, n_ext, n_obs, n) = (624, 608, 628, 100, 624)
(Lstar, Lprev) = (-118.926094, -110.320938)
alpha = 0.000183
u = 0.690442
(n_test, n_int, n_ext, n_obs, n) = (624, 608, 628, 100, 624)
(Lstar, Lprev) = (-111.396216, -110.320938)
alpha = 0.341203
u = 0.659714
(n_test, n_int, n_ext, n_obs, n) = (624, 608, 628, 100, 624)
(Lstar, Lprev) = (-111.122030, -110.320938)
alpha = 0.448839
u = 0.243559
ACCEPTED 76
(n_test, n_int, n_ext, n_obs, n) = (624, 608, 628, 100, 624)
(Lstar, Lprev) = (-113.365197, -111.122030)
alpha = 0.106122
u = 0.098421
ACCEPTED 77
(n_test, n_int, n_ext, n_obs, n) = (624, 608, 628, 100, 624)
(Lstar, Lprev) = (-123.949244, -113.365197)
alpha = 0.000025
u = 0.019462
(n_test, n_int, n_ext, n_obs, n) = (624, 608, 628, 100, 624)
(Lstar, Lprev) = (-117.328528, -113.365197)
alpha = 0.019000
u = 0.200431
(n_test, n_int, n_ext, n_obs, n) = (624, 608, 628, 100, 624)
(Lstar, Lprev) = (-118.485673, -113.365197)
alpha = 0.005973
u = 0.098060
(n_test, n_int, n_ext, n_obs, n) = (624, 608, 628, 100, 624)
(Lstar, Lprev) = (-104.714409, -113.365197)
alpha = 1.000000
u = 0.463676
ACCEPTED 78
(n_test, n_int, n_ext, n_obs, n) = (624, 608, 628, 100, 624)
(Lstar, Lprev) = (-103.396724, -104.714409)
alpha = 1.000000
u = 0.176198
ACCEPTED 79
(n_test, n_int, n_ext, n_obs, n) = (624, 608, 628, 100, 624)
(Lstar, Lprev) = (-113.071916, -103.396724)
alpha = 0.000063
u = 0.320480
(n_test, n_int, n_ext, n_obs, n) = (624, 608, 628, 100, 624)
(Lstar, Lprev) = (-107.291891, -103.396724)
alpha = 0.020340
u = 0.458988
(n_test, n_int, n_ext, n_obs, n) = (624, 608, 628, 100, 624)
(Lstar, Lprev) = (-103.592784, -103.396724)
alpha = 0.821963
u = 0.241249
ACCEPTED 80
(n_test, n_int, n_ext, n_obs, n) = (624, 608, 628, 100, 624)
(Lstar, Lprev) = (-108.215816, -103.592784)
alpha = 0.009823
u = 0.114727
(n_test, n_int, n_ext, n_obs, n) = (624, 608, 628, 100, 624)
(Lstar, Lprev) = (-101.452573, -103.592784)
alpha = 1.000000
u = 0.133143
ACCEPTED 81
(n_test, n_int, n_ext, n_obs, n) = (624, 608, 628, 100, 624)
(Lstar, Lprev) = (-101.044309, -101.452573)
alpha = 1.000000
u = 0.241762
ACCEPTED 82
(n_test, n_int, n_ext, n_obs, n) = (624, 608, 628, 100, 624)
(Lstar, Lprev) = (-106.619503, -101.044309)
alpha = 0.003791
u = 0.339216
(n_test, n_int, n_ext, n_obs, n) = (624, 608, 628, 100, 624)
(Lstar, Lprev) = (-96.078640, -101.044309)
alpha = 1.000000
u = 0.621499
ACCEPTED 83
(n_test, n_int, n_ext, n_obs, n) = (624, 608, 628, 100, 624)
(Lstar, Lprev) = (-101.964816, -96.078640)
alpha = 0.002778
u = 0.153502
(n_test, n_int, n_ext, n_obs, n) = (624, 608, 628, 100, 624)
(Lstar, Lprev) = (-97.832254, -96.078640)
alpha = 0.173147
u = 0.095179
ACCEPTED 84
(n_test, n_int, n_ext, n_obs, n) = (624, 608, 628, 100, 624)
(Lstar, Lprev) = (-108.050099, -97.832254)
alpha = 0.000037
u = 0.384809
(n_test, n_int, n_ext, n_obs, n) = (624, 608, 628, 100, 624)
(Lstar, Lprev) = (-97.831394, -97.832254)
alpha = 1.000000
u = 0.118264
ACCEPTED 85
(n_test, n_int, n_ext, n_obs, n) = (624, 608, 628, 100, 624)
(Lstar, Lprev) = (-103.586591, -97.831394)
alpha = 0.003166
u = 0.666889
(n_test, n_int, n_ext, n_obs, n) = (624, 608, 628, 100, 624)
(Lstar, Lprev) = (-96.848249, -97.831394)
alpha = 1.000000
u = 0.809432
ACCEPTED 86
(n_test, n_int, n_ext, n_obs, n) = (624, 608, 628, 100, 624)
(Lstar, Lprev) = (-99.078057, -96.848249)
alpha = 0.107549
u = 0.833154
(n_test, n_int, n_ext, n_obs, n) = (624, 608, 628, 100, 624)
(Lstar, Lprev) = (-100.728863, -96.848249)
alpha = 0.020638
u = 0.754503
(n_test, n_int, n_ext, n_obs, n) = (624, 608, 628, 100, 624)
(Lstar, Lprev) = (-104.554673, -96.848249)
alpha = 0.000450
u = 0.096710
(n_test, n_int, n_ext, n_obs, n) = (624, 608, 628, 100, 624)
(Lstar, Lprev) = (-100.679544, -96.848249)
alpha = 0.021682
u = 0.175109
(n_test, n_int, n_ext, n_obs, n) = (624, 608, 628, 100, 624)
(Lstar, Lprev) = (-100.823708, -96.848249)
alpha = 0.018771
u = 0.272528
(n_test, n_int, n_ext, n_obs, n) = (624, 608, 628, 100, 624)
(Lstar, Lprev) = (-106.250223, -96.848249)
alpha = 0.000083
u = 0.360403
(n_test, n_int, n_ext, n_obs, n) = (624, 608, 628, 100, 624)
(Lstar, Lprev) = (-97.911980, -96.848249)
alpha = 0.345166
u = 0.565762
(n_test, n_int, n_ext, n_obs, n) = (624, 608, 628, 100, 624)
(Lstar, Lprev) = (-96.882156, -96.848249)
alpha = 0.966662
u = 0.013151
ACCEPTED 87
(n_test, n_int, n_ext, n_obs, n) = (624, 608, 628, 100, 624)
(Lstar, Lprev) = (-99.976760, -96.882156)
alpha = 0.045293
u = 0.932624
(n_test, n_int, n_ext, n_obs, n) = (624, 608, 628, 100, 624)
(Lstar, Lprev) = (-96.695299, -96.882156)
alpha = 1.000000
u = 0.169328
ACCEPTED 88
(n_test, n_int, n_ext, n_obs, n) = (624, 608, 628, 100, 624)
(Lstar, Lprev) = (-99.925930, -96.695299)
alpha = 0.039533
u = 0.997777
(n_test, n_int, n_ext, n_obs, n) = (624, 608, 628, 100, 624)
(Lstar, Lprev) = (-101.031782, -96.695299)
alpha = 0.013082
u = 0.285460
(n_test, n_int, n_ext, n_obs, n) = (624, 608, 628, 100, 624)
(Lstar, Lprev) = (-98.503793, -96.695299)
alpha = 0.163901
u = 0.331044
(n_test, n_int, n_ext, n_obs, n) = (624, 608, 628, 100, 624)
(Lstar, Lprev) = (-100.459697, -96.695299)
alpha = 0.023182
u = 0.755542
(n_test, n_int, n_ext, n_obs, n) = (624, 608, 628, 100, 624)
(Lstar, Lprev) = (-101.321877, -96.695299)
alpha = 0.009788
u = 0.678232
(n_test, n_int, n_ext, n_obs, n) = (624, 608, 628, 100, 624)
(Lstar, Lprev) = (-103.357187, -96.695299)
alpha = 0.001279
u = 0.312440
(n_test, n_int, n_ext, n_obs, n) = (624, 608, 628, 100, 624)
(Lstar, Lprev) = (-103.110705, -96.695299)
alpha = 0.001636
u = 0.923915
(n_test, n_int, n_ext, n_obs, n) = (624, 608, 628, 100, 624)
(Lstar, Lprev) = (-98.131158, -96.695299)
alpha = 0.237911
u = 0.898406
(n_test, n_int, n_ext, n_obs, n) = (624, 608, 628, 100, 624)
(Lstar, Lprev) = (-102.281476, -96.695299)
alpha = 0.003749
u = 0.860847
(n_test, n_int, n_ext, n_obs, n) = (624, 608, 628, 100, 624)
(Lstar, Lprev) = (-100.228207, -96.695299)
alpha = 0.029220
u = 0.873244
(n_test, n_int, n_ext, n_obs, n) = (624, 608, 628, 100, 624)
(Lstar, Lprev) = (-92.047274, -96.695299)
alpha = 1.000000
u = 0.200147
ACCEPTED 89
(n_test, n_int, n_ext, n_obs, n) = (624, 608, 628, 100, 624)
(Lstar, Lprev) = (-99.071031, -92.047274)
alpha = 0.000890
u = 0.754235
(n_test, n_int, n_ext, n_obs, n) = (624, 608, 628, 100, 624)
(Lstar, Lprev) = (-96.538252, -92.047274)
alpha = 0.011210
u = 0.955202
(n_test, n_int, n_ext, n_obs, n) = (624, 608, 628, 100, 624)
(Lstar, Lprev) = (-93.926148, -92.047274)
alpha = 0.152762
u = 0.542314
(n_test, n_int, n_ext, n_obs, n) = (624, 608, 628, 100, 624)
(Lstar, Lprev) = (-91.602034, -92.047274)
alpha = 1.000000
u = 0.305374
ACCEPTED 90
(n_test, n_int, n_ext, n_obs, n) = (624, 608, 628, 100, 624)
(Lstar, Lprev) = (-95.938531, -91.602034)
alpha = 0.013082
u = 0.803681
(n_test, n_int, n_ext, n_obs, n) = (624, 608, 628, 100, 624)
(Lstar, Lprev) = (-99.252182, -91.602034)
alpha = 0.000476
u = 0.823529
(n_test, n_int, n_ext, n_obs, n) = (624, 608, 628, 100, 624)
(Lstar, Lprev) = (-93.229869, -91.602034)
alpha = 0.196354
u = 0.722696
(n_test, n_int, n_ext, n_obs, n) = (624, 608, 628, 100, 624)
(Lstar, Lprev) = (-100.278345, -91.602034)
alpha = 0.000171
u = 0.066900
(n_test, n_int, n_ext, n_obs, n) = (624, 608, 628, 100, 624)
(Lstar, Lprev) = (-89.851303, -91.602034)
alpha = 1.000000
u = 0.025183
ACCEPTED 91
(n_test, n_int, n_ext, n_obs, n) = (624, 608, 628, 100, 624)
(Lstar, Lprev) = (-85.544828, -89.851303)
alpha = 1.000000
u = 0.557509
ACCEPTED 92
(n_test, n_int, n_ext, n_obs, n) = (624, 608, 628, 100, 624)
(Lstar, Lprev) = (-86.599732, -85.544828)
alpha = 0.348226
u = 0.386913
(n_test, n_int, n_ext, n_obs, n) = (624, 608, 628, 100, 624)
(Lstar, Lprev) = (-87.218745, -85.544828)
alpha = 0.187511
u = 0.910349
(n_test, n_int, n_ext, n_obs, n) = (624, 608, 628, 100, 624)
(Lstar, Lprev) = (-91.451837, -85.544828)
alpha = 0.002720
u = 0.479033
(n_test, n_int, n_ext, n_obs, n) = (624, 608, 628, 100, 624)
(Lstar, Lprev) = (-84.655628, -85.544828)
alpha = 1.000000
u = 0.199566
ACCEPTED 93
(n_test, n_int, n_ext, n_obs, n) = (624, 608, 628, 100, 624)
(Lstar, Lprev) = (-85.603056, -84.655628)
alpha = 0.387737
u = 0.752457
(n_test, n_int, n_ext, n_obs, n) = (624, 608, 628, 100, 624)
(Lstar, Lprev) = (-86.460702, -84.655628)
alpha = 0.164462
u = 0.083060
ACCEPTED 94
(n_test, n_int, n_ext, n_obs, n) = (624, 608, 628, 100, 624)
(Lstar, Lprev) = (-97.357474, -86.460702)
alpha = 0.000019
u = 0.388044
(n_test, n_int, n_ext, n_obs, n) = (624, 608, 628, 100, 624)
(Lstar, Lprev) = (-91.023199, -86.460702)
alpha = 0.010436
u = 0.217919
(n_test, n_int, n_ext, n_obs, n) = (624, 608, 628, 100, 624)
(Lstar, Lprev) = (-81.315860, -86.460702)
alpha = 1.000000
u = 0.019627
ACCEPTED 95
(n_test, n_int, n_ext, n_obs, n) = (624, 608, 628, 100, 624)
(Lstar, Lprev) = (-89.228355, -81.315860)
alpha = 0.000366
u = 0.267328
(n_test, n_int, n_ext, n_obs, n) = (624, 608, 628, 100, 624)
(Lstar, Lprev) = (-83.247518, -81.315860)
alpha = 0.144908
u = 0.266769
(n_test, n_int, n_ext, n_obs, n) = (624, 608, 628, 100, 624)
(Lstar, Lprev) = (-87.762446, -81.315860)
alpha = 0.001586
u = 0.651349
(n_test, n_int, n_ext, n_obs, n) = (624, 608, 628, 100, 624)
(Lstar, Lprev) = (-93.449050, -81.315860)
alpha = 0.000005
u = 0.160960
(n_test, n_int, n_ext, n_obs, n) = (624, 608, 628, 100, 624)
(Lstar, Lprev) = (-89.114337, -81.315860)
alpha = 0.000410
u = 0.488132
(n_test, n_int, n_ext, n_obs, n) = (624, 608, 628, 100, 624)
(Lstar, Lprev) = (-89.221011, -81.315860)
alpha = 0.000369
u = 0.301884
(n_test, n_int, n_ext, n_obs, n) = (624, 608, 628, 100, 624)
(Lstar, Lprev) = (-79.666904, -81.315860)
alpha = 1.000000
u = 0.732265
ACCEPTED 96
(n_test, n_int, n_ext, n_obs, n) = (624, 608, 628, 100, 624)
(Lstar, Lprev) = (-78.094621, -79.666904)
alpha = 1.000000
u = 0.501006
ACCEPTED 97
(n_test, n_int, n_ext, n_obs, n) = (624, 608, 628, 100, 624)
(Lstar, Lprev) = (-79.488443, -78.094621)
alpha = 0.248125
u = 0.934193
(n_test, n_int, n_ext, n_obs, n) = (624, 608, 628, 100, 624)
(Lstar, Lprev) = (-82.560466, -78.094621)
alpha = 0.011495
u = 0.125407
(n_test, n_int, n_ext, n_obs, n) = (624, 608, 628, 100, 624)
(Lstar, Lprev) = (-81.388278, -78.094621)
alpha = 0.037118
u = 0.857263
(n_test, n_int, n_ext, n_obs, n) = (624, 608, 628, 100, 624)
(Lstar, Lprev) = (-79.603709, -78.094621)
alpha = 0.221111
u = 0.362260
(n_test, n_int, n_ext, n_obs, n) = (624, 608, 628, 100, 624)
(Lstar, Lprev) = (-89.861973, -78.094621)
alpha = 0.000008
u = 0.562953
(n_test, n_int, n_ext, n_obs, n) = (624, 608, 628, 100, 624)
(Lstar, Lprev) = (-85.067567, -78.094621)
alpha = 0.000937
u = 0.967592
(n_test, n_int, n_ext, n_obs, n) = (624, 608, 628, 100, 624)
(Lstar, Lprev) = (-78.648619, -78.094621)
alpha = 0.574648
u = 0.483648
ACCEPTED 98
(n_test, n_int, n_ext, n_obs, n) = (624, 608, 628, 100, 624)
(Lstar, Lprev) = (-84.556717, -78.648619)
alpha = 0.002717
u = 0.070408
(n_test, n_int, n_ext, n_obs, n) = (624, 608, 628, 100, 624)
(Lstar, Lprev) = (-79.443518, -78.648619)
alpha = 0.451627
u = 0.765082
(n_test, n_int, n_ext, n_obs, n) = (624, 608, 628, 100, 624)
(Lstar, Lprev) = (-85.217169, -78.648619)
alpha = 0.001404
u = 0.892983
(n_test, n_int, n_ext, n_obs, n) = (624, 608, 628, 100, 624)
(Lstar, Lprev) = (-75.468134, -78.648619)
alpha = 1.000000
u = 0.920496
ACCEPTED 99
(n_test, n_int, n_ext, n_obs, n) = (624, 608, 628, 100, 624)
(Lstar, Lprev) = (-71.843105, -75.468134)
alpha = 1.000000
u = 0.537554
ACCEPTED 100
(n_test, n_int, n_ext, n_obs, n) = (624, 608, 628, 100, 624)
(Lstar, Lprev) = (-75.204955, -71.843105)
alpha = 0.034671
u = 0.873876
(n_test, n_int, n_ext, n_obs, n) = (624, 608, 628, 100, 624)
(Lstar, Lprev) = (-79.468925, -71.843105)
alpha = 0.000488
u = 0.505311
(n_test, n_int, n_ext, n_obs, n) = (624, 608, 628, 100, 624)
(Lstar, Lprev) = (-76.132861, -71.843105)
alpha = 0.013708
u = 0.528755
(n_test, n_int, n_ext, n_obs, n) = (624, 608, 628, 100, 624)
(Lstar, Lprev) = (-76.333807, -71.843105)
alpha = 0.011213
u = 0.006767
ACCEPTED 101
(n_test, n_int, n_ext, n_obs, n) = (624, 608, 628, 100, 624)
(Lstar, Lprev) = (-79.129705, -76.333807)
alpha = 0.061060
u = 0.680349
(n_test, n_int, n_ext, n_obs, n) = (624, 608, 628, 100, 624)
(Lstar, Lprev) = (-75.059574, -76.333807)
alpha = 1.000000
u = 0.703360
ACCEPTED 102
(n_test, n_int, n_ext, n_obs, n) = (624, 608, 628, 100, 624)
(Lstar, Lprev) = (-78.500746, -75.059574)
alpha = 0.032027
u = 0.640685
(n_test, n_int, n_ext, n_obs, n) = (624, 608, 628, 100, 624)
(Lstar, Lprev) = (-76.342985, -75.059574)
alpha = 0.277090
u = 0.782641
(n_test, n_int, n_ext, n_obs, n) = (624, 608, 628, 100, 624)
(Lstar, Lprev) = (-74.996707, -75.059574)
alpha = 1.000000
u = 0.332210
ACCEPTED 103
(n_test, n_int, n_ext, n_obs, n) = (624, 608, 628, 100, 624)
(Lstar, Lprev) = (-79.892052, -74.996707)
alpha = 0.007481
u = 0.008315
(n_test, n_int, n_ext, n_obs, n) = (624, 608, 628, 100, 624)
(Lstar, Lprev) = (-74.878409, -74.996707)
alpha = 1.000000
u = 0.164815
ACCEPTED 104
(n_test, n_int, n_ext, n_obs, n) = (624, 608, 628, 100, 624)
(Lstar, Lprev) = (-77.465303, -74.878409)
alpha = 0.075253
u = 0.400440
(n_test, n_int, n_ext, n_obs, n) = (624, 608, 628, 100, 624)
(Lstar, Lprev) = (-74.671184, -74.878409)
alpha = 1.000000
u = 0.482304
ACCEPTED 105
(n_test, n_int, n_ext, n_obs, n) = (624, 608, 628, 100, 624)
(Lstar, Lprev) = (-74.861179, -74.671184)
alpha = 0.826963
u = 0.066705
ACCEPTED 106
(n_test, n_int, n_ext, n_obs, n) = (624, 608, 628, 100, 624)
(Lstar, Lprev) = (-76.661247, -74.861179)
alpha = 0.165288
u = 0.422894
(n_test, n_int, n_ext, n_obs, n) = (624, 608, 628, 100, 624)
(Lstar, Lprev) = (-75.807007, -74.861179)
alpha = 0.388358
u = 0.613199
(n_test, n_int, n_ext, n_obs, n) = (624, 608, 628, 100, 624)
(Lstar, Lprev) = (-75.173023, -74.861179)
alpha = 0.732096
u = 0.316980
ACCEPTED 107
(n_test, n_int, n_ext, n_obs, n) = (624, 608, 628, 100, 624)
(Lstar, Lprev) = (-81.448631, -75.173023)
alpha = 0.001882
u = 0.839691
(n_test, n_int, n_ext, n_obs, n) = (624, 608, 628, 100, 624)
(Lstar, Lprev) = (-74.832551, -75.173023)
alpha = 1.000000
u = 0.115181
ACCEPTED 108
(n_test, n_int, n_ext, n_obs, n) = (624, 608, 628, 100, 624)
(Lstar, Lprev) = (-80.149889, -74.832551)
alpha = 0.004906
u = 0.643584
(n_test, n_int, n_ext, n_obs, n) = (624, 608, 628, 100, 624)
(Lstar, Lprev) = (-76.546101, -74.832551)
alpha = 0.180225
u = 0.293806
(n_test, n_int, n_ext, n_obs, n) = (624, 608, 628, 100, 624)
(Lstar, Lprev) = (-83.883688, -74.832551)
alpha = 0.000117
u = 0.693653
(n_test, n_int, n_ext, n_obs, n) = (624, 608, 628, 100, 624)
(Lstar, Lprev) = (-75.903909, -74.832551)
alpha = 0.342543
u = 0.740353
(n_test, n_int, n_ext, n_obs, n) = (624, 608, 628, 100, 624)
(Lstar, Lprev) = (-82.342595, -74.832551)
alpha = 0.000548
u = 0.046192
(n_test, n_int, n_ext, n_obs, n) = (624, 608, 628, 100, 624)
(Lstar, Lprev) = (-77.515668, -74.832551)
alpha = 0.068350
u = 0.575785
(n_test, n_int, n_ext, n_obs, n) = (624, 608, 628, 100, 624)
(Lstar, Lprev) = (-85.486581, -74.832551)
alpha = 0.000024
u = 0.447040
(n_test, n_int, n_ext, n_obs, n) = (624, 608, 628, 100, 624)
(Lstar, Lprev) = (-79.212652, -74.832551)
alpha = 0.012524
u = 0.419791
(n_test, n_int, n_ext, n_obs, n) = (624, 608, 628, 100, 624)
(Lstar, Lprev) = (-80.147437, -74.832551)
alpha = 0.004918
u = 0.777367
(n_test, n_int, n_ext, n_obs, n) = (624, 608, 628, 100, 624)
(Lstar, Lprev) = (-71.641696, -74.832551)
alpha = 1.000000
u = 0.537895
ACCEPTED 109
(n_test, n_int, n_ext, n_obs, n) = (624, 608, 628, 100, 624)
(Lstar, Lprev) = (-69.457728, -71.641696)
alpha = 1.000000
u = 0.213078
ACCEPTED 110
(n_test, n_int, n_ext, n_obs, n) = (624, 608, 628, 100, 624)
(Lstar, Lprev) = (-74.379681, -69.457728)
alpha = 0.007285
u = 0.259027
(n_test, n_int, n_ext, n_obs, n) = (624, 608, 628, 100, 624)
(Lstar, Lprev) = (-75.825927, -69.457728)
alpha = 0.001715
u = 0.235932
(n_test, n_int, n_ext, n_obs, n) = (624, 608, 628, 100, 624)
(Lstar, Lprev) = (-72.906719, -69.457728)
alpha = 0.031778
u = 0.222556
(n_test, n_int, n_ext, n_obs, n) = (624, 608, 628, 100, 624)
(Lstar, Lprev) = (-70.447083, -69.457728)
alpha = 0.371816
u = 0.900085
(n_test, n_int, n_ext, n_obs, n) = (624, 608, 628, 100, 624)
(Lstar, Lprev) = (-70.513229, -69.457728)
alpha = 0.348018
u = 0.181525
ACCEPTED 111
(n_test, n_int, n_ext, n_obs, n) = (624, 608, 628, 100, 624)
(Lstar, Lprev) = (-78.388412, -70.513229)
alpha = 0.000380
u = 0.774772
(n_test, n_int, n_ext, n_obs, n) = (624, 608, 628, 100, 624)
(Lstar, Lprev) = (-72.056032, -70.513229)
alpha = 0.213781
u = 0.350217
(n_test, n_int, n_ext, n_obs, n) = (624, 608, 628, 100, 624)
(Lstar, Lprev) = (-75.356791, -70.513229)
alpha = 0.007879
u = 0.051835
(n_test, n_int, n_ext, n_obs, n) = (624, 608, 628, 100, 624)
(Lstar, Lprev) = (-74.396661, -70.513229)
alpha = 0.020580
u = 0.904503
(n_test, n_int, n_ext, n_obs, n) = (624, 608, 628, 100, 624)
(Lstar, Lprev) = (-75.506391, -70.513229)
alpha = 0.006784
u = 0.383417
(n_test, n_int, n_ext, n_obs, n) = (624, 608, 628, 100, 624)
(Lstar, Lprev) = (-75.849465, -70.513229)
alpha = 0.004814
u = 0.169228
(n_test, n_int, n_ext, n_obs, n) = (624, 608, 628, 100, 624)
(Lstar, Lprev) = (-76.709142, -70.513229)
alpha = 0.002038
u = 0.188898
(n_test, n_int, n_ext, n_obs, n) = (624, 608, 628, 100, 624)
(Lstar, Lprev) = (-91.961782, -70.513229)
alpha = 0.000000
u = 0.898116
(n_test, n_int, n_ext, n_obs, n) = (624, 608, 628, 100, 624)
(Lstar, Lprev) = (-70.384910, -70.513229)
alpha = 1.000000
u = 0.816615
ACCEPTED 112
(n_test, n_int, n_ext, n_obs, n) = (624, 608, 628, 100, 624)
(Lstar, Lprev) = (-73.012209, -70.384910)
alpha = 0.072273
u = 0.889894
(n_test, n_int, n_ext, n_obs, n) = (624, 608, 628, 100, 624)
(Lstar, Lprev) = (-71.002084, -70.384910)
alpha = 0.539467
u = 0.314009
ACCEPTED 113
(n_test, n_int, n_ext, n_obs, n) = (624, 608, 628, 100, 624)
(Lstar, Lprev) = (-72.343912, -71.002084)
alpha = 0.261367
u = 0.027946
ACCEPTED 114
(n_test, n_int, n_ext, n_obs, n) = (624, 608, 628, 100, 624)
(Lstar, Lprev) = (-80.204312, -72.343912)
alpha = 0.000386
u = 0.368286
(n_test, n_int, n_ext, n_obs, n) = (624, 608, 628, 100, 624)
(Lstar, Lprev) = (-76.568880, -72.343912)
alpha = 0.014626
u = 0.658303
(n_test, n_int, n_ext, n_obs, n) = (624, 608, 628, 100, 624)
(Lstar, Lprev) = (-74.702514, -72.343912)
alpha = 0.094552
u = 0.151868
(n_test, n_int, n_ext, n_obs, n) = (624, 608, 628, 100, 624)
(Lstar, Lprev) = (-75.489449, -72.343912)
alpha = 0.043044
u = 0.858144
(n_test, n_int, n_ext, n_obs, n) = (624, 608, 628, 100, 624)
(Lstar, Lprev) = (-74.447817, -72.343912)
alpha = 0.121979
u = 0.678838
(n_test, n_int, n_ext, n_obs, n) = (624, 608, 628, 100, 624)
(Lstar, Lprev) = (-78.452801, -72.343912)
alpha = 0.002223
u = 0.097186
(n_test, n_int, n_ext, n_obs, n) = (624, 608, 628, 100, 624)
(Lstar, Lprev) = (-68.305254, -72.343912)
alpha = 1.000000
u = 0.694167
ACCEPTED 115
(n_test, n_int, n_ext, n_obs, n) = (624, 608, 628, 100, 624)
(Lstar, Lprev) = (-70.196641, -68.305254)
alpha = 0.150862
u = 0.053066
ACCEPTED 116
(n_test, n_int, n_ext, n_obs, n) = (624, 608, 628, 100, 624)
(Lstar, Lprev) = (-72.588883, -70.196641)
alpha = 0.091424
u = 0.832499
(n_test, n_int, n_ext, n_obs, n) = (624, 608, 628, 100, 624)
(Lstar, Lprev) = (-69.542133, -70.196641)
alpha = 1.000000
u = 0.685623
ACCEPTED 117
(n_test, n_int, n_ext, n_obs, n) = (624, 608, 628, 100, 624)
(Lstar, Lprev) = (-71.651701, -69.542133)
alpha = 0.121290
u = 0.398022
(n_test, n_int, n_ext, n_obs, n) = (624, 608, 628, 100, 624)
(Lstar, Lprev) = (-71.668255, -69.542133)
alpha = 0.119299
u = 0.494872
(n_test, n_int, n_ext, n_obs, n) = (624, 608, 628, 100, 624)
(Lstar, Lprev) = (-66.668101, -69.542133)
alpha = 1.000000
u = 0.828463
ACCEPTED 118
(n_test, n_int, n_ext, n_obs, n) = (624, 608, 628, 100, 624)
(Lstar, Lprev) = (-65.459402, -66.668101)
alpha = 1.000000
u = 0.761102
ACCEPTED 119
(n_test, n_int, n_ext, n_obs, n) = (624, 608, 628, 100, 624)
(Lstar, Lprev) = (-65.327218, -65.459402)
alpha = 1.000000
u = 0.909953
ACCEPTED 120
(n_test, n_int, n_ext, n_obs, n) = (624, 608, 628, 100, 624)
(Lstar, Lprev) = (-65.507479, -65.327218)
alpha = 0.835052
u = 0.556307
ACCEPTED 121
(n_test, n_int, n_ext, n_obs, n) = (624, 608, 628, 100, 624)
(Lstar, Lprev) = (-64.288578, -65.507479)
alpha = 1.000000
u = 0.052806
ACCEPTED 122
(n_test, n_int, n_ext, n_obs, n) = (624, 608, 628, 100, 624)
(Lstar, Lprev) = (-67.209613, -64.288578)
alpha = 0.053878
u = 0.540871
(n_test, n_int, n_ext, n_obs, n) = (624, 608, 628, 100, 624)
(Lstar, Lprev) = (-62.498860, -64.288578)
alpha = 1.000000
u = 0.648920
ACCEPTED 123
(n_test, n_int, n_ext, n_obs, n) = (624, 608, 628, 100, 624)
(Lstar, Lprev) = (-63.984502, -62.498860)
alpha = 0.226357
u = 0.574567
(n_test, n_int, n_ext, n_obs, n) = (624, 608, 628, 100, 624)
(Lstar, Lprev) = (-63.477264, -62.498860)
alpha = 0.375911
u = 0.185065
ACCEPTED 124
(n_test, n_int, n_ext, n_obs, n) = (624, 608, 628, 100, 624)
(Lstar, Lprev) = (-64.019438, -63.477264)
alpha = 0.581483
u = 0.104047
ACCEPTED 125
(n_test, n_int, n_ext, n_obs, n) = (624, 608, 628, 100, 624)
(Lstar, Lprev) = (-70.946450, -64.019438)
alpha = 0.000981
u = 0.508705
(n_test, n_int, n_ext, n_obs, n) = (624, 608, 628, 100, 624)
(Lstar, Lprev) = (-73.251769, -64.019438)
alpha = 0.000098
u = 0.250011
(n_test, n_int, n_ext, n_obs, n) = (624, 608, 628, 100, 624)
(Lstar, Lprev) = (-69.959079, -64.019438)
alpha = 0.002633
u = 0.121963
(n_test, n_int, n_ext, n_obs, n) = (624, 608, 628, 100, 624)
(Lstar, Lprev) = (-64.923375, -64.019438)
alpha = 0.404972
u = 0.517155
(n_test, n_int, n_ext, n_obs, n) = (624, 608, 628, 100, 624)
(Lstar, Lprev) = (-64.976538, -64.019438)
alpha = 0.384005
u = 0.567792
(n_test, n_int, n_ext, n_obs, n) = (624, 608, 628, 100, 624)
(Lstar, Lprev) = (-66.997281, -64.019438)
alpha = 0.050902
u = 0.608788
(n_test, n_int, n_ext, n_obs, n) = (624, 608, 628, 100, 624)
(Lstar, Lprev) = (-65.597506, -64.019438)
alpha = 0.206373
u = 0.114537
ACCEPTED 126
(n_test, n_int, n_ext, n_obs, n) = (624, 608, 628, 100, 624)
(Lstar, Lprev) = (-68.291852, -65.597506)
alpha = 0.067587
u = 0.741225
(n_test, n_int, n_ext, n_obs, n) = (624, 608, 628, 100, 624)
(Lstar, Lprev) = (-69.969251, -65.597506)
alpha = 0.012629
u = 0.403264
(n_test, n_int, n_ext, n_obs, n) = (624, 608, 628, 100, 624)
(Lstar, Lprev) = (-71.416757, -65.597506)
alpha = 0.002970
u = 0.049535
(n_test, n_int, n_ext, n_obs, n) = (624, 608, 628, 100, 624)
(Lstar, Lprev) = (-65.290772, -65.597506)
alpha = 1.000000
u = 0.662266
ACCEPTED 127
(n_test, n_int, n_ext, n_obs, n) = (624, 608, 628, 100, 624)
(Lstar, Lprev) = (-69.380548, -65.290772)
alpha = 0.016743
u = 0.198502
(n_test, n_int, n_ext, n_obs, n) = (624, 608, 628, 100, 624)
(Lstar, Lprev) = (-67.616661, -65.290772)
alpha = 0.097697
u = 0.520042
(n_test, n_int, n_ext, n_obs, n) = (624, 608, 628, 100, 624)
(Lstar, Lprev) = (-70.547261, -65.290772)
alpha = 0.005214
u = 0.050671
(n_test, n_int, n_ext, n_obs, n) = (624, 608, 628, 100, 624)
(Lstar, Lprev) = (-73.564031, -65.290772)
alpha = 0.000255
u = 0.403807
(n_test, n_int, n_ext, n_obs, n) = (624, 608, 628, 100, 624)
(Lstar, Lprev) = (-71.742681, -65.290772)
alpha = 0.001578
u = 0.299811
(n_test, n_int, n_ext, n_obs, n) = (624, 608, 628, 100, 624)
(Lstar, Lprev) = (-69.409914, -65.290772)
alpha = 0.016258
u = 0.935974
(n_test, n_int, n_ext, n_obs, n) = (624, 608, 628, 100, 624)
(Lstar, Lprev) = (-61.938443, -65.290772)
alpha = 1.000000
u = 0.717860
ACCEPTED 128
(n_test, n_int, n_ext, n_obs, n) = (624, 608, 628, 100, 624)
(Lstar, Lprev) = (-62.462017, -61.938443)
alpha = 0.592399
u = 0.404761
ACCEPTED 129
(n_test, n_int, n_ext, n_obs, n) = (624, 608, 628, 100, 624)
(Lstar, Lprev) = (-62.068129, -62.462017)
alpha = 1.000000
u = 0.386844
ACCEPTED 130
(n_test, n_int, n_ext, n_obs, n) = (624, 608, 628, 100, 624)
(Lstar, Lprev) = (-69.962143, -62.068129)
alpha = 0.000373
u = 0.993592
(n_test, n_int, n_ext, n_obs, n) = (624, 608, 628, 100, 624)
(Lstar, Lprev) = (-68.278487, -62.068129)
alpha = 0.002009
u = 0.076596
(n_test, n_int, n_ext, n_obs, n) = (624, 608, 628, 100, 624)
(Lstar, Lprev) = (-62.301777, -62.068129)
alpha = 0.791640
u = 0.770845
ACCEPTED 131
(n_test, n_int, n_ext, n_obs, n) = (624, 608, 628, 100, 624)
(Lstar, Lprev) = (-65.833410, -62.301777)
alpha = 0.029257
u = 0.019306
ACCEPTED 132
(n_test, n_int, n_ext, n_obs, n) = (624, 608, 628, 100, 624)
(Lstar, Lprev) = (-70.296720, -65.833410)
alpha = 0.011524
u = 0.026240
(n_test, n_int, n_ext, n_obs, n) = (624, 608, 628, 100, 624)
(Lstar, Lprev) = (-71.755888, -65.833410)
alpha = 0.002679
u = 0.658513
(n_test, n_int, n_ext, n_obs, n) = (624, 608, 628, 100, 624)
(Lstar, Lprev) = (-68.940841, -65.833410)
alpha = 0.044716
u = 0.399671
(n_test, n_int, n_ext, n_obs, n) = (624, 608, 628, 100, 624)
(Lstar, Lprev) = (-62.837714, -65.833410)
alpha = 1.000000
u = 0.206659
ACCEPTED 133
(n_test, n_int, n_ext, n_obs, n) = (624, 608, 628, 100, 624)
(Lstar, Lprev) = (-66.384916, -62.837714)
alpha = 0.028805
u = 0.975602
(n_test, n_int, n_ext, n_obs, n) = (624, 608, 628, 100, 624)
(Lstar, Lprev) = (-64.005438, -62.837714)
alpha = 0.311074
u = 0.437162
(n_test, n_int, n_ext, n_obs, n) = (624, 608, 628, 100, 624)
(Lstar, Lprev) = (-70.808608, -62.837714)
alpha = 0.000345
u = 0.494262
(n_test, n_int, n_ext, n_obs, n) = (624, 608, 628, 100, 624)
(Lstar, Lprev) = (-61.214013, -62.837714)
alpha = 1.000000
u = 0.813676
ACCEPTED 134
(n_test, n_int, n_ext, n_obs, n) = (624, 608, 628, 100, 624)
(Lstar, Lprev) = (-60.692413, -61.214013)
alpha = 1.000000
u = 0.289380
ACCEPTED 135
(n_test, n_int, n_ext, n_obs, n) = (624, 608, 628, 100, 624)
(Lstar, Lprev) = (-68.394072, -60.692413)
alpha = 0.000452
u = 0.366009
(n_test, n_int, n_ext, n_obs, n) = (624, 608, 628, 100, 624)
(Lstar, Lprev) = (-66.065403, -60.692413)
alpha = 0.004640
u = 0.487965
(n_test, n_int, n_ext, n_obs, n) = (624, 608, 628, 100, 624)
(Lstar, Lprev) = (-69.105772, -60.692413)
alpha = 0.000222
u = 0.334090
(n_test, n_int, n_ext, n_obs, n) = (624, 608, 628, 100, 624)
(Lstar, Lprev) = (-62.079786, -60.692413)
alpha = 0.249731
u = 0.145461
ACCEPTED 136
(n_test, n_int, n_ext, n_obs, n) = (624, 608, 628, 100, 624)
(Lstar, Lprev) = (-63.179574, -62.079786)
alpha = 0.332942
u = 0.636091
(n_test, n_int, n_ext, n_obs, n) = (624, 608, 628, 100, 624)
(Lstar, Lprev) = (-67.848595, -62.079786)
alpha = 0.003123
u = 0.341880
(n_test, n_int, n_ext, n_obs, n) = (624, 608, 628, 100, 624)
(Lstar, Lprev) = (-64.643394, -62.079786)
alpha = 0.077026
u = 0.419464
(n_test, n_int, n_ext, n_obs, n) = (624, 608, 628, 100, 624)
(Lstar, Lprev) = (-70.355893, -62.079786)
alpha = 0.000255
u = 0.782334
(n_test, n_int, n_ext, n_obs, n) = (624, 608, 628, 100, 624)
(Lstar, Lprev) = (-64.572729, -62.079786)
alpha = 0.082666
u = 0.330293
(n_test, n_int, n_ext, n_obs, n) = (624, 608, 628, 100, 624)
(Lstar, Lprev) = (-67.408260, -62.079786)
alpha = 0.004851
u = 0.358525
(n_test, n_int, n_ext, n_obs, n) = (624, 608, 628, 100, 624)
(Lstar, Lprev) = (-65.319745, -62.079786)
alpha = 0.039166
u = 0.054592
(n_test, n_int, n_ext, n_obs, n) = (624, 608, 628, 100, 624)
(Lstar, Lprev) = (-63.986071, -62.079786)
alpha = 0.148632
u = 0.015447
ACCEPTED 137
(n_test, n_int, n_ext, n_obs, n) = (624, 608, 628, 100, 624)
(Lstar, Lprev) = (-70.870632, -63.986071)
alpha = 0.001023
u = 0.722720
(n_test, n_int, n_ext, n_obs, n) = (624, 608, 628, 100, 624)
(Lstar, Lprev) = (-73.037471, -63.986071)
alpha = 0.000117
u = 0.524852
(n_test, n_int, n_ext, n_obs, n) = (624, 608, 628, 100, 624)
(Lstar, Lprev) = (-72.642550, -63.986071)
alpha = 0.000174
u = 0.601407
(n_test, n_int, n_ext, n_obs, n) = (624, 608, 628, 100, 624)
(Lstar, Lprev) = (-65.626960, -63.986071)
alpha = 0.193808
u = 0.337216
(n_test, n_int, n_ext, n_obs, n) = (624, 608, 628, 100, 624)
(Lstar, Lprev) = (-73.557114, -63.986071)
alpha = 0.000070
u = 0.426062
(n_test, n_int, n_ext, n_obs, n) = (624, 608, 628, 100, 624)
(Lstar, Lprev) = (-63.947363, -63.986071)
alpha = 1.000000
u = 0.221600
ACCEPTED 138
(n_test, n_int, n_ext, n_obs, n) = (624, 608, 628, 100, 624)
(Lstar, Lprev) = (-63.834738, -63.947363)
alpha = 1.000000
u = 0.859141
ACCEPTED 139
(n_test, n_int, n_ext, n_obs, n) = (624, 608, 628, 100, 624)
(Lstar, Lprev) = (-73.233757, -63.834738)
alpha = 0.000083
u = 0.609940
(n_test, n_int, n_ext, n_obs, n) = (624, 608, 628, 100, 624)
(Lstar, Lprev) = (-69.869213, -63.834738)
alpha = 0.002395
u = 0.752637
(n_test, n_int, n_ext, n_obs, n) = (624, 608, 628, 100, 624)
(Lstar, Lprev) = (-68.358867, -63.834738)
alpha = 0.010844
u = 0.841531
(n_test, n_int, n_ext, n_obs, n) = (624, 608, 628, 100, 624)
(Lstar, Lprev) = (-70.494760, -63.834738)
alpha = 0.001281
u = 0.040589
(n_test, n_int, n_ext, n_obs, n) = (624, 608, 628, 100, 624)
(Lstar, Lprev) = (-68.781561, -63.834738)
alpha = 0.007106
u = 0.112993
(n_test, n_int, n_ext, n_obs, n) = (624, 608, 628, 100, 624)
(Lstar, Lprev) = (-65.553035, -63.834738)
alpha = 0.179371
u = 0.697667
(n_test, n_int, n_ext, n_obs, n) = (624, 608, 628, 100, 624)
(Lstar, Lprev) = (-69.464104, -63.834738)
alpha = 0.003591
u = 0.943641
(n_test, n_int, n_ext, n_obs, n) = (624, 608, 628, 100, 624)
(Lstar, Lprev) = (-64.924923, -63.834738)
alpha = 0.336154
u = 0.600355
(n_test, n_int, n_ext, n_obs, n) = (624, 608, 628, 100, 624)
(Lstar, Lprev) = (-74.847730, -63.834738)
alpha = 0.000016
u = 0.524279
(n_test, n_int, n_ext, n_obs, n) = (624, 608, 628, 100, 624)
(Lstar, Lprev) = (-75.912786, -63.834738)
alpha = 0.000006
u = 0.037222
(n_test, n_int, n_ext, n_obs, n) = (624, 608, 628, 100, 624)
(Lstar, Lprev) = (-66.797275, -63.834738)
alpha = 0.051688
u = 0.351852
(n_test, n_int, n_ext, n_obs, n) = (624, 608, 628, 100, 624)
(Lstar, Lprev) = (-67.662700, -63.834738)
alpha = 0.021754
u = 0.574571
(n_test, n_int, n_ext, n_obs, n) = (624, 608, 628, 100, 624)
(Lstar, Lprev) = (-65.751756, -63.834738)
alpha = 0.147045
u = 0.087616
ACCEPTED 140
(n_test, n_int, n_ext, n_obs, n) = (624, 608, 628, 100, 624)
(Lstar, Lprev) = (-73.909754, -65.751756)
alpha = 0.000286
u = 0.714034
(n_test, n_int, n_ext, n_obs, n) = (624, 608, 628, 100, 624)
(Lstar, Lprev) = (-66.062305, -65.751756)
alpha = 0.733044
u = 0.457250
ACCEPTED 141
(n_test, n_int, n_ext, n_obs, n) = (624, 608, 628, 100, 624)
(Lstar, Lprev) = (-68.454441, -66.062305)
alpha = 0.091434
u = 0.340971
(n_test, n_int, n_ext, n_obs, n) = (624, 608, 628, 100, 624)
(Lstar, Lprev) = (-81.701760, -66.062305)
alpha = 0.000000
u = 0.335468
(n_test, n_int, n_ext, n_obs, n) = (624, 608, 628, 100, 624)
(Lstar, Lprev) = (-73.427937, -66.062305)
alpha = 0.000633
u = 0.392328
(n_test, n_int, n_ext, n_obs, n) = (624, 608, 628, 100, 624)
(Lstar, Lprev) = (-71.721937, -66.062305)
alpha = 0.003484
u = 0.792619
(n_test, n_int, n_ext, n_obs, n) = (624, 608, 628, 100, 624)
(Lstar, Lprev) = (-72.312809, -66.062305)
alpha = 0.001929
u = 0.101003
(n_test, n_int, n_ext, n_obs, n) = (624, 608, 628, 100, 624)
(Lstar, Lprev) = (-70.073060, -66.062305)
alpha = 0.018120
u = 0.067778
(n_test, n_int, n_ext, n_obs, n) = (624, 608, 628, 100, 624)
(Lstar, Lprev) = (-71.890997, -66.062305)
alpha = 0.002942
u = 0.244900
(n_test, n_int, n_ext, n_obs, n) = (624, 608, 628, 100, 624)
(Lstar, Lprev) = (-62.825915, -66.062305)
alpha = 1.000000
u = 0.080319
ACCEPTED 142
(n_test, n_int, n_ext, n_obs, n) = (624, 608, 628, 100, 624)
(Lstar, Lprev) = (-64.839296, -62.825915)
alpha = 0.133536
u = 0.683567
(n_test, n_int, n_ext, n_obs, n) = (624, 608, 628, 100, 624)
(Lstar, Lprev) = (-67.259629, -62.825915)
alpha = 0.011870
u = 0.575552
(n_test, n_int, n_ext, n_obs, n) = (624, 608, 628, 100, 624)
(Lstar, Lprev) = (-70.273432, -62.825915)
alpha = 0.000583
u = 0.855221
(n_test, n_int, n_ext, n_obs, n) = (624, 608, 628, 100, 624)
(Lstar, Lprev) = (-66.896926, -62.825915)
alpha = 0.017060
u = 0.862224
(n_test, n_int, n_ext, n_obs, n) = (624, 608, 628, 100, 624)
(Lstar, Lprev) = (-61.219524, -62.825915)
alpha = 1.000000
u = 0.356563
ACCEPTED 143
(n_test, n_int, n_ext, n_obs, n) = (624, 608, 628, 100, 624)
(Lstar, Lprev) = (-64.469993, -61.219524)
alpha = 0.038756
u = 0.025171
ACCEPTED 144
(n_test, n_int, n_ext, n_obs, n) = (624, 608, 628, 100, 624)
(Lstar, Lprev) = (-65.618846, -64.469993)
alpha = 0.317000
u = 0.821271
(n_test, n_int, n_ext, n_obs, n) = (624, 608, 628, 100, 624)
(Lstar, Lprev) = (-70.198120, -64.469993)
alpha = 0.003253
u = 0.837410
(n_test, n_int, n_ext, n_obs, n) = (624, 608, 628, 100, 624)
(Lstar, Lprev) = (-66.205206, -64.469993)
alpha = 0.176363
u = 0.886152
(n_test, n_int, n_ext, n_obs, n) = (624, 608, 628, 100, 624)
(Lstar, Lprev) = (-58.969646, -64.469993)
alpha = 1.000000
u = 0.094585
ACCEPTED 145
(n_test, n_int, n_ext, n_obs, n) = (624, 608, 628, 100, 624)
(Lstar, Lprev) = (-62.051817, -58.969646)
alpha = 0.045860
u = 0.967903
(n_test, n_int, n_ext, n_obs, n) = (624, 608, 628, 100, 624)
(Lstar, Lprev) = (-59.553546, -58.969646)
alpha = 0.557719
u = 0.889023
(n_test, n_int, n_ext, n_obs, n) = (624, 608, 628, 100, 624)
(Lstar, Lprev) = (-61.822423, -58.969646)
alpha = 0.057684
u = 0.001557
ACCEPTED 146
(n_test, n_int, n_ext, n_obs, n) = (624, 608, 628, 100, 624)
(Lstar, Lprev) = (-58.584035, -61.822423)
alpha = 1.000000
u = 0.926619
ACCEPTED 147
(n_test, n_int, n_ext, n_obs, n) = (624, 608, 628, 100, 624)
(Lstar, Lprev) = (-63.859757, -58.584035)
alpha = 0.005114
u = 0.452263
(n_test, n_int, n_ext, n_obs, n) = (624, 608, 628, 100, 624)
(Lstar, Lprev) = (-63.983376, -58.584035)
alpha = 0.004520
u = 0.113514
(n_test, n_int, n_ext, n_obs, n) = (624, 608, 628, 100, 624)
(Lstar, Lprev) = (-68.450277, -58.584035)
alpha = 0.000052
u = 0.850107
(n_test, n_int, n_ext, n_obs, n) = (624, 608, 628, 100, 624)
(Lstar, Lprev) = (-59.435061, -58.584035)
alpha = 0.426977
u = 0.917860
(n_test, n_int, n_ext, n_obs, n) = (624, 608, 628, 100, 624)
(Lstar, Lprev) = (-63.937392, -58.584035)
alpha = 0.004732
u = 0.099457
(n_test, n_int, n_ext, n_obs, n) = (624, 608, 628, 100, 624)
(Lstar, Lprev) = (-66.500978, -58.584035)
alpha = 0.000365
u = 0.532315
(n_test, n_int, n_ext, n_obs, n) = (624, 608, 628, 100, 624)
(Lstar, Lprev) = (-58.803436, -58.584035)
alpha = 0.802999
u = 0.382725
ACCEPTED 148
(n_test, n_int, n_ext, n_obs, n) = (624, 608, 628, 100, 624)
(Lstar, Lprev) = (-57.907705, -58.803436)
alpha = 1.000000
u = 0.404108
ACCEPTED 149
(n_test, n_int, n_ext, n_obs, n) = (624, 608, 628, 100, 624)
(Lstar, Lprev) = (-69.959148, -57.907705)
alpha = 0.000006
u = 0.665345
(n_test, n_int, n_ext, n_obs, n) = (624, 608, 628, 100, 624)
(Lstar, Lprev) = (-64.621184, -57.907705)
alpha = 0.001214
u = 0.483653
(n_test, n_int, n_ext, n_obs, n) = (624, 608, 628, 100, 624)
(Lstar, Lprev) = (-62.898342, -57.907705)
alpha = 0.006801
u = 0.227940
(n_test, n_int, n_ext, n_obs, n) = (624, 608, 628, 100, 624)
(Lstar, Lprev) = (-59.250392, -57.907705)
alpha = 0.261143
u = 0.452936
(n_test, n_int, n_ext, n_obs, n) = (624, 608, 628, 100, 624)
(Lstar, Lprev) = (-64.859801, -57.907705)
alpha = 0.000957
u = 0.198524
(n_test, n_int, n_ext, n_obs, n) = (624, 608, 628, 100, 624)
(Lstar, Lprev) = (-61.445364, -57.907705)
alpha = 0.029081
u = 0.429476
(n_test, n_int, n_ext, n_obs, n) = (624, 608, 628, 100, 624)
(Lstar, Lprev) = (-67.114099, -57.907705)
alpha = 0.000100
u = 0.055518
(n_test, n_int, n_ext, n_obs, n) = (624, 608, 628, 100, 624)
(Lstar, Lprev) = (-62.648181, -57.907705)
alpha = 0.008734
u = 0.320942
(n_test, n_int, n_ext, n_obs, n) = (624, 608, 628, 100, 624)
(Lstar, Lprev) = (-59.850015, -57.907705)
alpha = 0.143372
u = 0.091885
ACCEPTED 150
(n_test, n_int, n_ext, n_obs, n) = (624, 608, 628, 100, 624)
(Lstar, Lprev) = (-64.272239, -59.850015)
alpha = 0.012007
u = 0.214435
(n_test, n_int, n_ext, n_obs, n) = (624, 608, 628, 100, 624)
(Lstar, Lprev) = (-65.199765, -59.850015)
alpha = 0.004749
u = 0.188131
(n_test, n_int, n_ext, n_obs, n) = (624, 608, 628, 100, 624)
(Lstar, Lprev) = (-63.617013, -59.850015)
alpha = 0.023121
u = 0.730584
(n_test, n_int, n_ext, n_obs, n) = (624, 608, 628, 100, 624)
(Lstar, Lprev) = (-63.102590, -59.850015)
alpha = 0.038674
u = 0.631255
(n_test, n_int, n_ext, n_obs, n) = (624, 608, 628, 100, 624)
(Lstar, Lprev) = (-59.252799, -59.850015)
alpha = 1.000000
u = 0.994560
ACCEPTED 151
(n_test, n_int, n_ext, n_obs, n) = (624, 608, 628, 100, 624)
(Lstar, Lprev) = (-60.355652, -59.252799)
alpha = 0.331923
u = 0.771161
(n_test, n_int, n_ext, n_obs, n) = (624, 608, 628, 100, 624)
(Lstar, Lprev) = (-64.821003, -59.252799)
alpha = 0.003817
u = 0.980523
(n_test, n_int, n_ext, n_obs, n) = (624, 608, 628, 100, 624)
(Lstar, Lprev) = (-61.611228, -59.252799)
alpha = 0.094569
u = 0.700100
(n_test, n_int, n_ext, n_obs, n) = (624, 608, 628, 100, 624)
(Lstar, Lprev) = (-59.775768, -59.252799)
alpha = 0.592758
u = 0.982190
(n_test, n_int, n_ext, n_obs, n) = (624, 608, 628, 100, 624)
(Lstar, Lprev) = (-62.160366, -59.252799)
alpha = 0.054608
u = 0.328816
(n_test, n_int, n_ext, n_obs, n) = (624, 608, 628, 100, 624)
(Lstar, Lprev) = (-67.567775, -59.252799)
alpha = 0.000245
u = 0.454326
(n_test, n_int, n_ext, n_obs, n) = (624, 608, 628, 100, 624)
(Lstar, Lprev) = (-65.327172, -59.252799)
alpha = 0.002301
u = 0.908152
(n_test, n_int, n_ext, n_obs, n) = (624, 608, 628, 100, 624)
(Lstar, Lprev) = (-60.364672, -59.252799)
alpha = 0.328942
u = 0.565462
(n_test, n_int, n_ext, n_obs, n) = (624, 608, 628, 100, 624)
(Lstar, Lprev) = (-63.474481, -59.252799)
alpha = 0.014674
u = 0.741383
(n_test, n_int, n_ext, n_obs, n) = (624, 608, 628, 100, 624)
(Lstar, Lprev) = (-54.807531, -59.252799)
alpha = 1.000000
u = 0.662382
ACCEPTED 152
(n_test, n_int, n_ext, n_obs, n) = (624, 608, 628, 100, 624)
(Lstar, Lprev) = (-61.909321, -54.807531)
alpha = 0.000824
u = 0.217799
(n_test, n_int, n_ext, n_obs, n) = (624, 608, 628, 100, 624)
(Lstar, Lprev) = (-59.621010, -54.807531)
alpha = 0.008120
u = 0.383462
(n_test, n_int, n_ext, n_obs, n) = (624, 608, 628, 100, 624)
(Lstar, Lprev) = (-57.441048, -54.807531)
alpha = 0.071825
u = 0.488666
(n_test, n_int, n_ext, n_obs, n) = (624, 608, 628, 100, 624)
(Lstar, Lprev) = (-59.077154, -54.807531)
alpha = 0.013987
u = 0.066678
(n_test, n_int, n_ext, n_obs, n) = (624, 608, 628, 100, 624)
(Lstar, Lprev) = (-62.467023, -54.807531)
alpha = 0.000472
u = 0.136470
(n_test, n_int, n_ext, n_obs, n) = (624, 608, 628, 100, 624)
(Lstar, Lprev) = (-62.013452, -54.807531)
alpha = 0.000742
u = 0.159259
(n_test, n_int, n_ext, n_obs, n) = (624, 608, 628, 100, 624)
(Lstar, Lprev) = (-60.466534, -54.807531)
alpha = 0.003486
u = 0.752982
(n_test, n_int, n_ext, n_obs, n) = (624, 608, 628, 100, 624)
(Lstar, Lprev) = (-54.429080, -54.807531)
alpha = 1.000000
u = 0.822113
ACCEPTED 153
(n_test, n_int, n_ext, n_obs, n) = (624, 608, 628, 100, 624)
(Lstar, Lprev) = (-60.698390, -54.429080)
alpha = 0.001894
u = 0.931112
(n_test, n_int, n_ext, n_obs, n) = (624, 608, 628, 100, 624)
(Lstar, Lprev) = (-58.418208, -54.429080)
alpha = 0.018516
u = 0.871971
(n_test, n_int, n_ext, n_obs, n) = (624, 608, 628, 100, 624)
(Lstar, Lprev) = (-60.934390, -54.429080)
alpha = 0.001495
u = 0.569307
(n_test, n_int, n_ext, n_obs, n) = (624, 608, 628, 100, 624)
(Lstar, Lprev) = (-61.540561, -54.429080)
alpha = 0.000816
u = 0.278564
(n_test, n_int, n_ext, n_obs, n) = (624, 608, 628, 100, 624)
(Lstar, Lprev) = (-60.884413, -54.429080)
alpha = 0.001572
u = 0.258099
(n_test, n_int, n_ext, n_obs, n) = (624, 608, 628, 100, 624)
(Lstar, Lprev) = (-62.450860, -54.429080)
alpha = 0.000328
u = 0.660239
(n_test, n_int, n_ext, n_obs, n) = (624, 608, 628, 100, 624)
(Lstar, Lprev) = (-56.828715, -54.429080)
alpha = 0.090751
u = 0.148357
(n_test, n_int, n_ext, n_obs, n) = (624, 608, 628, 100, 624)
(Lstar, Lprev) = (-57.493518, -54.429080)
alpha = 0.046680
u = 0.796771
(n_test, n_int, n_ext, n_obs, n) = (624, 608, 628, 100, 624)
(Lstar, Lprev) = (-54.843957, -54.429080)
alpha = 0.660422
u = 0.797511
(n_test, n_int, n_ext, n_obs, n) = (624, 608, 628, 100, 624)
(Lstar, Lprev) = (-58.963386, -54.429080)
alpha = 0.010734
u = 0.794468
(n_test, n_int, n_ext, n_obs, n) = (624, 608, 628, 100, 624)
(Lstar, Lprev) = (-54.312065, -54.429080)
alpha = 1.000000
u = 0.934353
ACCEPTED 154
(n_test, n_int, n_ext, n_obs, n) = (624, 608, 628, 100, 624)
(Lstar, Lprev) = (-57.745033, -54.312065)
alpha = 0.032291
u = 0.695955
(n_test, n_int, n_ext, n_obs, n) = (624, 608, 628, 100, 624)
(Lstar, Lprev) = (-59.751968, -54.312065)
alpha = 0.004340
u = 0.879148
(n_test, n_int, n_ext, n_obs, n) = (624, 608, 628, 100, 624)
(Lstar, Lprev) = (-65.001116, -54.312065)
alpha = 0.000023
u = 0.075460
(n_test, n_int, n_ext, n_obs, n) = (624, 608, 628, 100, 624)
(Lstar, Lprev) = (-54.803792, -54.312065)
alpha = 0.611570
u = 0.058551
ACCEPTED 155
(n_test, n_int, n_ext, n_obs, n) = (624, 608, 628, 100, 624)
(Lstar, Lprev) = (-59.152710, -54.803792)
alpha = 0.012921
u = 0.956323
(n_test, n_int, n_ext, n_obs, n) = (624, 608, 628, 100, 624)
(Lstar, Lprev) = (-52.556441, -54.803792)
alpha = 1.000000
u = 0.908183
ACCEPTED 156
(n_test, n_int, n_ext, n_obs, n) = (624, 608, 628, 100, 624)
(Lstar, Lprev) = (-51.803155, -52.556441)
alpha = 1.000000
u = 0.768974
ACCEPTED 157
(n_test, n_int, n_ext, n_obs, n) = (624, 608, 628, 100, 624)
(Lstar, Lprev) = (-54.598344, -51.803155)
alpha = 0.061103
u = 0.923159
(n_test, n_int, n_ext, n_obs, n) = (624, 608, 628, 100, 624)
(Lstar, Lprev) = (-58.025170, -51.803155)
alpha = 0.001985
u = 0.805779
(n_test, n_int, n_ext, n_obs, n) = (624, 608, 628, 100, 624)
(Lstar, Lprev) = (-57.540748, -51.803155)
alpha = 0.003223
u = 0.606348
(n_test, n_int, n_ext, n_obs, n) = (624, 608, 628, 100, 624)
(Lstar, Lprev) = (-54.483040, -51.803155)
alpha = 0.068571
u = 0.885797
(n_test, n_int, n_ext, n_obs, n) = (624, 608, 628, 100, 624)
(Lstar, Lprev) = (-61.578412, -51.803155)
alpha = 0.000057
u = 0.699716
(n_test, n_int, n_ext, n_obs, n) = (624, 608, 628, 100, 624)
(Lstar, Lprev) = (-51.638885, -51.803155)
alpha = 1.000000
u = 0.396582
ACCEPTED 158
(n_test, n_int, n_ext, n_obs, n) = (624, 608, 628, 100, 624)
(Lstar, Lprev) = (-55.803600, -51.638885)
alpha = 0.015534
u = 0.478539
(n_test, n_int, n_ext, n_obs, n) = (624, 608, 628, 100, 624)
(Lstar, Lprev) = (-58.012671, -51.638885)
alpha = 0.001706
u = 0.832914
(n_test, n_int, n_ext, n_obs, n) = (624, 608, 628, 100, 624)
(Lstar, Lprev) = (-55.358720, -51.638885)
alpha = 0.024238
u = 0.987213
(n_test, n_int, n_ext, n_obs, n) = (624, 608, 628, 100, 624)
(Lstar, Lprev) = (-59.218140, -51.638885)
alpha = 0.000511
u = 0.247827
(n_test, n_int, n_ext, n_obs, n) = (624, 608, 628, 100, 624)
(Lstar, Lprev) = (-50.808501, -51.638885)
alpha = 1.000000
u = 0.578032
ACCEPTED 159
(n_test, n_int, n_ext, n_obs, n) = (624, 608, 628, 100, 624)
(Lstar, Lprev) = (-52.671348, -50.808501)
alpha = 0.155230
u = 0.849005
(n_test, n_int, n_ext, n_obs, n) = (624, 608, 628, 100, 624)
(Lstar, Lprev) = (-54.517383, -50.808501)
alpha = 0.024505
u = 0.165361
(n_test, n_int, n_ext, n_obs, n) = (624, 608, 628, 100, 624)
(Lstar, Lprev) = (-58.165580, -50.808501)
alpha = 0.000638
u = 0.596429
(n_test, n_int, n_ext, n_obs, n) = (624, 608, 628, 100, 624)
(Lstar, Lprev) = (-50.908379, -50.808501)
alpha = 0.904948
u = 0.928206
(n_test, n_int, n_ext, n_obs, n) = (624, 608, 628, 100, 624)
(Lstar, Lprev) = (-50.434936, -50.808501)
alpha = 1.000000
u = 0.070974
ACCEPTED 160
(n_test, n_int, n_ext, n_obs, n) = (624, 608, 628, 100, 624)
(Lstar, Lprev) = (-48.500695, -50.434936)
alpha = 1.000000
u = 0.886463
ACCEPTED 161
(n_test, n_int, n_ext, n_obs, n) = (624, 608, 628, 100, 624)
(Lstar, Lprev) = (-48.971139, -48.500695)
alpha = 0.624725
u = 0.025277
ACCEPTED 162
(n_test, n_int, n_ext, n_obs, n) = (624, 608, 628, 100, 624)
(Lstar, Lprev) = (-57.167924, -48.971139)
alpha = 0.000276
u = 0.480333
(n_test, n_int, n_ext, n_obs, n) = (624, 608, 628, 100, 624)
(Lstar, Lprev) = (-61.066025, -48.971139)
alpha = 0.000006
u = 0.211726
(n_test, n_int, n_ext, n_obs, n) = (624, 608, 628, 100, 624)
(Lstar, Lprev) = (-59.120931, -48.971139)
alpha = 0.000039
u = 0.094565
(n_test, n_int, n_ext, n_obs, n) = (624, 608, 628, 100, 624)
(Lstar, Lprev) = (-51.161843, -48.971139)
alpha = 0.111838
u = 0.678380
(n_test, n_int, n_ext, n_obs, n) = (624, 608, 628, 100, 624)
(Lstar, Lprev) = (-54.041235, -48.971139)
alpha = 0.006282
u = 0.094880
(n_test, n_int, n_ext, n_obs, n) = (624, 608, 628, 100, 624)
(Lstar, Lprev) = (-50.753222, -48.971139)
alpha = 0.168287
u = 0.710145
(n_test, n_int, n_ext, n_obs, n) = (624, 608, 628, 100, 624)
(Lstar, Lprev) = (-51.848096, -48.971139)
alpha = 0.056306
u = 0.065608
(n_test, n_int, n_ext, n_obs, n) = (624, 608, 628, 100, 624)
(Lstar, Lprev) = (-60.186797, -48.971139)
alpha = 0.000013
u = 0.714934
(n_test, n_int, n_ext, n_obs, n) = (624, 608, 628, 100, 624)
(Lstar, Lprev) = (-51.404967, -48.971139)
alpha = 0.087701
u = 0.055511
ACCEPTED 163
(n_test, n_int, n_ext, n_obs, n) = (624, 608, 628, 100, 624)
(Lstar, Lprev) = (-60.637176, -51.404967)
alpha = 0.000098
u = 0.447942
(n_test, n_int, n_ext, n_obs, n) = (624, 608, 628, 100, 624)
(Lstar, Lprev) = (-53.392249, -51.404967)
alpha = 0.137067
u = 0.958984
(n_test, n_int, n_ext, n_obs, n) = (624, 608, 628, 100, 624)
(Lstar, Lprev) = (-51.263025, -51.404967)
alpha = 1.000000
u = 0.769664
ACCEPTED 164
(n_test, n_int, n_ext, n_obs, n) = (624, 608, 628, 100, 624)
(Lstar, Lprev) = (-56.300669, -51.263025)
alpha = 0.006489
u = 0.276121
(n_test, n_int, n_ext, n_obs, n) = (624, 608, 628, 100, 624)
(Lstar, Lprev) = (-55.507539, -51.263025)
alpha = 0.014343
u = 0.253914
(n_test, n_int, n_ext, n_obs, n) = (624, 608, 628, 100, 624)
(Lstar, Lprev) = (-59.419134, -51.263025)
alpha = 0.000287
u = 0.843700
(n_test, n_int, n_ext, n_obs, n) = (624, 608, 628, 100, 624)
(Lstar, Lprev) = (-55.784767, -51.263025)
alpha = 0.010870
u = 0.738456
(n_test, n_int, n_ext, n_obs, n) = (624, 608, 628, 100, 624)
(Lstar, Lprev) = (-55.148616, -51.263025)
alpha = 0.020536
u = 0.019024
ACCEPTED 165
(n_test, n_int, n_ext, n_obs, n) = (624, 608, 628, 100, 624)
(Lstar, Lprev) = (-62.999197, -55.148616)
alpha = 0.000390
u = 0.293889
(n_test, n_int, n_ext, n_obs, n) = (624, 608, 628, 100, 624)
(Lstar, Lprev) = (-60.579554, -55.148616)
alpha = 0.004379
u = 0.123690
(n_test, n_int, n_ext, n_obs, n) = (624, 608, 628, 100, 624)
(Lstar, Lprev) = (-64.832596, -55.148616)
alpha = 0.000062
u = 0.080767
(n_test, n_int, n_ext, n_obs, n) = (624, 608, 628, 100, 624)
(Lstar, Lprev) = (-57.950637, -55.148616)
alpha = 0.060687
u = 0.997179
(n_test, n_int, n_ext, n_obs, n) = (624, 608, 628, 100, 624)
(Lstar, Lprev) = (-55.419502, -55.148616)
alpha = 0.762703
u = 0.878030
(n_test, n_int, n_ext, n_obs, n) = (624, 608, 628, 100, 624)
(Lstar, Lprev) = (-55.120311, -55.148616)
alpha = 1.000000
u = 0.266632
ACCEPTED 166
(n_test, n_int, n_ext, n_obs, n) = (624, 608, 628, 100, 624)
(Lstar, Lprev) = (-54.713639, -55.120311)
alpha = 1.000000
u = 0.185954
ACCEPTED 167
(n_test, n_int, n_ext, n_obs, n) = (624, 608, 628, 100, 624)
(Lstar, Lprev) = (-60.247150, -54.713639)
alpha = 0.003952
u = 0.789452
(n_test, n_int, n_ext, n_obs, n) = (624, 608, 628, 100, 624)
(Lstar, Lprev) = (-55.398116, -54.713639)
alpha = 0.504354
u = 0.895812
(n_test, n_int, n_ext, n_obs, n) = (624, 608, 628, 100, 624)
(Lstar, Lprev) = (-62.261495, -54.713639)
alpha = 0.000527
u = 0.815209
(n_test, n_int, n_ext, n_obs, n) = (624, 608, 628, 100, 624)
(Lstar, Lprev) = (-63.894767, -54.713639)
alpha = 0.000103
u = 0.686170
(n_test, n_int, n_ext, n_obs, n) = (624, 608, 628, 100, 624)
(Lstar, Lprev) = (-56.489009, -54.713639)
alpha = 0.169421
u = 0.573391
(n_test, n_int, n_ext, n_obs, n) = (624, 608, 628, 100, 624)
(Lstar, Lprev) = (-59.005344, -54.713639)
alpha = 0.013682
u = 0.562894
(n_test, n_int, n_ext, n_obs, n) = (624, 608, 628, 100, 624)
(Lstar, Lprev) = (-54.197739, -54.713639)
alpha = 1.000000
u = 0.452501
ACCEPTED 168
(n_test, n_int, n_ext, n_obs, n) = (624, 608, 628, 100, 624)
(Lstar, Lprev) = (-61.017321, -54.197739)
alpha = 0.001092
u = 0.993875
(n_test, n_int, n_ext, n_obs, n) = (624, 608, 628, 100, 624)
(Lstar, Lprev) = (-58.125506, -54.197739)
alpha = 0.019688
u = 0.323055
(n_test, n_int, n_ext, n_obs, n) = (624, 608, 628, 100, 624)
(Lstar, Lprev) = (-58.495383, -54.197739)
alpha = 0.013601
u = 0.985181
(n_test, n_int, n_ext, n_obs, n) = (624, 608, 628, 100, 624)
(Lstar, Lprev) = (-57.158835, -54.197739)
alpha = 0.051762
u = 0.389410
(n_test, n_int, n_ext, n_obs, n) = (624, 608, 628, 100, 624)
(Lstar, Lprev) = (-49.090278, -54.197739)
alpha = 1.000000
u = 0.049288
ACCEPTED 169
(n_test, n_int, n_ext, n_obs, n) = (624, 608, 628, 100, 624)
(Lstar, Lprev) = (-46.816088, -49.090278)
alpha = 1.000000
u = 0.087965
ACCEPTED 170
(n_test, n_int, n_ext, n_obs, n) = (624, 608, 628, 100, 624)
(Lstar, Lprev) = (-51.015444, -46.816088)
alpha = 0.015005
u = 0.956262
(n_test, n_int, n_ext, n_obs, n) = (624, 608, 628, 100, 624)
(Lstar, Lprev) = (-50.336355, -46.816088)
alpha = 0.029592
u = 0.238850
(n_test, n_int, n_ext, n_obs, n) = (624, 608, 628, 100, 624)
(Lstar, Lprev) = (-50.759003, -46.816088)
alpha = 0.019392
u = 0.961287
(n_test, n_int, n_ext, n_obs, n) = (624, 608, 628, 100, 624)
(Lstar, Lprev) = (-53.375996, -46.816088)
alpha = 0.001416
u = 0.607946
(n_test, n_int, n_ext, n_obs, n) = (624, 608, 628, 100, 624)
(Lstar, Lprev) = (-48.160317, -46.816088)
alpha = 0.260741
u = 0.006272
ACCEPTED 171
(n_test, n_int, n_ext, n_obs, n) = (624, 608, 628, 100, 624)
(Lstar, Lprev) = (-56.833816, -48.160317)
alpha = 0.000171
u = 0.870662
(n_test, n_int, n_ext, n_obs, n) = (624, 608, 628, 100, 624)
(Lstar, Lprev) = (-61.235168, -48.160317)
alpha = 0.000002
u = 0.768788
(n_test, n_int, n_ext, n_obs, n) = (624, 608, 628, 100, 624)
(Lstar, Lprev) = (-56.080784, -48.160317)
alpha = 0.000363
u = 0.758052
(n_test, n_int, n_ext, n_obs, n) = (624, 608, 628, 100, 624)
(Lstar, Lprev) = (-42.942851, -48.160317)
alpha = 1.000000
u = 0.366581
ACCEPTED 172
(n_test, n_int, n_ext, n_obs, n) = (624, 608, 628, 100, 624)
(Lstar, Lprev) = (-46.738695, -42.942851)
alpha = 0.022464
u = 0.400241
(n_test, n_int, n_ext, n_obs, n) = (624, 608, 628, 100, 624)
(Lstar, Lprev) = (-50.686475, -42.942851)
alpha = 0.000433
u = 0.982074
(n_test, n_int, n_ext, n_obs, n) = (624, 608, 628, 100, 624)
(Lstar, Lprev) = (-49.035443, -42.942851)
alpha = 0.002260
u = 0.821921
(n_test, n_int, n_ext, n_obs, n) = (624, 608, 628, 100, 624)
(Lstar, Lprev) = (-49.578851, -42.942851)
alpha = 0.001312
u = 0.057393
(n_test, n_int, n_ext, n_obs, n) = (624, 608, 628, 100, 624)
(Lstar, Lprev) = (-49.581643, -42.942851)
alpha = 0.001309
u = 0.766718
(n_test, n_int, n_ext, n_obs, n) = (624, 608, 628, 100, 624)
(Lstar, Lprev) = (-49.933440, -42.942851)
alpha = 0.000921
u = 0.915166
(n_test, n_int, n_ext, n_obs, n) = (624, 608, 628, 100, 624)
(Lstar, Lprev) = (-55.768774, -42.942851)
alpha = 0.000003
u = 0.538032
(n_test, n_int, n_ext, n_obs, n) = (624, 608, 628, 100, 624)
(Lstar, Lprev) = (-52.814518, -42.942851)
alpha = 0.000052
u = 0.308245
(n_test, n_int, n_ext, n_obs, n) = (624, 608, 628, 100, 624)
(Lstar, Lprev) = (-47.745164, -42.942851)
alpha = 0.008211
u = 0.980307
(n_test, n_int, n_ext, n_obs, n) = (624, 608, 628, 100, 624)
(Lstar, Lprev) = (-48.676304, -42.942851)
alpha = 0.003236
u = 0.727671
(n_test, n_int, n_ext, n_obs, n) = (624, 608, 628, 100, 624)
(Lstar, Lprev) = (-49.046736, -42.942851)
alpha = 0.002234
u = 0.177507
(n_test, n_int, n_ext, n_obs, n) = (624, 608, 628, 100, 624)
(Lstar, Lprev) = (-44.085332, -42.942851)
alpha = 0.319027
u = 0.164356
ACCEPTED 173
(n_test, n_int, n_ext, n_obs, n) = (624, 608, 628, 100, 624)
(Lstar, Lprev) = (-48.854639, -44.085332)
alpha = 0.008486
u = 0.395601
(n_test, n_int, n_ext, n_obs, n) = (624, 608, 628, 100, 624)
(Lstar, Lprev) = (-47.392959, -44.085332)
alpha = 0.036603
u = 0.828153
(n_test, n_int, n_ext, n_obs, n) = (624, 608, 628, 100, 624)
(Lstar, Lprev) = (-46.769671, -44.085332)
alpha = 0.068266
u = 0.766692
(n_test, n_int, n_ext, n_obs, n) = (624, 608, 628, 100, 624)
(Lstar, Lprev) = (-44.388951, -44.085332)
alpha = 0.738142
u = 0.784522
(n_test, n_int, n_ext, n_obs, n) = (624, 608, 628, 100, 624)
(Lstar, Lprev) = (-47.075362, -44.085332)
alpha = 0.050286
u = 0.102247
(n_test, n_int, n_ext, n_obs, n) = (624, 608, 628, 100, 624)
(Lstar, Lprev) = (-47.504482, -44.085332)
alpha = 0.032740
u = 0.472323
(n_test, n_int, n_ext, n_obs, n) = (624, 608, 628, 100, 624)
(Lstar, Lprev) = (-48.047563, -44.085332)
alpha = 0.019021
u = 0.281921
(n_test, n_int, n_ext, n_obs, n) = (624, 608, 628, 100, 624)
(Lstar, Lprev) = (-47.705926, -44.085332)
alpha = 0.026767
u = 0.152767
(n_test, n_int, n_ext, n_obs, n) = (624, 608, 628, 100, 624)
(Lstar, Lprev) = (-46.211718, -44.085332)
alpha = 0.119268
u = 0.368825
(n_test, n_int, n_ext, n_obs, n) = (624, 608, 628, 100, 624)
(Lstar, Lprev) = (-52.293879, -44.085332)
alpha = 0.000272
u = 0.926564
(n_test, n_int, n_ext, n_obs, n) = (624, 608, 628, 100, 624)
(Lstar, Lprev) = (-49.475310, -44.085332)
alpha = 0.004562
u = 0.919475
(n_test, n_int, n_ext, n_obs, n) = (624, 608, 628, 100, 624)
(Lstar, Lprev) = (-45.742015, -44.085332)
alpha = 0.190771
u = 0.862408
(n_test, n_int, n_ext, n_obs, n) = (624, 608, 628, 100, 624)
(Lstar, Lprev) = (-46.141172, -44.085332)
alpha = 0.127985
u = 0.414442
(n_test, n_int, n_ext, n_obs, n) = (624, 608, 628, 100, 624)
(Lstar, Lprev) = (-45.845592, -44.085332)
alpha = 0.172000
u = 0.578637
(n_test, n_int, n_ext, n_obs, n) = (624, 608, 628, 100, 624)
(Lstar, Lprev) = (-53.444113, -44.085332)
alpha = 0.000086
u = 0.551790
(n_test, n_int, n_ext, n_obs, n) = (624, 608, 628, 100, 624)
(Lstar, Lprev) = (-49.337516, -44.085332)
alpha = 0.005236
u = 0.975322
(n_test, n_int, n_ext, n_obs, n) = (624, 608, 628, 100, 624)
(Lstar, Lprev) = (-52.450324, -44.085332)
alpha = 0.000233
u = 0.078308
(n_test, n_int, n_ext, n_obs, n) = (624, 608, 628, 100, 624)
(Lstar, Lprev) = (-49.339650, -44.085332)
alpha = 0.005225
u = 0.511217
(n_test, n_int, n_ext, n_obs, n) = (624, 608, 628, 100, 624)
(Lstar, Lprev) = (-47.679579, -44.085332)
alpha = 0.027481
u = 0.715039
(n_test, n_int, n_ext, n_obs, n) = (624, 608, 628, 100, 624)
(Lstar, Lprev) = (-52.856483, -44.085332)
alpha = 0.000155
u = 0.242230
(n_test, n_int, n_ext, n_obs, n) = (624, 608, 628, 100, 624)
(Lstar, Lprev) = (-46.686274, -44.085332)
alpha = 0.074204
u = 0.499455
(n_test, n_int, n_ext, n_obs, n) = (624, 608, 628, 100, 624)
(Lstar, Lprev) = (-45.190481, -44.085332)
alpha = 0.331162
u = 0.001694
ACCEPTED 174
(n_test, n_int, n_ext, n_obs, n) = (624, 608, 628, 100, 624)
(Lstar, Lprev) = (-58.418590, -45.190481)
alpha = 0.000002
u = 0.625443
(n_test, n_int, n_ext, n_obs, n) = (624, 608, 628, 100, 624)
(Lstar, Lprev) = (-47.827090, -45.190481)
alpha = 0.071604
u = 0.569287
(n_test, n_int, n_ext, n_obs, n) = (624, 608, 628, 100, 624)
There was a problem with solving the system!
CUDA error src/segment/computeFieldMatrices.cu:147: an illegal memory access was encountered

------------------------------------------------------------
Sender: LSF System <lsfadmin@hpc.dtu.dk>
Subject: Job 23132304: <inverse> in cluster <dcc> Exited

Job <inverse> was submitted from host <n-62-11-47> by user <s194146> in cluster <dcc> at Mon Nov 11 18:16:32 2024
Job was executed on host(s) <64*n-62-12-81>, in queue <gpuh100>, as user <s194146> in cluster <dcc> at Mon Nov 11 18:16:33 2024
</zhome/00/b/147112> was used as the home directory.
</zhome/00/b/147112/bioscat/Scripts/C_and_CUDA/main> was used as the working directory.
Started at Mon Nov 11 18:16:33 2024
Terminated at Mon Nov 11 18:45:04 2024
Results reported at Mon Nov 11 18:45:04 2024

Your job looked like:

------------------------------------------------------------
# LSBATCH: User input
#!/bin/bash
#BSUB -J inverse # name
#BSUB -o outfiles/inverse_%J.out # output file
#BSUB -q gpuh100
#BSUB -n 64 ## cores
#BSUB -R "rusage[mem=1GB]" 
#BSUB -W 24:00 # useable time in minutes
##BSUB -N # send mail when done
#BSUB -R "span[hosts=1]"
#BSUB -gpu "num=1:mode=exclusive_process"

module load gcc/12.3.0-binutils-2.40
module load cuda/12.2.2

OMP_NUM_THREADS=64 python inverse.py
------------------------------------------------------------

Exited with exit code 1.

Resource usage summary:

    CPU time :                                   1778.00 sec.
    Max Memory :                                 389 MB
    Average Memory :                             302.46 MB
    Total Requested Memory :                     65536.00 MB
    Delta Memory :                               65147.00 MB
    Max Swap :                                   -
    Max Processes :                              4
    Max Threads :                                9
    Run time :                                   1779 sec.
    Turnaround time :                            1712 sec.

The output (if any) is above this job summary.

