Loaded module: gcc/12.3.0-binutils-2.40
Loaded module: cuda/12.2.2
(n_obs, n_lambdas, n_beta) = (100, 10, 10)
--------------------------------------
We are computing curves on device!
--------------------------------------

Initialization and allocation: 0.0003 seconds

Computing covariance matrix: 0.0002 seconds

Cholesky factorization successful.

Cholesky factorization: 0.0499 seconds

HEJ 100 10 10
(n_test, n_int, n_ext, n_obs, n) = (624, 608, 628, 100, 624)
Combined time = 2.659230e+00
Lprev = -3.173209e+02
(n_test, n_int, n_ext, n_obs, n) = (624, 608, 628, 100, 624)
Combined time = 2.588380e+00
Lprev = -3.173209e+02
(n_test, n_int, n_ext, n_obs, n) = (624, 608, 628, 100, 624)
Combined time = 2.648064e+00
ACCEPTED 0
(n_test, n_int, n_ext, n_obs, n) = (624, 608, 628, 100, 624)
Combined time = 2.585953e+00
(n_test, n_int, n_ext, n_obs, n) = (624, 608, 628, 100, 624)
Combined time = 2.594847e+00
ACCEPTED 1
(n_test, n_int, n_ext, n_obs, n) = (624, 608, 628, 100, 624)
Combined time = 2.577785e+00
ACCEPTED 2
(n_test, n_int, n_ext, n_obs, n) = (624, 608, 628, 100, 624)
Combined time = 2.623249e+00
ACCEPTED 3
(n_test, n_int, n_ext, n_obs, n) = (624, 608, 628, 100, 624)
Combined time = 2.764042e+00
(n_test, n_int, n_ext, n_obs, n) = (624, 608, 628, 100, 624)
Combined time = 2.711653e+00
(n_test, n_int, n_ext, n_obs, n) = (624, 608, 628, 100, 624)
Combined time = 2.687673e+00
(n_test, n_int, n_ext, n_obs, n) = (624, 608, 628, 100, 624)
Combined time = 2.738258e+00
ACCEPTED 4
(n_test, n_int, n_ext, n_obs, n) = (624, 608, 628, 100, 624)
Combined time = 2.678716e+00
(n_test, n_int, n_ext, n_obs, n) = (624, 608, 628, 100, 624)
Combined time = 2.719555e+00
ACCEPTED 5
(n_test, n_int, n_ext, n_obs, n) = (624, 608, 628, 100, 624)
Combined time = 2.642144e+00
(n_test, n_int, n_ext, n_obs, n) = (624, 608, 628, 100, 624)
Combined time = 2.612587e+00
(n_test, n_int, n_ext, n_obs, n) = (624, 608, 628, 100, 624)
Combined time = 2.709489e+00
(n_test, n_int, n_ext, n_obs, n) = (624, 608, 628, 100, 624)
Combined time = 2.719262e+00
(n_test, n_int, n_ext, n_obs, n) = (624, 608, 628, 100, 624)
Combined time = 2.660791e+00
(n_test, n_int, n_ext, n_obs, n) = (624, 608, 628, 100, 624)
Combined time = 2.599659e+00
ACCEPTED 6
(n_test, n_int, n_ext, n_obs, n) = (624, 608, 628, 100, 624)
Combined time = 2.645603e+00
ACCEPTED 7
(n_test, n_int, n_ext, n_obs, n) = (624, 608, 628, 100, 624)
Combined time = 2.652619e+00
(n_test, n_int, n_ext, n_obs, n) = (624, 608, 628, 100, 624)
Combined time = 2.776456e+00
ACCEPTED 8
(n_test, n_int, n_ext, n_obs, n) = (624, 608, 628, 100, 624)
Combined time = 2.735287e+00
(n_test, n_int, n_ext, n_obs, n) = (624, 608, 628, 100, 624)
Combined time = 2.754231e+00
(n_test, n_int, n_ext, n_obs, n) = (624, 608, 628, 100, 624)
Combined time = 2.696948e+00
ACCEPTED 9
(n_test, n_int, n_ext, n_obs, n) = (624, 608, 628, 100, 624)
Combined time = 2.706081e+00
(n_test, n_int, n_ext, n_obs, n) = (624, 608, 628, 100, 624)
Combined time = 2.676629e+00
ACCEPTED 10
(n_test, n_int, n_ext, n_obs, n) = (624, 608, 628, 100, 624)
Combined time = 2.705020e+00
ACCEPTED 11
(n_test, n_int, n_ext, n_obs, n) = (624, 608, 628, 100, 624)
Combined time = 2.654455e+00
(n_test, n_int, n_ext, n_obs, n) = (624, 608, 628, 100, 624)
Combined time = 2.803265e+00
ACCEPTED 12
(n_test, n_int, n_ext, n_obs, n) = (624, 608, 628, 100, 624)
Combined time = 2.771152e+00
ACCEPTED 13
(n_test, n_int, n_ext, n_obs, n) = (624, 608, 628, 100, 624)
Combined time = 2.724306e+00
(n_test, n_int, n_ext, n_obs, n) = (624, 608, 628, 100, 624)
Combined time = 2.718156e+00
(n_test, n_int, n_ext, n_obs, n) = (624, 608, 628, 100, 624)
Combined time = 2.703502e+00
ACCEPTED 14
(n_test, n_int, n_ext, n_obs, n) = (624, 608, 628, 100, 624)
Combined time = 2.687554e+00
(n_test, n_int, n_ext, n_obs, n) = (624, 608, 628, 100, 624)
Combined time = 2.667485e+00
(n_test, n_int, n_ext, n_obs, n) = (624, 608, 628, 100, 624)
Combined time = 2.729518e+00
(n_test, n_int, n_ext, n_obs, n) = (624, 608, 628, 100, 624)
Combined time = 2.769502e+00
(n_test, n_int, n_ext, n_obs, n) = (624, 608, 628, 100, 624)
Combined time = 2.847013e+00
(n_test, n_int, n_ext, n_obs, n) = (624, 608, 628, 100, 624)
Combined time = 2.711782e+00
(n_test, n_int, n_ext, n_obs, n) = (624, 608, 628, 100, 624)
Combined time = 2.762614e+00
(n_test, n_int, n_ext, n_obs, n) = (624, 608, 628, 100, 624)
Combined time = 2.730922e+00
(n_test, n_int, n_ext, n_obs, n) = (624, 608, 628, 100, 624)
Combined time = 2.745511e+00
(n_test, n_int, n_ext, n_obs, n) = (624, 608, 628, 100, 624)
Combined time = 2.724872e+00
(n_test, n_int, n_ext, n_obs, n) = (624, 608, 628, 100, 624)
Combined time = 2.802466e+00
ACCEPTED 15
(n_test, n_int, n_ext, n_obs, n) = (624, 608, 628, 100, 624)
Combined time = 2.835845e+00
(n_test, n_int, n_ext, n_obs, n) = (624, 608, 628, 100, 624)
Combined time = 2.817499e+00
(n_test, n_int, n_ext, n_obs, n) = (624, 608, 628, 100, 624)
Combined time = 2.744423e+00
(n_test, n_int, n_ext, n_obs, n) = (624, 608, 628, 100, 624)
Combined time = 2.763188e+00
(n_test, n_int, n_ext, n_obs, n) = (624, 608, 628, 100, 624)
Combined time = 2.777673e+00
(n_test, n_int, n_ext, n_obs, n) = (624, 608, 628, 100, 624)
Combined time = 2.752311e+00
(n_test, n_int, n_ext, n_obs, n) = (624, 608, 628, 100, 624)
Combined time = 2.776377e+00
(n_test, n_int, n_ext, n_obs, n) = (624, 608, 628, 100, 624)
Combined time = 2.744878e+00
(n_test, n_int, n_ext, n_obs, n) = (624, 608, 628, 100, 624)
Combined time = 2.795644e+00
(n_test, n_int, n_ext, n_obs, n) = (624, 608, 628, 100, 624)
Combined time = 2.942065e+00
(n_test, n_int, n_ext, n_obs, n) = (624, 608, 628, 100, 624)
Combined time = 2.747327e+00
(n_test, n_int, n_ext, n_obs, n) = (624, 608, 628, 100, 624)
Combined time = 2.772682e+00
(n_test, n_int, n_ext, n_obs, n) = (624, 608, 628, 100, 624)
Combined time = 2.767433e+00
(n_test, n_int, n_ext, n_obs, n) = (624, 608, 628, 100, 624)
Combined time = 2.772412e+00
(n_test, n_int, n_ext, n_obs, n) = (624, 608, 628, 100, 624)
Combined time = 2.756869e+00
ACCEPTED 16
(n_test, n_int, n_ext, n_obs, n) = (624, 608, 628, 100, 624)
Combined time = 2.839337e+00
(n_test, n_int, n_ext, n_obs, n) = (624, 608, 628, 100, 624)
Combined time = 2.857958e+00
(n_test, n_int, n_ext, n_obs, n) = (624, 608, 628, 100, 624)
Combined time = 2.760027e+00
(n_test, n_int, n_ext, n_obs, n) = (624, 608, 628, 100, 624)
Combined time = 2.789159e+00
(n_test, n_int, n_ext, n_obs, n) = (624, 608, 628, 100, 624)
Combined time = 2.802623e+00
(n_test, n_int, n_ext, n_obs, n) = (624, 608, 628, 100, 624)
Combined time = 2.860541e+00
ACCEPTED 17
(n_test, n_int, n_ext, n_obs, n) = (624, 608, 628, 100, 624)
Combined time = 2.781287e+00
(n_test, n_int, n_ext, n_obs, n) = (624, 608, 628, 100, 624)
Combined time = 2.747090e+00
(n_test, n_int, n_ext, n_obs, n) = (624, 608, 628, 100, 624)
Combined time = 2.867953e+00
(n_test, n_int, n_ext, n_obs, n) = (624, 608, 628, 100, 624)
Combined time = 2.841116e+00
(n_test, n_int, n_ext, n_obs, n) = (624, 608, 628, 100, 624)
Combined time = 2.782365e+00
(n_test, n_int, n_ext, n_obs, n) = (624, 608, 628, 100, 624)
Combined time = 2.860484e+00
(n_test, n_int, n_ext, n_obs, n) = (624, 608, 628, 100, 624)
Combined time = 2.849155e+00
ACCEPTED 18
(n_test, n_int, n_ext, n_obs, n) = (624, 608, 628, 100, 624)
Combined time = 2.816188e+00
(n_test, n_int, n_ext, n_obs, n) = (624, 608, 628, 100, 624)
Combined time = 2.748569e+00
(n_test, n_int, n_ext, n_obs, n) = (624, 608, 628, 100, 624)
Combined time = 3.016801e+00
(n_test, n_int, n_ext, n_obs, n) = (624, 608, 628, 100, 624)
Combined time = 2.875899e+00
ACCEPTED 19
(n_test, n_int, n_ext, n_obs, n) = (624, 608, 628, 100, 624)
Combined time = 2.839298e+00
(n_test, n_int, n_ext, n_obs, n) = (624, 608, 628, 100, 624)
Combined time = 2.816603e+00
ACCEPTED 20
(n_test, n_int, n_ext, n_obs, n) = (624, 608, 628, 100, 624)
Combined time = 2.838902e+00
(n_test, n_int, n_ext, n_obs, n) = (624, 608, 628, 100, 624)
Combined time = 2.854866e+00
(n_test, n_int, n_ext, n_obs, n) = (624, 608, 628, 100, 624)
Combined time = 2.861141e+00
(n_test, n_int, n_ext, n_obs, n) = (624, 608, 628, 100, 624)
Combined time = 2.840610e+00
(n_test, n_int, n_ext, n_obs, n) = (624, 608, 628, 100, 624)
Combined time = 2.917806e+00
(n_test, n_int, n_ext, n_obs, n) = (624, 608, 628, 100, 624)
Combined time = 2.936837e+00
ACCEPTED 21
(n_test, n_int, n_ext, n_obs, n) = (624, 608, 628, 100, 624)
Combined time = 2.805303e+00
(n_test, n_int, n_ext, n_obs, n) = (624, 608, 628, 100, 624)
Combined time = 2.978173e+00
(n_test, n_int, n_ext, n_obs, n) = (624, 608, 628, 100, 624)
Combined time = 2.838804e+00
(n_test, n_int, n_ext, n_obs, n) = (624, 608, 628, 100, 624)
Combined time = 2.852926e+00
(n_test, n_int, n_ext, n_obs, n) = (624, 608, 628, 100, 624)
Combined time = 2.839069e+00
(n_test, n_int, n_ext, n_obs, n) = (624, 608, 628, 100, 624)
Combined time = 2.909997e+00
(n_test, n_int, n_ext, n_obs, n) = (624, 608, 628, 100, 624)
Combined time = 2.943731e+00
(n_test, n_int, n_ext, n_obs, n) = (624, 608, 628, 100, 624)
Combined time = 2.925005e+00
(n_test, n_int, n_ext, n_obs, n) = (624, 608, 628, 100, 624)
Combined time = 2.896157e+00
(n_test, n_int, n_ext, n_obs, n) = (624, 608, 628, 100, 624)
Combined time = 2.880633e+00
(n_test, n_int, n_ext, n_obs, n) = (624, 608, 628, 100, 624)
Combined time = 2.826960e+00
(n_test, n_int, n_ext, n_obs, n) = (624, 608, 628, 100, 624)
Combined time = 2.935203e+00
(n_test, n_int, n_ext, n_obs, n) = (624, 608, 628, 100, 624)
Combined time = 2.896881e+00
(n_test, n_int, n_ext, n_obs, n) = (624, 608, 628, 100, 624)
Combined time = 2.933348e+00
(n_test, n_int, n_ext, n_obs, n) = (624, 608, 628, 100, 624)
Combined time = 2.950709e+00
(n_test, n_int, n_ext, n_obs, n) = (624, 608, 628, 100, 624)
Combined time = 2.845047e+00
(n_test, n_int, n_ext, n_obs, n) = (624, 608, 628, 100, 624)
Combined time = 2.864600e+00
(n_test, n_int, n_ext, n_obs, n) = (624, 608, 628, 100, 624)
Combined time = 3.076424e+00
(n_test, n_int, n_ext, n_obs, n) = (624, 608, 628, 100, 624)
Combined time = 2.873206e+00
(n_test, n_int, n_ext, n_obs, n) = (624, 608, 628, 100, 624)
Combined time = 2.884486e+00
(n_test, n_int, n_ext, n_obs, n) = (624, 608, 628, 100, 624)
Combined time = 2.856239e+00
(n_test, n_int, n_ext, n_obs, n) = (624, 608, 628, 100, 624)
Combined time = 2.999108e+00
ACCEPTED 22
(n_test, n_int, n_ext, n_obs, n) = (624, 608, 628, 100, 624)
Combined time = 2.977310e+00
(n_test, n_int, n_ext, n_obs, n) = (624, 608, 628, 100, 624)
Combined time = 2.873425e+00
(n_test, n_int, n_ext, n_obs, n) = (624, 608, 628, 100, 624)
Combined time = 2.844759e+00
ACCEPTED 23
(n_test, n_int, n_ext, n_obs, n) = (624, 608, 628, 100, 624)
Combined time = 2.860042e+00
(n_test, n_int, n_ext, n_obs, n) = (624, 608, 628, 100, 624)
Combined time = 2.855197e+00
(n_test, n_int, n_ext, n_obs, n) = (624, 608, 628, 100, 624)
Combined time = 2.865581e+00
(n_test, n_int, n_ext, n_obs, n) = (624, 608, 628, 100, 624)
Combined time = 2.872488e+00
ACCEPTED 24
(n_test, n_int, n_ext, n_obs, n) = (624, 608, 628, 100, 624)
Combined time = 2.900741e+00
(n_test, n_int, n_ext, n_obs, n) = (624, 608, 628, 100, 624)
Combined time = 2.846171e+00
(n_test, n_int, n_ext, n_obs, n) = (624, 608, 628, 100, 624)
Combined time = 2.896318e+00
(n_test, n_int, n_ext, n_obs, n) = (624, 608, 628, 100, 624)
Combined time = 2.896245e+00
(n_test, n_int, n_ext, n_obs, n) = (624, 608, 628, 100, 624)
Combined time = 2.887842e+00
(n_test, n_int, n_ext, n_obs, n) = (624, 608, 628, 100, 624)
Combined time = 2.873242e+00
(n_test, n_int, n_ext, n_obs, n) = (624, 608, 628, 100, 624)
Combined time = 2.884144e+00
(n_test, n_int, n_ext, n_obs, n) = (624, 608, 628, 100, 624)
Combined time = 2.919939e+00
(n_test, n_int, n_ext, n_obs, n) = (624, 608, 628, 100, 624)
Combined time = 2.913604e+00
(n_test, n_int, n_ext, n_obs, n) = (624, 608, 628, 100, 624)
Combined time = 2.886398e+00
(n_test, n_int, n_ext, n_obs, n) = (624, 608, 628, 100, 624)
Combined time = 2.874212e+00
(n_test, n_int, n_ext, n_obs, n) = (624, 608, 628, 100, 624)
Combined time = 2.887857e+00
(n_test, n_int, n_ext, n_obs, n) = (624, 608, 628, 100, 624)
Combined time = 2.896657e+00
(n_test, n_int, n_ext, n_obs, n) = (624, 608, 628, 100, 624)
Combined time = 2.973164e+00
(n_test, n_int, n_ext, n_obs, n) = (624, 608, 628, 100, 624)
Combined time = 2.909321e+00
(n_test, n_int, n_ext, n_obs, n) = (624, 608, 628, 100, 624)
Combined time = 3.002755e+00
(n_test, n_int, n_ext, n_obs, n) = (624, 608, 628, 100, 624)
Combined time = 3.103754e+00
(n_test, n_int, n_ext, n_obs, n) = (624, 608, 628, 100, 624)
Combined time = 2.919712e+00
(n_test, n_int, n_ext, n_obs, n) = (624, 608, 628, 100, 624)
Combined time = 2.899524e+00
(n_test, n_int, n_ext, n_obs, n) = (624, 608, 628, 100, 624)
Combined time = 2.914844e+00
(n_test, n_int, n_ext, n_obs, n) = (624, 608, 628, 100, 624)
Combined time = 2.877365e+00
(n_test, n_int, n_ext, n_obs, n) = (624, 608, 628, 100, 624)
Combined time = 2.921304e+00
(n_test, n_int, n_ext, n_obs, n) = (624, 608, 628, 100, 624)
Combined time = 3.025400e+00
(n_test, n_int, n_ext, n_obs, n) = (624, 608, 628, 100, 624)
Combined time = 3.075300e+00
(n_test, n_int, n_ext, n_obs, n) = (624, 608, 628, 100, 624)
Combined time = 2.917326e+00
(n_test, n_int, n_ext, n_obs, n) = (624, 608, 628, 100, 624)
Combined time = 2.892993e+00
(n_test, n_int, n_ext, n_obs, n) = (624, 608, 628, 100, 624)
Combined time = 2.896755e+00
ACCEPTED 25
(n_test, n_int, n_ext, n_obs, n) = (624, 608, 628, 100, 624)
Combined time = 2.942215e+00
(n_test, n_int, n_ext, n_obs, n) = (624, 608, 628, 100, 624)
Combined time = 2.916213e+00
(n_test, n_int, n_ext, n_obs, n) = (624, 608, 628, 100, 624)
Combined time = 2.936266e+00
(n_test, n_int, n_ext, n_obs, n) = (624, 608, 628, 100, 624)
Combined time = 3.003018e+00
(n_test, n_int, n_ext, n_obs, n) = (624, 608, 628, 100, 624)
Combined time = 3.042506e+00
(n_test, n_int, n_ext, n_obs, n) = (624, 608, 628, 100, 624)
Combined time = 2.915296e+00
(n_test, n_int, n_ext, n_obs, n) = (624, 608, 628, 100, 624)
Combined time = 2.924116e+00
(n_test, n_int, n_ext, n_obs, n) = (624, 608, 628, 100, 624)
Combined time = 2.924924e+00
(n_test, n_int, n_ext, n_obs, n) = (624, 608, 628, 100, 624)
Combined time = 2.893306e+00
(n_test, n_int, n_ext, n_obs, n) = (624, 608, 628, 100, 624)
Combined time = 2.901571e+00
(n_test, n_int, n_ext, n_obs, n) = (624, 608, 628, 100, 624)
Combined time = 2.996722e+00
(n_test, n_int, n_ext, n_obs, n) = (624, 608, 628, 100, 624)
Combined time = 3.027695e+00
(n_test, n_int, n_ext, n_obs, n) = (624, 608, 628, 100, 624)
Combined time = 2.966838e+00
(n_test, n_int, n_ext, n_obs, n) = (624, 608, 628, 100, 624)
Combined time = 2.932312e+00
(n_test, n_int, n_ext, n_obs, n) = (624, 608, 628, 100, 624)
Combined time = 2.952701e+00
(n_test, n_int, n_ext, n_obs, n) = (624, 608, 628, 100, 624)
Combined time = 2.865745e+00
(n_test, n_int, n_ext, n_obs, n) = (624, 608, 628, 100, 624)
Combined time = 2.884348e+00
(n_test, n_int, n_ext, n_obs, n) = (624, 608, 628, 100, 624)
Combined time = 3.008410e+00
(n_test, n_int, n_ext, n_obs, n) = (624, 608, 628, 100, 624)
Combined time = 2.925150e+00
(n_test, n_int, n_ext, n_obs, n) = (624, 608, 628, 100, 624)
Combined time = 3.016255e+00
(n_test, n_int, n_ext, n_obs, n) = (624, 608, 628, 100, 624)
Combined time = 2.945162e+00
(n_test, n_int, n_ext, n_obs, n) = (624, 608, 628, 100, 624)
Combined time = 2.932100e+00
(n_test, n_int, n_ext, n_obs, n) = (624, 608, 628, 100, 624)
Combined time = 2.882863e+00
(n_test, n_int, n_ext, n_obs, n) = (624, 608, 628, 100, 624)
Combined time = 2.906229e+00
(n_test, n_int, n_ext, n_obs, n) = (624, 608, 628, 100, 624)
Combined time = 2.884927e+00
(n_test, n_int, n_ext, n_obs, n) = (624, 608, 628, 100, 624)
Combined time = 2.886350e+00
ACCEPTED 26
(n_test, n_int, n_ext, n_obs, n) = (624, 608, 628, 100, 624)
Combined time = 3.021369e+00
(n_test, n_int, n_ext, n_obs, n) = (624, 608, 628, 100, 624)
Combined time = 3.191454e+00
(n_test, n_int, n_ext, n_obs, n) = (624, 608, 628, 100, 624)
Combined time = 2.866151e+00
(n_test, n_int, n_ext, n_obs, n) = (624, 608, 628, 100, 624)
Combined time = 2.902291e+00
(n_test, n_int, n_ext, n_obs, n) = (624, 608, 628, 100, 624)
Combined time = 2.905226e+00
(n_test, n_int, n_ext, n_obs, n) = (624, 608, 628, 100, 624)
Combined time = 2.882616e+00
(n_test, n_int, n_ext, n_obs, n) = (624, 608, 628, 100, 624)
Combined time = 2.887242e+00
(n_test, n_int, n_ext, n_obs, n) = (624, 608, 628, 100, 624)
Combined time = 2.979740e+00
(n_test, n_int, n_ext, n_obs, n) = (624, 608, 628, 100, 624)
Combined time = 3.014994e+00
(n_test, n_int, n_ext, n_obs, n) = (624, 608, 628, 100, 624)
Combined time = 2.950157e+00
(n_test, n_int, n_ext, n_obs, n) = (624, 608, 628, 100, 624)
Combined time = 2.904664e+00
(n_test, n_int, n_ext, n_obs, n) = (624, 608, 628, 100, 624)
Combined time = 2.993511e+00
(n_test, n_int, n_ext, n_obs, n) = (624, 608, 628, 100, 624)
Combined time = 2.923145e+00
(n_test, n_int, n_ext, n_obs, n) = (624, 608, 628, 100, 624)
Combined time = 2.866952e+00
(n_test, n_int, n_ext, n_obs, n) = (624, 608, 628, 100, 624)
Combined time = 2.924576e+00
(n_test, n_int, n_ext, n_obs, n) = (624, 608, 628, 100, 624)
Combined time = 2.971581e+00
(n_test, n_int, n_ext, n_obs, n) = (624, 608, 628, 100, 624)
Combined time = 2.922131e+00
(n_test, n_int, n_ext, n_obs, n) = (624, 608, 628, 100, 624)
Combined time = 2.896017e+00
(n_test, n_int, n_ext, n_obs, n) = (624, 608, 628, 100, 624)
Combined time = 2.895364e+00
(n_test, n_int, n_ext, n_obs, n) = (624, 608, 628, 100, 624)
Combined time = 2.951187e+00
(n_test, n_int, n_ext, n_obs, n) = (624, 608, 628, 100, 624)
Combined time = 2.885526e+00
(n_test, n_int, n_ext, n_obs, n) = (624, 608, 628, 100, 624)
Combined time = 2.988030e+00
(n_test, n_int, n_ext, n_obs, n) = (624, 608, 628, 100, 624)
Combined time = 3.033284e+00
(n_test, n_int, n_ext, n_obs, n) = (624, 608, 628, 100, 624)
Combined time = 3.050588e+00
(n_test, n_int, n_ext, n_obs, n) = (624, 608, 628, 100, 624)
Combined time = 2.975072e+00
(n_test, n_int, n_ext, n_obs, n) = (624, 608, 628, 100, 624)
Combined time = 3.013289e+00
(n_test, n_int, n_ext, n_obs, n) = (624, 608, 628, 100, 624)
Combined time = 2.917521e+00
(n_test, n_int, n_ext, n_obs, n) = (624, 608, 628, 100, 624)
Combined time = 2.914003e+00
(n_test, n_int, n_ext, n_obs, n) = (624, 608, 628, 100, 624)
Combined time = 2.948117e+00
(n_test, n_int, n_ext, n_obs, n) = (624, 608, 628, 100, 624)
Combined time = 2.904579e+00
(n_test, n_int, n_ext, n_obs, n) = (624, 608, 628, 100, 624)
Combined time = 3.057623e+00
(n_test, n_int, n_ext, n_obs, n) = (624, 608, 628, 100, 624)
Combined time = 3.081834e+00
(n_test, n_int, n_ext, n_obs, n) = (624, 608, 628, 100, 624)
Combined time = 2.937095e+00
(n_test, n_int, n_ext, n_obs, n) = (624, 608, 628, 100, 624)
Combined time = 2.864934e+00
(n_test, n_int, n_ext, n_obs, n) = (624, 608, 628, 100, 624)
Combined time = 2.956680e+00
(n_test, n_int, n_ext, n_obs, n) = (624, 608, 628, 100, 624)
Combined time = 2.966077e+00
(n_test, n_int, n_ext, n_obs, n) = (624, 608, 628, 100, 624)
Combined time = 2.944179e+00
ACCEPTED 27
(n_test, n_int, n_ext, n_obs, n) = (624, 608, 628, 100, 624)
Combined time = 2.915691e+00
(n_test, n_int, n_ext, n_obs, n) = (624, 608, 628, 100, 624)
Combined time = 3.033572e+00
(n_test, n_int, n_ext, n_obs, n) = (624, 608, 628, 100, 624)
Combined time = 2.936153e+00
(n_test, n_int, n_ext, n_obs, n) = (624, 608, 628, 100, 624)
Combined time = 2.943987e+00
ACCEPTED 28
(n_test, n_int, n_ext, n_obs, n) = (624, 608, 628, 100, 624)
Combined time = 2.973330e+00
(n_test, n_int, n_ext, n_obs, n) = (624, 608, 628, 100, 624)
Combined time = 2.911885e+00
(n_test, n_int, n_ext, n_obs, n) = (624, 608, 628, 100, 624)
Combined time = 2.924067e+00
(n_test, n_int, n_ext, n_obs, n) = (624, 608, 628, 100, 624)
Combined time = 2.987339e+00
(n_test, n_int, n_ext, n_obs, n) = (624, 608, 628, 100, 624)
Combined time = 3.062136e+00
(n_test, n_int, n_ext, n_obs, n) = (624, 608, 628, 100, 624)
Combined time = 3.002721e+00
(n_test, n_int, n_ext, n_obs, n) = (624, 608, 628, 100, 624)
Combined time = 2.926074e+00
(n_test, n_int, n_ext, n_obs, n) = (624, 608, 628, 100, 624)
Combined time = 2.956773e+00
(n_test, n_int, n_ext, n_obs, n) = (624, 608, 628, 100, 624)
Combined time = 2.904292e+00
(n_test, n_int, n_ext, n_obs, n) = (624, 608, 628, 100, 624)
Combined time = 2.914227e+00
(n_test, n_int, n_ext, n_obs, n) = (624, 608, 628, 100, 624)
Combined time = 2.941352e+00
(n_test, n_int, n_ext, n_obs, n) = (624, 608, 628, 100, 624)
Combined time = 3.035479e+00
(n_test, n_int, n_ext, n_obs, n) = (624, 608, 628, 100, 624)
Combined time = 3.023568e+00
(n_test, n_int, n_ext, n_obs, n) = (624, 608, 628, 100, 624)
Combined time = 2.976773e+00
(n_test, n_int, n_ext, n_obs, n) = (624, 608, 628, 100, 624)
Combined time = 2.908681e+00
(n_test, n_int, n_ext, n_obs, n) = (624, 608, 628, 100, 624)
Combined time = 2.871728e+00
(n_test, n_int, n_ext, n_obs, n) = (624, 608, 628, 100, 624)
Combined time = 2.874913e+00
(n_test, n_int, n_ext, n_obs, n) = (624, 608, 628, 100, 624)
Combined time = 2.943937e+00
(n_test, n_int, n_ext, n_obs, n) = (624, 608, 628, 100, 624)
Combined time = 2.961023e+00
(n_test, n_int, n_ext, n_obs, n) = (624, 608, 628, 100, 624)
Combined time = 3.032123e+00
(n_test, n_int, n_ext, n_obs, n) = (624, 608, 628, 100, 624)
Combined time = 3.086367e+00
(n_test, n_int, n_ext, n_obs, n) = (624, 608, 628, 100, 624)
Combined time = 3.062137e+00
(n_test, n_int, n_ext, n_obs, n) = (624, 608, 628, 100, 624)
Combined time = 2.969968e+00
(n_test, n_int, n_ext, n_obs, n) = (624, 608, 628, 100, 624)
Combined time = 2.969842e+00
(n_test, n_int, n_ext, n_obs, n) = (624, 608, 628, 100, 624)
Combined time = 2.906612e+00
(n_test, n_int, n_ext, n_obs, n) = (624, 608, 628, 100, 624)
Combined time = 3.001410e+00
(n_test, n_int, n_ext, n_obs, n) = (624, 608, 628, 100, 624)
Combined time = 2.923308e+00
(n_test, n_int, n_ext, n_obs, n) = (624, 608, 628, 100, 624)
Combined time = 3.112768e+00
(n_test, n_int, n_ext, n_obs, n) = (624, 608, 628, 100, 624)
Combined time = 3.071666e+00
(n_test, n_int, n_ext, n_obs, n) = (624, 608, 628, 100, 624)
Combined time = 2.924836e+00
(n_test, n_int, n_ext, n_obs, n) = (624, 608, 628, 100, 624)
Combined time = 2.964884e+00
(n_test, n_int, n_ext, n_obs, n) = (624, 608, 628, 100, 624)
Combined time = 3.156307e+00
(n_test, n_int, n_ext, n_obs, n) = (624, 608, 628, 100, 624)
Combined time = 2.993808e+00
(n_test, n_int, n_ext, n_obs, n) = (624, 608, 628, 100, 624)
Combined time = 2.992350e+00
(n_test, n_int, n_ext, n_obs, n) = (624, 608, 628, 100, 624)
Combined time = 3.042040e+00
(n_test, n_int, n_ext, n_obs, n) = (624, 608, 628, 100, 624)
Combined time = 3.052805e+00
(n_test, n_int, n_ext, n_obs, n) = (624, 608, 628, 100, 624)
Combined time = 2.992041e+00
(n_test, n_int, n_ext, n_obs, n) = (624, 608, 628, 100, 624)
Combined time = 2.897125e+00
(n_test, n_int, n_ext, n_obs, n) = (624, 608, 628, 100, 624)
Combined time = 2.934690e+00
(n_test, n_int, n_ext, n_obs, n) = (624, 608, 628, 100, 624)
Combined time = 2.901320e+00
(n_test, n_int, n_ext, n_obs, n) = (624, 608, 628, 100, 624)
Combined time = 2.905274e+00
(n_test, n_int, n_ext, n_obs, n) = (624, 608, 628, 100, 624)
Combined time = 2.956635e+00
(n_test, n_int, n_ext, n_obs, n) = (624, 608, 628, 100, 624)
Combined time = 2.981546e+00
(n_test, n_int, n_ext, n_obs, n) = (624, 608, 628, 100, 624)
Combined time = 3.088954e+00
(n_test, n_int, n_ext, n_obs, n) = (624, 608, 628, 100, 624)
Combined time = 2.890330e+00
(n_test, n_int, n_ext, n_obs, n) = (624, 608, 628, 100, 624)
Combined time = 2.930768e+00
(n_test, n_int, n_ext, n_obs, n) = (624, 608, 628, 100, 624)
Combined time = 2.933302e+00
(n_test, n_int, n_ext, n_obs, n) = (624, 608, 628, 100, 624)
Combined time = 2.944414e+00
(n_test, n_int, n_ext, n_obs, n) = (624, 608, 628, 100, 624)
Combined time = 2.877072e+00
(n_test, n_int, n_ext, n_obs, n) = (624, 608, 628, 100, 624)
Combined time = 2.903783e+00
(n_test, n_int, n_ext, n_obs, n) = (624, 608, 628, 100, 624)
Combined time = 3.036757e+00
(n_test, n_int, n_ext, n_obs, n) = (624, 608, 628, 100, 624)
Combined time = 3.049827e+00
(n_test, n_int, n_ext, n_obs, n) = (624, 608, 628, 100, 624)
Combined time = 2.924305e+00
(n_test, n_int, n_ext, n_obs, n) = (624, 608, 628, 100, 624)
Combined time = 2.952895e+00
(n_test, n_int, n_ext, n_obs, n) = (624, 608, 628, 100, 624)
Combined time = 2.973476e+00
(n_test, n_int, n_ext, n_obs, n) = (624, 608, 628, 100, 624)
Combined time = 2.902020e+00
(n_test, n_int, n_ext, n_obs, n) = (624, 608, 628, 100, 624)
Combined time = 2.964693e+00
(n_test, n_int, n_ext, n_obs, n) = (624, 608, 628, 100, 624)
Combined time = 3.003634e+00
(n_test, n_int, n_ext, n_obs, n) = (624, 608, 628, 100, 624)
Combined time = 3.090437e+00
(n_test, n_int, n_ext, n_obs, n) = (624, 608, 628, 100, 624)
Combined time = 2.914810e+00
(n_test, n_int, n_ext, n_obs, n) = (624, 608, 628, 100, 624)
Combined time = 2.984901e+00
(n_test, n_int, n_ext, n_obs, n) = (624, 608, 628, 100, 624)
Combined time = 3.006632e+00
(n_test, n_int, n_ext, n_obs, n) = (624, 608, 628, 100, 624)
Combined time = 2.927070e+00
(n_test, n_int, n_ext, n_obs, n) = (624, 608, 628, 100, 624)
Combined time = 2.959057e+00
(n_test, n_int, n_ext, n_obs, n) = (624, 608, 628, 100, 624)
Combined time = 2.998792e+00
(n_test, n_int, n_ext, n_obs, n) = (624, 608, 628, 100, 624)
Combined time = 3.123821e+00
(n_test, n_int, n_ext, n_obs, n) = (624, 608, 628, 100, 624)
Combined time = 3.060279e+00
(n_test, n_int, n_ext, n_obs, n) = (624, 608, 628, 100, 624)
Combined time = 2.910333e+00
(n_test, n_int, n_ext, n_obs, n) = (624, 608, 628, 100, 624)
Combined time = 2.975730e+00
(n_test, n_int, n_ext, n_obs, n) = (624, 608, 628, 100, 624)
Combined time = 2.936077e+00
(n_test, n_int, n_ext, n_obs, n) = (624, 608, 628, 100, 624)
Combined time = 2.936331e+00
(n_test, n_int, n_ext, n_obs, n) = (624, 608, 628, 100, 624)
Combined time = 2.956431e+00
(n_test, n_int, n_ext, n_obs, n) = (624, 608, 628, 100, 624)
Combined time = 3.119627e+00
(n_test, n_int, n_ext, n_obs, n) = (624, 608, 628, 100, 624)
Combined time = 3.275145e+00
(n_test, n_int, n_ext, n_obs, n) = (624, 608, 628, 100, 624)
Combined time = 3.048111e+00
(n_test, n_int, n_ext, n_obs, n) = (624, 608, 628, 100, 624)
Combined time = 3.013303e+00
(n_test, n_int, n_ext, n_obs, n) = (624, 608, 628, 100, 624)
Combined time = 2.984474e+00
ACCEPTED 29
(n_test, n_int, n_ext, n_obs, n) = (624, 608, 628, 100, 624)
Combined time = 2.907978e+00
(n_test, n_int, n_ext, n_obs, n) = (624, 608, 628, 100, 624)
Combined time = 2.896574e+00
(n_test, n_int, n_ext, n_obs, n) = (624, 608, 628, 100, 624)
Combined time = 2.886740e+00
(n_test, n_int, n_ext, n_obs, n) = (624, 608, 628, 100, 624)
Combined time = 2.985690e+00
(n_test, n_int, n_ext, n_obs, n) = (624, 608, 628, 100, 624)
Combined time = 3.190403e+00
(n_test, n_int, n_ext, n_obs, n) = (624, 608, 628, 100, 624)
Combined time = 2.907264e+00
(n_test, n_int, n_ext, n_obs, n) = (624, 608, 628, 100, 624)
Combined time = 2.888651e+00
(n_test, n_int, n_ext, n_obs, n) = (624, 608, 628, 100, 624)
Combined time = 2.908058e+00
(n_test, n_int, n_ext, n_obs, n) = (624, 608, 628, 100, 624)
Combined time = 2.861028e+00
(n_test, n_int, n_ext, n_obs, n) = (624, 608, 628, 100, 624)
Combined time = 2.923581e+00
(n_test, n_int, n_ext, n_obs, n) = (624, 608, 628, 100, 624)
Combined time = 2.903853e+00
(n_test, n_int, n_ext, n_obs, n) = (624, 608, 628, 100, 624)
Combined time = 3.062880e+00
(n_test, n_int, n_ext, n_obs, n) = (624, 608, 628, 100, 624)
Combined time = 3.091611e+00
(n_test, n_int, n_ext, n_obs, n) = (624, 608, 628, 100, 624)
Combined time = 2.991326e+00
(n_test, n_int, n_ext, n_obs, n) = (624, 608, 628, 100, 624)
Combined time = 3.086844e+00
(n_test, n_int, n_ext, n_obs, n) = (624, 608, 628, 100, 624)
Combined time = 3.000258e+00
(n_test, n_int, n_ext, n_obs, n) = (624, 608, 628, 100, 624)
Combined time = 2.992582e+00
(n_test, n_int, n_ext, n_obs, n) = (624, 608, 628, 100, 624)
Combined time = 2.942173e+00
(n_test, n_int, n_ext, n_obs, n) = (624, 608, 628, 100, 624)
Combined time = 3.044635e+00
(n_test, n_int, n_ext, n_obs, n) = (624, 608, 628, 100, 624)
Combined time = 3.093022e+00
(n_test, n_int, n_ext, n_obs, n) = (624, 608, 628, 100, 624)
Combined time = 2.986889e+00
(n_test, n_int, n_ext, n_obs, n) = (624, 608, 628, 100, 624)
Combined time = 3.000285e+00
(n_test, n_int, n_ext, n_obs, n) = (624, 608, 628, 100, 624)
Combined time = 2.991888e+00
(n_test, n_int, n_ext, n_obs, n) = (624, 608, 628, 100, 624)
Combined time = 3.025298e+00
(n_test, n_int, n_ext, n_obs, n) = (624, 608, 628, 100, 624)
Combined time = 3.056478e+00
(n_test, n_int, n_ext, n_obs, n) = (624, 608, 628, 100, 624)
Combined time = 2.928607e+00
(n_test, n_int, n_ext, n_obs, n) = (624, 608, 628, 100, 624)
Combined time = 3.093876e+00
(n_test, n_int, n_ext, n_obs, n) = (624, 608, 628, 100, 624)
Combined time = 3.102210e+00
(n_test, n_int, n_ext, n_obs, n) = (624, 608, 628, 100, 624)
Combined time = 2.923017e+00
(n_test, n_int, n_ext, n_obs, n) = (624, 608, 628, 100, 624)
Combined time = 3.023953e+00
(n_test, n_int, n_ext, n_obs, n) = (624, 608, 628, 100, 624)
Combined time = 3.074828e+00
(n_test, n_int, n_ext, n_obs, n) = (624, 608, 628, 100, 624)
Combined time = 3.017643e+00
(n_test, n_int, n_ext, n_obs, n) = (624, 608, 628, 100, 624)
Combined time = 3.022197e+00
(n_test, n_int, n_ext, n_obs, n) = (624, 608, 628, 100, 624)
Combined time = 3.084986e+00
(n_test, n_int, n_ext, n_obs, n) = (624, 608, 628, 100, 624)
Combined time = 3.199018e+00
(n_test, n_int, n_ext, n_obs, n) = (624, 608, 628, 100, 624)
Combined time = 2.950049e+00
(n_test, n_int, n_ext, n_obs, n) = (624, 608, 628, 100, 624)
Combined time = 3.012503e+00
(n_test, n_int, n_ext, n_obs, n) = (624, 608, 628, 100, 624)
Combined time = 3.001891e+00
(n_test, n_int, n_ext, n_obs, n) = (624, 608, 628, 100, 624)
Combined time = 3.052924e+00
(n_test, n_int, n_ext, n_obs, n) = (624, 608, 628, 100, 624)
Combined time = 3.023979e+00
(n_test, n_int, n_ext, n_obs, n) = (624, 608, 628, 100, 624)
Combined time = 3.011089e+00
(n_test, n_int, n_ext, n_obs, n) = (624, 608, 628, 100, 624)
Combined time = 3.072416e+00
(n_test, n_int, n_ext, n_obs, n) = (624, 608, 628, 100, 624)
Combined time = 3.093143e+00
(n_test, n_int, n_ext, n_obs, n) = (624, 608, 628, 100, 624)
Combined time = 3.040796e+00
(n_test, n_int, n_ext, n_obs, n) = (624, 608, 628, 100, 624)
Combined time = 2.976486e+00
(n_test, n_int, n_ext, n_obs, n) = (624, 608, 628, 100, 624)
Combined time = 3.043268e+00
(n_test, n_int, n_ext, n_obs, n) = (624, 608, 628, 100, 624)
Combined time = 3.081953e+00
(n_test, n_int, n_ext, n_obs, n) = (624, 608, 628, 100, 624)
Combined time = 2.983698e+00
(n_test, n_int, n_ext, n_obs, n) = (624, 608, 628, 100, 624)
Combined time = 3.017249e+00
(n_test, n_int, n_ext, n_obs, n) = (624, 608, 628, 100, 624)
Combined time = 3.092383e+00
(n_test, n_int, n_ext, n_obs, n) = (624, 608, 628, 100, 624)
Combined time = 3.148262e+00
(n_test, n_int, n_ext, n_obs, n) = (624, 608, 628, 100, 624)
Combined time = 3.234789e+00
(n_test, n_int, n_ext, n_obs, n) = (624, 608, 628, 100, 624)
Combined time = 3.045474e+00
(n_test, n_int, n_ext, n_obs, n) = (624, 608, 628, 100, 624)
Combined time = 3.088790e+00
(n_test, n_int, n_ext, n_obs, n) = (624, 608, 628, 100, 624)
Combined time = 3.000384e+00
ACCEPTED 30
(n_test, n_int, n_ext, n_obs, n) = (624, 608, 628, 100, 624)
Combined time = 2.941059e+00
(n_test, n_int, n_ext, n_obs, n) = (624, 608, 628, 100, 624)
Combined time = 3.074803e+00
(n_test, n_int, n_ext, n_obs, n) = (624, 608, 628, 100, 624)
Combined time = 3.124525e+00
(n_test, n_int, n_ext, n_obs, n) = (624, 608, 628, 100, 624)
Combined time = 3.256886e+00
(n_test, n_int, n_ext, n_obs, n) = (624, 608, 628, 100, 624)
Combined time = 3.002131e+00
(n_test, n_int, n_ext, n_obs, n) = (624, 608, 628, 100, 624)
Combined time = 2.965165e+00
(n_test, n_int, n_ext, n_obs, n) = (624, 608, 628, 100, 624)
Combined time = 2.997649e+00
ACCEPTED 31
(n_test, n_int, n_ext, n_obs, n) = (624, 608, 628, 100, 624)
Combined time = 3.017121e+00
(n_test, n_int, n_ext, n_obs, n) = (624, 608, 628, 100, 624)
Combined time = 3.023417e+00
(n_test, n_int, n_ext, n_obs, n) = (624, 608, 628, 100, 624)
Combined time = 3.099891e+00
(n_test, n_int, n_ext, n_obs, n) = (624, 608, 628, 100, 624)
Combined time = 3.090657e+00
(n_test, n_int, n_ext, n_obs, n) = (624, 608, 628, 100, 624)
Combined time = 2.981351e+00
(n_test, n_int, n_ext, n_obs, n) = (624, 608, 628, 100, 624)
Combined time = 3.030714e+00
ACCEPTED 32
(n_test, n_int, n_ext, n_obs, n) = (624, 608, 628, 100, 624)
Combined time = 2.992418e+00
(n_test, n_int, n_ext, n_obs, n) = (624, 608, 628, 100, 624)
Combined time = 2.953623e+00
(n_test, n_int, n_ext, n_obs, n) = (624, 608, 628, 100, 624)
Combined time = 3.009213e+00
(n_test, n_int, n_ext, n_obs, n) = (624, 608, 628, 100, 624)
Combined time = 3.114473e+00
(n_test, n_int, n_ext, n_obs, n) = (624, 608, 628, 100, 624)
Combined time = 3.070130e+00
(n_test, n_int, n_ext, n_obs, n) = (624, 608, 628, 100, 624)
Combined time = 3.072103e+00
(n_test, n_int, n_ext, n_obs, n) = (624, 608, 628, 100, 624)
Combined time = 2.979270e+00
(n_test, n_int, n_ext, n_obs, n) = (624, 608, 628, 100, 624)
Combined time = 2.953733e+00
(n_test, n_int, n_ext, n_obs, n) = (624, 608, 628, 100, 624)
Combined time = 3.041024e+00
(n_test, n_int, n_ext, n_obs, n) = (624, 608, 628, 100, 624)
Combined time = 2.943372e+00
(n_test, n_int, n_ext, n_obs, n) = (624, 608, 628, 100, 624)
Combined time = 2.975240e+00
ACCEPTED 33
(n_test, n_int, n_ext, n_obs, n) = (624, 608, 628, 100, 624)
Combined time = 3.069047e+00
(n_test, n_int, n_ext, n_obs, n) = (624, 608, 628, 100, 624)
Combined time = 3.091944e+00
(n_test, n_int, n_ext, n_obs, n) = (624, 608, 628, 100, 624)
Combined time = 3.022566e+00
(n_test, n_int, n_ext, n_obs, n) = (624, 608, 628, 100, 624)
Combined time = 2.969731e+00
(n_test, n_int, n_ext, n_obs, n) = (624, 608, 628, 100, 624)
Combined time = 3.088260e+00
(n_test, n_int, n_ext, n_obs, n) = (624, 608, 628, 100, 624)
Combined time = 3.013937e+00
(n_test, n_int, n_ext, n_obs, n) = (624, 608, 628, 100, 624)
Combined time = 2.936863e+00
(n_test, n_int, n_ext, n_obs, n) = (624, 608, 628, 100, 624)
Combined time = 2.951258e+00
(n_test, n_int, n_ext, n_obs, n) = (624, 608, 628, 100, 624)
Combined time = 3.047169e+00
(n_test, n_int, n_ext, n_obs, n) = (624, 608, 628, 100, 624)
Combined time = 3.139366e+00
(n_test, n_int, n_ext, n_obs, n) = (624, 608, 628, 100, 624)
Combined time = 3.052279e+00
(n_test, n_int, n_ext, n_obs, n) = (624, 608, 628, 100, 624)
Combined time = 3.010683e+00
(n_test, n_int, n_ext, n_obs, n) = (624, 608, 628, 100, 624)
Combined time = 3.148934e+00
(n_test, n_int, n_ext, n_obs, n) = (624, 608, 628, 100, 624)
Combined time = 3.012768e+00
(n_test, n_int, n_ext, n_obs, n) = (624, 608, 628, 100, 624)
Combined time = 3.050502e+00
(n_test, n_int, n_ext, n_obs, n) = (624, 608, 628, 100, 624)
Combined time = 3.064472e+00
ACCEPTED 34
(n_test, n_int, n_ext, n_obs, n) = (624, 608, 628, 100, 624)
Combined time = 3.080917e+00
(n_test, n_int, n_ext, n_obs, n) = (624, 608, 628, 100, 624)
Combined time = 3.039445e+00
(n_test, n_int, n_ext, n_obs, n) = (624, 608, 628, 100, 624)
Combined time = 2.974921e+00
(n_test, n_int, n_ext, n_obs, n) = (624, 608, 628, 100, 624)
Combined time = 3.021710e+00
(n_test, n_int, n_ext, n_obs, n) = (624, 608, 628, 100, 624)
Combined time = 2.993130e+00
(n_test, n_int, n_ext, n_obs, n) = (624, 608, 628, 100, 624)
Combined time = 3.017948e+00
(n_test, n_int, n_ext, n_obs, n) = (624, 608, 628, 100, 624)
Combined time = 2.975528e+00
(n_test, n_int, n_ext, n_obs, n) = (624, 608, 628, 100, 624)
Combined time = 3.134981e+00
(n_test, n_int, n_ext, n_obs, n) = (624, 608, 628, 100, 624)
Combined time = 3.070095e+00
(n_test, n_int, n_ext, n_obs, n) = (624, 608, 628, 100, 624)
Combined time = 2.948285e+00
(n_test, n_int, n_ext, n_obs, n) = (624, 608, 628, 100, 624)
Combined time = 2.997932e+00
(n_test, n_int, n_ext, n_obs, n) = (624, 608, 628, 100, 624)
Combined time = 3.074936e+00
(n_test, n_int, n_ext, n_obs, n) = (624, 608, 628, 100, 624)
Combined time = 3.051473e+00
(n_test, n_int, n_ext, n_obs, n) = (624, 608, 628, 100, 624)
Combined time = 3.039864e+00
(n_test, n_int, n_ext, n_obs, n) = (624, 608, 628, 100, 624)
Combined time = 3.094142e+00
ACCEPTED 35
(n_test, n_int, n_ext, n_obs, n) = (624, 608, 628, 100, 624)
Combined time = 3.113232e+00
(n_test, n_int, n_ext, n_obs, n) = (624, 608, 628, 100, 624)
Combined time = 2.980912e+00
(n_test, n_int, n_ext, n_obs, n) = (624, 608, 628, 100, 624)
Combined time = 3.055739e+00
(n_test, n_int, n_ext, n_obs, n) = (624, 608, 628, 100, 624)
Combined time = 3.007305e+00
(n_test, n_int, n_ext, n_obs, n) = (624, 608, 628, 100, 624)
Combined time = 3.001241e+00
(n_test, n_int, n_ext, n_obs, n) = (624, 608, 628, 100, 624)
Combined time = 2.981616e+00
ACCEPTED 36
(n_test, n_int, n_ext, n_obs, n) = (624, 608, 628, 100, 624)
Combined time = 2.964952e+00
(n_test, n_int, n_ext, n_obs, n) = (624, 608, 628, 100, 624)
Combined time = 3.058718e+00
(n_test, n_int, n_ext, n_obs, n) = (624, 608, 628, 100, 624)
Combined time = 3.111776e+00
(n_test, n_int, n_ext, n_obs, n) = (624, 608, 628, 100, 624)
Combined time = 3.023133e+00
(n_test, n_int, n_ext, n_obs, n) = (624, 608, 628, 100, 624)
Combined time = 3.011606e+00
(n_test, n_int, n_ext, n_obs, n) = (624, 608, 628, 100, 624)
Combined time = 3.090357e+00
(n_test, n_int, n_ext, n_obs, n) = (624, 608, 628, 100, 624)
Combined time = 3.136013e+00
(n_test, n_int, n_ext, n_obs, n) = (624, 608, 628, 100, 624)
Combined time = 3.031283e+00
(n_test, n_int, n_ext, n_obs, n) = (624, 608, 628, 100, 624)
Combined time = 2.987696e+00
(n_test, n_int, n_ext, n_obs, n) = (624, 608, 628, 100, 624)
Combined time = 3.129721e+00
(n_test, n_int, n_ext, n_obs, n) = (624, 608, 628, 100, 624)
Combined time = 3.043240e+00
(n_test, n_int, n_ext, n_obs, n) = (624, 608, 628, 100, 624)
Combined time = 3.002485e+00
(n_test, n_int, n_ext, n_obs, n) = (624, 608, 628, 100, 624)
Combined time = 3.091925e+00
(n_test, n_int, n_ext, n_obs, n) = (624, 608, 628, 100, 624)
Combined time = 2.991257e+00
(n_test, n_int, n_ext, n_obs, n) = (624, 608, 628, 100, 624)
Combined time = 3.040824e+00
(n_test, n_int, n_ext, n_obs, n) = (624, 608, 628, 100, 624)
Combined time = 3.052724e+00
(n_test, n_int, n_ext, n_obs, n) = (624, 608, 628, 100, 624)
Combined time = 3.223367e+00
(n_test, n_int, n_ext, n_obs, n) = (624, 608, 628, 100, 624)
Combined time = 3.089385e+00
(n_test, n_int, n_ext, n_obs, n) = (624, 608, 628, 100, 624)
Combined time = 3.072871e+00
(n_test, n_int, n_ext, n_obs, n) = (624, 608, 628, 100, 624)
Combined time = 3.046448e+00
(n_test, n_int, n_ext, n_obs, n) = (624, 608, 628, 100, 624)
Combined time = 3.020754e+00
(n_test, n_int, n_ext, n_obs, n) = (624, 608, 628, 100, 624)
Combined time = 3.091086e+00
(n_test, n_int, n_ext, n_obs, n) = (624, 608, 628, 100, 624)
Combined time = 3.089592e+00
(n_test, n_int, n_ext, n_obs, n) = (624, 608, 628, 100, 624)
Combined time = 3.092195e+00
(n_test, n_int, n_ext, n_obs, n) = (624, 608, 628, 100, 624)
Combined time = 3.144871e+00
ACCEPTED 37
(n_test, n_int, n_ext, n_obs, n) = (624, 608, 628, 100, 624)
Combined time = 3.066968e+00
(n_test, n_int, n_ext, n_obs, n) = (624, 608, 628, 100, 624)
Combined time = 3.101970e+00
(n_test, n_int, n_ext, n_obs, n) = (624, 608, 628, 100, 624)
Combined time = 3.043106e+00
(n_test, n_int, n_ext, n_obs, n) = (624, 608, 628, 100, 624)
Combined time = 3.019145e+00
(n_test, n_int, n_ext, n_obs, n) = (624, 608, 628, 100, 624)
Combined time = 3.025150e+00
(n_test, n_int, n_ext, n_obs, n) = (624, 608, 628, 100, 624)
Combined time = 3.012084e+00
(n_test, n_int, n_ext, n_obs, n) = (624, 608, 628, 100, 624)
Combined time = 3.122319e+00
(n_test, n_int, n_ext, n_obs, n) = (624, 608, 628, 100, 624)
Combined time = 3.130989e+00
(n_test, n_int, n_ext, n_obs, n) = (624, 608, 628, 100, 624)
Combined time = 3.001919e+00
(n_test, n_int, n_ext, n_obs, n) = (624, 608, 628, 100, 624)
Combined time = 3.012583e+00
ACCEPTED 38
(n_test, n_int, n_ext, n_obs, n) = (624, 608, 628, 100, 624)
Combined time = 3.174957e+00
(n_test, n_int, n_ext, n_obs, n) = (624, 608, 628, 100, 624)
Combined time = 3.079536e+00
(n_test, n_int, n_ext, n_obs, n) = (624, 608, 628, 100, 624)
Combined time = 3.023607e+00
(n_test, n_int, n_ext, n_obs, n) = (624, 608, 628, 100, 624)
Combined time = 3.111505e+00
(n_test, n_int, n_ext, n_obs, n) = (624, 608, 628, 100, 624)
Combined time = 3.353663e+00
ACCEPTED 39
(n_test, n_int, n_ext, n_obs, n) = (624, 608, 628, 100, 624)
Combined time = 3.165145e+00
(n_test, n_int, n_ext, n_obs, n) = (624, 608, 628, 100, 624)
Combined time = 3.021122e+00
(n_test, n_int, n_ext, n_obs, n) = (624, 608, 628, 100, 624)
Combined time = 3.092201e+00
(n_test, n_int, n_ext, n_obs, n) = (624, 608, 628, 100, 624)
Combined time = 3.076672e+00
(n_test, n_int, n_ext, n_obs, n) = (624, 608, 628, 100, 624)
Combined time = 3.069663e+00
(n_test, n_int, n_ext, n_obs, n) = (624, 608, 628, 100, 624)
Combined time = 3.348059e+00
(n_test, n_int, n_ext, n_obs, n) = (624, 608, 628, 100, 624)
Combined time = 3.514415e+00
(n_test, n_int, n_ext, n_obs, n) = (624, 608, 628, 100, 624)
Combined time = 3.150116e+00
(n_test, n_int, n_ext, n_obs, n) = (624, 608, 628, 100, 624)
Combined time = 3.036076e+00
(n_test, n_int, n_ext, n_obs, n) = (624, 608, 628, 100, 624)
Combined time = 3.034193e+00
(n_test, n_int, n_ext, n_obs, n) = (624, 608, 628, 100, 624)
Combined time = 3.081443e+00
(n_test, n_int, n_ext, n_obs, n) = (624, 608, 628, 100, 624)
Combined time = 3.072567e+00
ACCEPTED 40
(n_test, n_int, n_ext, n_obs, n) = (624, 608, 628, 100, 624)
Combined time = 3.109867e+00
(n_test, n_int, n_ext, n_obs, n) = (624, 608, 628, 100, 624)
Combined time = 3.046423e+00
(n_test, n_int, n_ext, n_obs, n) = (624, 608, 628, 100, 624)
Combined time = 3.129003e+00
(n_test, n_int, n_ext, n_obs, n) = (624, 608, 628, 100, 624)
Combined time = 3.159123e+00
(n_test, n_int, n_ext, n_obs, n) = (624, 608, 628, 100, 624)
Combined time = 3.112079e+00
(n_test, n_int, n_ext, n_obs, n) = (624, 608, 628, 100, 624)
Combined time = 3.123378e+00
(n_test, n_int, n_ext, n_obs, n) = (624, 608, 628, 100, 624)
Combined time = 3.079330e+00
(n_test, n_int, n_ext, n_obs, n) = (624, 608, 628, 100, 624)
Combined time = 3.053380e+00
(n_test, n_int, n_ext, n_obs, n) = (624, 608, 628, 100, 624)
Combined time = 3.002734e+00
(n_test, n_int, n_ext, n_obs, n) = (624, 608, 628, 100, 624)
Combined time = 3.061927e+00
(n_test, n_int, n_ext, n_obs, n) = (624, 608, 628, 100, 624)
Combined time = 3.175425e+00
(n_test, n_int, n_ext, n_obs, n) = (624, 608, 628, 100, 624)
Combined time = 3.148224e+00
(n_test, n_int, n_ext, n_obs, n) = (624, 608, 628, 100, 624)
Combined time = 3.150279e+00
(n_test, n_int, n_ext, n_obs, n) = (624, 608, 628, 100, 624)
Combined time = 3.073226e+00
(n_test, n_int, n_ext, n_obs, n) = (624, 608, 628, 100, 624)
Combined time = 3.071914e+00
(n_test, n_int, n_ext, n_obs, n) = (624, 608, 628, 100, 624)
Combined time = 3.058391e+00
(n_test, n_int, n_ext, n_obs, n) = (624, 608, 628, 100, 624)
Combined time = 3.039799e+00
(n_test, n_int, n_ext, n_obs, n) = (624, 608, 628, 100, 624)
Combined time = 3.167640e+00
(n_test, n_int, n_ext, n_obs, n) = (624, 608, 628, 100, 624)
Combined time = 3.183413e+00
(n_test, n_int, n_ext, n_obs, n) = (624, 608, 628, 100, 624)
Combined time = 3.099746e+00
(n_test, n_int, n_ext, n_obs, n) = (624, 608, 628, 100, 624)
Combined time = 3.083892e+00
(n_test, n_int, n_ext, n_obs, n) = (624, 608, 628, 100, 624)
Combined time = 3.077539e+00
(n_test, n_int, n_ext, n_obs, n) = (624, 608, 628, 100, 624)
Combined time = 3.123375e+00
(n_test, n_int, n_ext, n_obs, n) = (624, 608, 628, 100, 624)
Combined time = 3.094106e+00
(n_test, n_int, n_ext, n_obs, n) = (624, 608, 628, 100, 624)
Combined time = 3.092590e+00
(n_test, n_int, n_ext, n_obs, n) = (624, 608, 628, 100, 624)
Combined time = 3.179624e+00
(n_test, n_int, n_ext, n_obs, n) = (624, 608, 628, 100, 624)
Combined time = 3.157903e+00
(n_test, n_int, n_ext, n_obs, n) = (624, 608, 628, 100, 624)
Combined time = 3.120840e+00
ACCEPTED 41
(n_test, n_int, n_ext, n_obs, n) = (624, 608, 628, 100, 624)
Combined time = 3.189491e+00
(n_test, n_int, n_ext, n_obs, n) = (624, 608, 628, 100, 624)
Combined time = 3.092152e+00
(n_test, n_int, n_ext, n_obs, n) = (624, 608, 628, 100, 624)
Combined time = 3.121549e+00
(n_test, n_int, n_ext, n_obs, n) = (624, 608, 628, 100, 624)
Combined time = 3.111944e+00
(n_test, n_int, n_ext, n_obs, n) = (624, 608, 628, 100, 624)
Combined time = 3.181508e+00
(n_test, n_int, n_ext, n_obs, n) = (624, 608, 628, 100, 624)
Combined time = 3.201793e+00
(n_test, n_int, n_ext, n_obs, n) = (624, 608, 628, 100, 624)
Combined time = 3.169301e+00
(n_test, n_int, n_ext, n_obs, n) = (624, 608, 628, 100, 624)
Combined time = 3.093939e+00
(n_test, n_int, n_ext, n_obs, n) = (624, 608, 628, 100, 624)
Combined time = 3.126582e+00
(n_test, n_int, n_ext, n_obs, n) = (624, 608, 628, 100, 624)
Combined time = 3.137632e+00
(n_test, n_int, n_ext, n_obs, n) = (624, 608, 628, 100, 624)
Combined time = 3.183992e+00
(n_test, n_int, n_ext, n_obs, n) = (624, 608, 628, 100, 624)
Combined time = 3.173950e+00
(n_test, n_int, n_ext, n_obs, n) = (624, 608, 628, 100, 624)
Combined time = 3.232494e+00
(n_test, n_int, n_ext, n_obs, n) = (624, 608, 628, 100, 624)
Combined time = 3.311531e+00
(n_test, n_int, n_ext, n_obs, n) = (624, 608, 628, 100, 624)
Combined time = 3.133301e+00
(n_test, n_int, n_ext, n_obs, n) = (624, 608, 628, 100, 624)
Combined time = 3.163445e+00
(n_test, n_int, n_ext, n_obs, n) = (624, 608, 628, 100, 624)
Combined time = 3.172255e+00
(n_test, n_int, n_ext, n_obs, n) = (624, 608, 628, 100, 624)
Combined time = 3.151419e+00
(n_test, n_int, n_ext, n_obs, n) = (624, 608, 628, 100, 624)
Combined time = 3.184150e+00
(n_test, n_int, n_ext, n_obs, n) = (624, 608, 628, 100, 624)
Combined time = 3.163664e+00
(n_test, n_int, n_ext, n_obs, n) = (624, 608, 628, 100, 624)
Combined time = 3.183563e+00
ACCEPTED 42
(n_test, n_int, n_ext, n_obs, n) = (624, 608, 628, 100, 624)
Combined time = 3.227683e+00
(n_test, n_int, n_ext, n_obs, n) = (624, 608, 628, 100, 624)
Combined time = 3.144571e+00
(n_test, n_int, n_ext, n_obs, n) = (624, 608, 628, 100, 624)
Combined time = 3.202680e+00
(n_test, n_int, n_ext, n_obs, n) = (624, 608, 628, 100, 624)
Combined time = 3.141424e+00
(n_test, n_int, n_ext, n_obs, n) = (624, 608, 628, 100, 624)
Combined time = 3.189493e+00
(n_test, n_int, n_ext, n_obs, n) = (624, 608, 628, 100, 624)
Combined time = 3.167222e+00
(n_test, n_int, n_ext, n_obs, n) = (624, 608, 628, 100, 624)
Combined time = 3.233499e+00
(n_test, n_int, n_ext, n_obs, n) = (624, 608, 628, 100, 624)
Combined time = 3.198990e+00
(n_test, n_int, n_ext, n_obs, n) = (624, 608, 628, 100, 624)
Combined time = 3.153099e+00
(n_test, n_int, n_ext, n_obs, n) = (624, 608, 628, 100, 624)
Combined time = 3.135112e+00
(n_test, n_int, n_ext, n_obs, n) = (624, 608, 628, 100, 624)
Combined time = 3.159823e+00
(n_test, n_int, n_ext, n_obs, n) = (624, 608, 628, 100, 624)
Combined time = 3.232902e+00
(n_test, n_int, n_ext, n_obs, n) = (624, 608, 628, 100, 624)
Combined time = 3.139673e+00
(n_test, n_int, n_ext, n_obs, n) = (624, 608, 628, 100, 624)
Combined time = 3.138630e+00
(n_test, n_int, n_ext, n_obs, n) = (624, 608, 628, 100, 624)
Combined time = 3.212357e+00
(n_test, n_int, n_ext, n_obs, n) = (624, 608, 628, 100, 624)
Combined time = 3.243111e+00
(n_test, n_int, n_ext, n_obs, n) = (624, 608, 628, 100, 624)
Combined time = 3.168127e+00
(n_test, n_int, n_ext, n_obs, n) = (624, 608, 628, 100, 624)
Combined time = 3.084883e+00
(n_test, n_int, n_ext, n_obs, n) = (624, 608, 628, 100, 624)
Combined time = 3.229524e+00
(n_test, n_int, n_ext, n_obs, n) = (624, 608, 628, 100, 624)
Combined time = 3.150143e+00
(n_test, n_int, n_ext, n_obs, n) = (624, 608, 628, 100, 624)
Combined time = 3.216367e+00
(n_test, n_int, n_ext, n_obs, n) = (624, 608, 628, 100, 624)
Combined time = 3.248321e+00
(n_test, n_int, n_ext, n_obs, n) = (624, 608, 628, 100, 624)
Combined time = 3.236142e+00
(n_test, n_int, n_ext, n_obs, n) = (624, 608, 628, 100, 624)
Combined time = 3.137421e+00
(n_test, n_int, n_ext, n_obs, n) = (624, 608, 628, 100, 624)
Combined time = 3.124101e+00
(n_test, n_int, n_ext, n_obs, n) = (624, 608, 628, 100, 624)
Combined time = 3.152092e+00
(n_test, n_int, n_ext, n_obs, n) = (624, 608, 628, 100, 624)
Combined time = 3.138786e+00
(n_test, n_int, n_ext, n_obs, n) = (624, 608, 628, 100, 624)
Combined time = 3.343029e+00
(n_test, n_int, n_ext, n_obs, n) = (624, 608, 628, 100, 624)
Combined time = 3.217630e+00
(n_test, n_int, n_ext, n_obs, n) = (624, 608, 628, 100, 624)
Combined time = 3.299820e+00
(n_test, n_int, n_ext, n_obs, n) = (624, 608, 628, 100, 624)
Combined time = 3.192992e+00
(n_test, n_int, n_ext, n_obs, n) = (624, 608, 628, 100, 624)
Combined time = 3.172690e+00
(n_test, n_int, n_ext, n_obs, n) = (624, 608, 628, 100, 624)
Combined time = 3.135244e+00
(n_test, n_int, n_ext, n_obs, n) = (624, 608, 628, 100, 624)
Combined time = 3.238651e+00
(n_test, n_int, n_ext, terminate called after throwing an instance of 'int'
/zhome/00/b/147112/.lsbatch/1731354853.23132913.shell: line 15: 2801562 Aborted                 OMP_NUM_THREADS=64 python inverse.py

------------------------------------------------------------
Sender: LSF System <lsfadmin@hpc.dtu.dk>
Subject: Job 23132913: <inverse> in cluster <dcc> Exited

Job <inverse> was submitted from host <n-62-11-47> by user <s194146> in cluster <dcc> at Mon Nov 11 20:54:13 2024
Job was executed on host(s) <64*n-62-12-81>, in queue <gpuh100>, as user <s194146> in cluster <dcc> at Mon Nov 11 20:54:13 2024
</zhome/00/b/147112> was used as the home directory.
</zhome/00/b/147112/bioscat/Scripts/C_and_CUDA/main> was used as the working directory.
Started at Mon Nov 11 20:54:13 2024
Terminated at Mon Nov 11 21:22:11 2024
Results reported at Mon Nov 11 21:22:11 2024

Your job looked like:

------------------------------------------------------------
# LSBATCH: User input
#!/bin/bash
#BSUB -J inverse # name
#BSUB -o outfiles/inverse_%J.out # output file
#BSUB -q gpuh100
#BSUB -n 64 ## cores
#BSUB -R "rusage[mem=1GB]" 
#BSUB -W 24:00 # useable time in minutes
##BSUB -N # send mail when done
#BSUB -R "span[hosts=1]"
#BSUB -gpu "num=1:mode=exclusive_process"

module load gcc/12.3.0-binutils-2.40
module load cuda/12.2.2

OMP_NUM_THREADS=64 python inverse.py
------------------------------------------------------------

Exited with exit code 134.

Resource usage summary:

    CPU time :                                   1689.00 sec.
    Max Memory :                                 382 MB
    Average Memory :                             234.67 MB
    Total Requested Memory :                     65536.00 MB
    Delta Memory :                               65154.00 MB
    Max Swap :                                   -
    Max Processes :                              4
    Max Threads :                                9
    Run time :                                   1683 sec.
    Turnaround time :                            1678 sec.

The output (if any) is above this job summary.

