Loaded module: gcc/12.3.0-binutils-2.40
Loaded module: cuda/12.2.2
(n_obs, n_lambdas, n_beta) = (100, 10, 10)
--------------------------------------
We are computing curves on device!
--------------------------------------

Initialization and allocation: 0.0008 seconds

Computing covariance matrix: 0.0003 seconds

Cholesky factorization successful.

Cholesky factorization: 0.0844 seconds

(n_test, n_int, n_ext, n_obs, n) = (624, 608, 628, 100, 624)
Lprev = -3.173209e+02
(n_test, n_int, n_ext, n_obs, n) = (624, 608, 628, 100, 624)
Lprev = -3.173209e+02
(n_test, n_int, n_ext, n_obs, n) = (624, 608, 628, 100, 624)
(n_test, n_int, n_ext, n_obs, n) = (624, 608, 628, 100, 624)
(n_test, n_int, n_ext, n_obs, n) = (624, 608, 628, 100, 624)
(n_test, n_int, n_ext, n_obs, n) = (624, 608, 628, 100, 624)
(n_test, n_int, n_ext, n_obs, n) = (624, 608, 628, 100, 624)
(n_test, n_int, n_ext, n_obs, n) = (624, 608, 628, 100, 624)
(n_test, n_int, n_ext, n_obs, n) = (624, 608, 628, 100, 624)
(n_test, n_int, n_ext, n_obs, n) = (624, 608, 628, 100, 624)
(n_test, n_int, n_ext, n_obs, n) = (624, 608, 628, 100, 624)
(n_test, n_int, n_ext, n_obs, n) = (624, 608, 628, 100, 624)
(n_test, n_int, n_ext, n_obs, n) = (624, 608, 628, 100, 624)
(n_test, n_int, n_ext, n_obs, n) = (624, 608, 628, 100, 624)
(n_test, n_int, n_ext, n_obs, n) = (624, 608, 628, 100, 624)
(n_test, n_int, n_ext, n_obs, n) = (624, 608, 628, 100, 624)
(n_test, n_int, n_ext, n_obs, n) = (624, 608, 628, 100, 624)
(n_test, n_int, n_ext, n_obs, n) = (624, 608, 628, 100, 624)
(n_test, n_int, n_ext, n_obs, n) = (624, 608, 628, 100, 624)
(n_test, n_int, n_ext, n_obs, n) = (624, 608, 628, 100, 624)
(n_test, n_int, n_ext, n_obs, n) = (624, 608, 628, 100, 624)
(n_test, n_int, n_ext, n_obs, n) = (624, 608, 628, 100, 624)
(n_test, n_int, n_ext, n_obs, n) = (624, 608, 628, 100, 624)
(n_test, n_int, n_ext, n_obs, n) = (624, 608, 628, 100, 624)
(n_test, n_int, n_ext, n_obs, n) = (624, 608, 628, 100, 624)
(n_test, n_int, n_ext, n_obs, n) = (624, 608, 628, 100, 624)
(n_test, n_int, n_ext, n_obs, n) = (624, 608, 628, 100, 624)
(n_test, n_int, n_ext, n_obs, n) = (624, 608, 628, 100, 624)
(n_test, n_int, n_ext, n_obs, n) = (624, 608, 628, 100, 624)
(n_test, n_int, n_ext, n_obs, n) = (624, 608, 628, 100, 624)
(n_test, n_int, n_ext, n_obs, n) = (624, 608, 628, 100, 624)
(n_test, n_int, n_ext, n_obs, n) = (624, 608, 628, 100, 624)
(n_test, n_int, n_ext, n_obs, n) = (624, 608, 628, 100, 624)
(n_test, n_int, n_ext, n_obs, n) = (624, 608, 628, 100, 624)
(n_test, n_int, n_ext, n_obs, n) = (624, 608, 628, 100, 624)
(n_test, n_int, n_ext, n_obs, n) = (624, 608, 628, 100, 624)
(n_test, n_int, n_ext, n_obs, n) = (624, 608, 628, 100, 624)
(n_test, n_int, n_ext, n_obs, n) = (624, 608, 628, 100, 624)
(n_test, n_int, n_ext, n_obs, n) = (624, 608, 628, 100, 624)
(n_test, n_int, n_ext, n_obs, n) = (624, 608, 628, 100, 624)
(n_test, n_int, n_ext, n_obs, n) = (624, 608, 628, 100, 624)
(n_test, n_int, n_ext, n_obs, n) = (624, 608, 628, 100, 624)
(n_test, n_int, n_ext, n_obs, n) = (624, 608, 628, 100, 624)
(n_test, n_int, n_ext, n_obs, n) = (624, 608, 628, 100, 624)
(n_test, n_int, n_ext, n_obs, n) = (624, 608, 628, 100, 624)
(n_test, n_int, n_ext, n_obs, n) = (624, 608, 628, 100, 624)
(n_test, n_int, n_ext, n_obs, n) = (624, 608, 628, 100, 624)
(n_test, n_int, n_ext, n_obs, n) = (624, 608, 628, 100, 624)
(n_test, n_int, n_ext, n_obs, n) = (624, 608, 628, 100, 624)
(n_test, n_int, n_ext, n_obs, n) = (624, 608, 628, 100, 624)
(n_test, n_int, n_ext, n_obs, n) = (624, 608, 628, 100, 624)
(n_test, n_int, n_ext, n_obs, n) = (624, 608, 628, 100, 624)
(n_test, n_int, n_ext, n_obs, n) = (624, 608, 628, 100, 624)
(n_test, n_int, n_ext, n_obs, n) = (624, 608, 628, 100, 624)
(n_test, n_int, n_ext, n_obs, n) = (624, 608, 628, 100, 624)
(n_test, n_int, n_ext, n_obs, n) = (624, 608, 628, 100, 624)
(n_test, n_int, n_ext, n_obs, n) = (624, 608, 628, 100, 624)
(n_test, n_int, n_ext, n_obs, n) = (624, 608, 628, 100, 624)
(n_test, n_int, n_ext, n_obs, n) = (624, 608, 628, 100, 624)
(n_test, n_int, n_ext, n_obs, n) = (624, 608, 628, 100, 624)
(n_test, n_int, n_ext, n_obs, n) = (624, 608, 628, 100, 624)
(n_test, n_int, n_ext, n_obs, n) = (624, 608, 628, 100, 624)
(n_test, n_int, n_ext, n_obs, n) = (624, 608, 628, 100, 624)
(n_test, n_int, n_ext, n_obs, n) = (624, 608, 628, 100, 624)
(n_test, n_int, n_ext, n_obs, n) = (624, 608, 628, 100, 624)
(n_test, n_int, n_ext, n_obs, n) = (624, 608, 628, 100, 624)
(n_test, n_int, n_ext, n_obs, n) = (624, 608, 628, 100, 624)
(n_test, n_int, n_ext, n_obs, n) = (624, 608, 628, 100, 624)
(n_test, n_int, n_ext, n_obs, n) = (624, 608, 628, 100, 624)
(n_test, n_int, n_ext, n_obs, n) = (624, 608, 628, 100, 624)
(n_test, n_int, n_ext, n_obs, n) = (624, 608, 628, 100, 624)
(n_test, n_int, n_ext, n_obs, n) = (624, 608, 628, 100, 624)
(n_test, n_int, n_ext, n_obs, n) = (624, 608, 628, 100, 624)
(n_test, n_int, n_ext, n_obs, n) = (624, 608, 628, 100, 624)
(n_test, n_int, n_ext, n_obs, n) = (624, 608, 628, 100, 624)
(n_test, n_int, n_ext, n_obs, n) = (624, 608, 628, 100, 624)
(n_test, n_int, n_ext, n_obs, n) = (624, 608, 628, 100, 624)
(n_test, n_int, n_ext, n_obs, n) = (624, 608, 628, 100, 624)
(n_test, n_int, n_ext, n_obs, n) = (624, 608, 628, 100, 624)
(n_test, n_int, n_ext, n_obs, n) = (624, 608, 628, 100, 624)
(n_test, n_int, n_ext, n_obs, n) = (624, 608, 628, 100, 624)
(n_test, n_int, n_ext, n_obs, n) = (624, 608, 628, 100, 624)
(n_test, n_int, n_ext, n_obs, n) = (624, 608, 628, 100, 624)
(n_test, n_int, n_ext, n_obs, n) = (624, 608, 628, 100, 624)
(n_test, n_int, n_ext, n_obs, n) = (624, 608, 628, 100, 624)
(n_test, n_int, n_ext, n_obs, n) = (624, 608, 628, 100, 624)
(n_test, n_int, n_ext, n_obs, n) = (624, 608, 628, 100, 624)
(n_test, n_int, n_ext, n_obs, n) = (624, 608, 628, 100, 624)
(n_test, n_int, n_ext, n_obs, n) = (624, 608, 628, 100, 624)
(n_test, n_int, n_ext, n_obs, n) = (624, 608, 628, 100, 624)
(n_test, n_int, n_ext, n_obs, n) = (624, 608, 628, 100, 624)
(n_test, n_int, n_ext, n_obs, n) = (624, 608, 628, 100, 624)
(n_test, n_int, n_ext, n_obs, n) = (624, 608, 628, 100, 624)
(n_test, n_int, n_ext, n_obs, n) = (624, 608, 628, 100, 624)
(n_test, n_int, n_ext, n_obs, n) = (624, 608, 628, 100, 624)
(n_test, n_int, n_ext, n_obs, n) = (624, 608, 628, 100, 624)
(n_test, n_int, n_ext, n_obs, n) = (624, 608, 628, 100, 624)
(n_test, n_int, n_ext, n_obs, n) = (624, 608, 628, 100, 624)
(n_test, n_int, n_ext, n_obs, n) = (624, 608, 628, 100, 624)
(n_test, n_int, n_ext, n_obs, n) = (624, 608, 628, 100, 624)
(n_test, n_int, n_ext, n_obs, n) = (624, 608, 628, 100, 624)
(n_test, n_int, n_ext, n_obs, n) = (624, 608, 628, 100, 624)
(n_test, n_int, n_ext, n_obs, n) = (624, 608, 628, 100, 624)
(n_test, n_int, n_ext, n_obs, n) = (624, 608, 628, 100, 624)
(n_test, n_int, n_ext, n_obs, n) = (624, 608, 628, 100, 624)
(n_test, n_int, n_ext, n_obs, n) = (624, 608, 628, 100, 624)
(n_test, n_int, n_ext, n_obs, n) = (624, 608, 628, 100, 624)
(n_test, n_int, n_ext, n_obs, n) = (624, 608, 628, 100, 624)
(n_test, n_int, n_ext, n_obs, n) = (624, 608, 628, 100, 624)
(n_test, n_int, n_ext, n_obs, n) = (624, 608, 628, 100, 624)
(n_test, n_int, n_ext, n_obs, n) = (624, 608, 628, 100, 624)
(n_test, n_int, n_ext, n_obs, n) = (624, 608, 628, 100, 624)
(n_test, n_int, n_ext, n_obs, n) = (624, 608, 628, 100, 624)
(n_test, n_int, n_ext, n_obs, n) = (624, 608, 628, 100, 624)
(n_test, n_int, n_ext, n_obs, n) = (624, 608, 628, 100, 624)
(n_test, n_int, n_ext, n_obs, n) = (624, 608, 628, 100, 624)
(n_test, n_int, n_ext, n_obs, n) = (624, 608, 628, 100, 624)
(n_test, n_int, n_ext, n_obs, n) = (624, 608, 628, 100, 624)
(n_test, n_int, n_ext, n_obs, n) = (624, 608, 628, 100, 624)
(n_test, n_int, n_ext, n_obs, n) = (624, 608, 628, 100, 624)
(n_test, n_int, n_ext, n_obs, n) = (624, 608, 628, 100, 624)
(n_test, n_int, n_ext, n_obs, n) = (624, 608, 628, 100, 624)
(n_test, n_int, n_ext, n_obs, n) = (624, 608, 628, 100, 624)
(n_test, n_int, n_ext, n_obs, n) = (624, 608, 628, 100, 624)
(n_test, n_int, n_ext, n_obs, n) = (624, 608, 628, 100, 624)
(n_test, n_int, n_ext, n_obs, n) = (624, 608, 628, 100, 624)
(n_test, n_int, n_ext, n_obs, n) = (624, 608, 628, 100, 624)
(n_test, n_int, n_ext, n_obs, n) = (624, 608, 628, 100, 624)
(n_test, n_int, n_ext, n_obs, n) = (624, 608, 628, 100, 624)
(n_test, n_int, n_ext, n_obs, n) = (624, 608, 628, 100, 624)
(n_test, n_int, n_ext, n_obs, n) = (624, 608, 628, 100, 624)
(n_test, n_int, n_ext, n_obs, n) = (624, 608, 628, 100, 624)
(n_test, n_int, n_ext, n_obs, n) = (624, 608, 628, 100, 624)
(n_test, n_int, n_ext, n_obs, n) = (624, 608, 628, 100, 624)
(n_test, n_int, n_ext, n_obs, n) = (624, 608, 628, 100, 624)
(n_test, n_int, n_ext, n_obs, n) = (624, 608, 628, 100, 624)
(n_test, n_int, n_ext, n_obs, n) = (624, 608, 628, 100, 624)
(n_test, n_int, n_ext, n_obs, n) = (624, 608, 628, 100, 624)
(n_test, n_int, n_ext, n_obs, n) = (624, 608, 628, 100, 624)
(n_test, n_int, n_ext, n_obs, n) = (624, 608, 628, 100, 624)
(n_test, n_int, n_ext, n_obs, n) = (624, 608, 628, 100, 624)
(n_test, n_int, n_ext, n_obs, n) = (624, 608, 628, 100, 624)
(n_test, n_int, n_ext, n_obs, n) = (624, 608, 628, 100, 624)
(n_test, n_int, n_ext, n_obs, n) = (624, 608, 628, 100, 624)
(n_test, n_int, n_ext, n_obs, n) = (624, 608, 628, 100, 624)
(n_test, n_int, n_ext, n_obs, n) = (624, 608, 628, 100, 624)
(n_test, n_int, n_ext, n_obs, n) = (624, 608, 628, 100, 624)
(n_test, n_int, n_ext, n_obs, n) = (624, 608, 628, 100, 624)
(n_test, n_int, n_ext, n_obs, n) = (624, 608, 628, 100, 624)
(n_test, n_int, n_ext, n_obs, n) = (624, 608, 628, 100, 624)
(n_test, n_int, n_ext, n_obs, n) = (624, 608, 628, 100, 624)
(n_test, n_int, n_ext, n_obs, n) = (624, 608, 628, 100, 624)
(n_test, n_int, n_ext, n_obs, n) = (624, 608, 628, 100, 624)
(n_test, n_int, n_ext, n_obs, n) = (624, 608, 628, 100, 624)
(n_test, n_int, n_ext, n_obs, n) = (624, 608, 628, 100, 624)
(n_test, n_int, n_ext, n_obs, n) = (624, 608, 628, 100, 624)
(n_test, n_int, n_ext, n_obs, n) = (624, 608, 628, 100, 624)
(n_test, n_int, n_ext, n_obs, n) = (624, 608, 628, 100, 624)
(n_test, n_int, n_ext, n_obs, n) = (624, 608, 628, 100, 624)
(n_test, n_int, n_ext, n_obs, n) = (624, 608, 628, 100, 624)
(n_test, n_int, n_ext, n_obs, n) = (624, 608, 628, 100, 624)
(n_test, n_int, n_ext, n_obs, n) = (624, 608, 628, 100, 624)
(n_test, n_int, n_ext, n_obs, n) = (624, 608, 628, 100, 624)
(n_test, n_int, n_ext, n_obs, n) = (624, 608, 628, 100, 624)
(n_test, n_int, n_ext, n_obs, n) = (624, 608, 628, 100, 624)
(n_test, n_int, n_ext, n_obs, n) = (624, 608, 628, 100, 624)
(n_test, n_int, n_ext, n_obs, n) = (624, 608, 628, 100, 624)
(n_test, n_int, n_ext, n_obs, n) = (624, 608, 628, 100, 624)
(n_test, n_int, n_ext, n_obs, n) = (624, 608, 628, 100, 624)
(n_test, n_int, n_ext, n_obs, n) = (624, 608, 628, 100, 624)
(n_test, n_int, n_ext, n_obs, n) = (624, 608, 628, 100, 624)
(n_test, n_int, n_ext, n_obs, n) = (624, 608, 628, 100, 624)
(n_test, n_int, n_ext, n_obs, n) = (624, 608, 628, 100, 624)
(n_test, n_int, n_ext, n_obs, n) = (624, 608, 628, 100, 624)
(n_test, n_int, n_ext, n_obs, n) = (624, 608, 628, 100, 624)
(n_test, n_int, n_ext, n_obs, n) = (624, 608, 628, 100, 624)
(n_test, n_int, n_ext, n_obs, n) = (624, 608, 628, 100, 624)
(n_test, n_int, n_ext, n_obs, n) = (624, 608, 628, 100, 624)
(n_test, n_int, n_ext, n_obs, n) = (624, 608, 628, 100, 624)
(n_test, n_int, n_ext, n_obs, n) = (624, 608, 628, 100, 624)
(n_test, n_int, n_ext, n_obs, n) = (624, 608, 628, 100, 624)
(n_test, n_int, n_ext, n_obs, n) = (624, 608, 628, 100, 624)
(n_test, n_int, n_ext, n_obs, n) = (624, 608, 628, 100, 624)
(n_test, n_int, n_ext, n_obs, n) = (624, 608, 628, 100, 624)
(n_test, n_int, n_ext, n_obs, n) = (624, 608, 628, 100, 624)
(n_test, n_int, n_ext, n_obs, n) = (624, 608, 628, 100, 624)
(n_test, n_int, n_ext, n_obs, n) = (624, 608, 628, 100, 624)
(n_test, n_int, n_ext, n_obs, n) = (624, 608, 628, 100, 624)
(n_test, n_int, n_ext, n_obs, n) = (624, 608, 628, 100, 624)
(n_test, n_int, n_ext, n_obs, n) = (624, 608, 628, 100, 624)
(n_test, n_int, n_ext, n_obs, n) = (624, 608, 628, 100, 624)
(n_test, n_int, n_ext, n_obs, n) = (624, 608, 628, 100, 624)
(n_test, n_int, n_ext, n_obs, n) = (624, 608, 628, 100, 624)
(n_test, n_int, n_ext, n_obs, n) = (624, 608, 628, 100, 624)
(n_test, n_int, n_ext, n_obs, n) = (624, 608, 628, 100, 624)
(n_test, n_int, n_ext, n_obs, n) = (624, 608, 628, 100, 624)
(n_test, n_int, n_ext, n_obs, n) = (624, 608, 628, 100, 624)
(n_test, n_int, n_ext, n_obs, n) = (624, 608, 628, 100, 624)
(n_test, n_int, n_ext, n_obs, n) = (624, 608, 628, 100, 624)
(n_test, n_int, n_ext, n_obs, n) = (624, 608, 628, 100, 624)
(n_test, n_int, n_ext, n_obs, n) = (624, 608, 628, 100, 624)
(n_test, n_int, n_ext, n_obs, n) = (624, 608, 628, 100, 624)
(n_test, n_int, n_ext, n_obs, n) = (624, 608, 628, 100, 624)
(n_test, n_int, n_ext, n_obs, n) = (624, 608, 628, 100, 624)
(n_test, n_int, n_ext, n_obs, n) = (624, 608, 628, 100, 624)
(n_test, n_int, n_ext, n_obs, n) = (624, 608, 628, 100, 624)
(n_test, n_int, n_ext, n_obs, n) = (624, 608, 628, 100, 624)
(n_test, n_int, n_ext, n_obs, n) = (624, 608, 628, 100, 624)
(n_test, n_int, n_ext, n_obs, n) = (624, 608, 628, 100, 624)
(n_test, n_int, n_ext, n_obs, n) = (624, 608, 628, 100, 624)
(n_test, n_int, n_ext, n_obs, n) = (624, 608, 628, 100, 624)
(n_test, n_int, n_ext, n_obs, n) = (624, 608, 628, 100, 624)
(n_test, n_int, n_ext, n_obs, n) = (624, 608, 628, 100, 624)
(n_test, n_int, n_ext, n_obs, n) = (624, 608, 628, 100, 624)
(n_test, n_int, n_ext, n_obs, n) = (624, 608, 628, 100, 624)
(n_test, n_int, n_ext, n_obs, n) = (624, 608, 628, 100, 624)
(n_test, n_int, n_ext, n_obs, n) = (624, 608, 628, 100, 624)
(n_test, n_int, n_ext, n_obs, n) = (624, 608, 628, 100, 624)
(n_test, n_int, n_ext, n_obs, n) = (624, 608, 628, 100, 624)
(n_test, n_int, n_ext, n_obs, n) = (624, 608, 628, 100, 624)
(n_test, n_int, n_ext, n_obs, n) = (624, 608, 628, 100, 624)
(n_test, n_int, n_ext, n_obs, n) = (624, 608, 628, 100, 624)
(n_test, n_int, n_ext, n_obs, n) = (624, 608, 628, 100, 624)
(n_test, n_int, n_ext, n_obs, n) = (624, 608, 628, 100, 624)
(n_test, n_int, n_ext, n_obs, n) = (624, 608, 628, 100, 624)
(n_test, n_int, n_ext, n_obs, n) = (624, 608, 628, 100, 624)
(n_test, n_int, n_ext, n_obs, n) = (624, 608, 628, 100, 624)
(n_test, n_int, n_ext, n_obs, n) = (624, 608, 628, 100, 624)
(n_test, n_int, n_ext, n_obs, n) = (624, 608, 628, 100, 624)
(n_test, n_int, n_ext, n_obs, n) = (624, 608, 628, 100, 624)
(n_test, n_int, n_ext, n_obs, n) = (624, 608, 628, 100, 624)
(n_test, n_int, n_ext, n_obs, n) = (624, 608, 628, 100, 624)
(n_test, n_int, n_ext, n_obs, n) = (624, 608, 628, 100, 624)
(n_test, n_int, n_ext, n_obs, n) = (624, 608, 628, 100, 624)
(n_test, n_int, n_ext, n_obs, n) = (624, 608, 628, 100, 624)
(n_test, n_int, n_ext, n_obs, n) = (624, 608, 628, 100, 624)
(n_test, n_int, n_ext, n_obs, n) = (624, 608, 628, 100, 624)
(n_test, n_int, n_ext, n_obs, n) = (624, 608, 628, 100, 624)
(n_test, n_int, n_ext, n_obs, n) = (624, 608, 628, 100, 624)
(n_test, n_int, n_ext, n_obs, n) = (624, 608, 628, 100, 624)
(n_test, n_int, n_ext, n_obs, n) = (624, 608, 628, 100, 624)
(n_test, n_int, n_ext, n_obs, n) = (624, 608, 628, 100, 624)
(n_test, n_int, n_ext, n_obs, n) = (624, 608, 628, 100, 624)
(n_test, n_int, n_ext, n_obs, n) = (624, 608, 628, 100, 624)
(n_test, n_int, n_ext, n_obs, n) = (624, 608, 628, 100, 624)
(n_test, n_int, n_ext, n_obs, n) = (624, 608, 628, 100, 624)
(n_test, n_int, n_ext, n_obs, n) = (624, 608, 628, 100, 624)
(n_test, n_int, n_ext, n_obs, n) = (624, 608, 628, 100, 624)
(n_test, n_int, n_ext, n_obs, n) = (624, 608, 628, 100, 624)
(n_test, n_int, n_ext, n_obs, n) = (624, 608, 628, 100, 624)
(n_test, n_int, n_ext, n_obs, n) = (624, 608, 628, 100, 624)
(n_test, n_int, n_ext, n_obs, n) = (624, 608, 628, 100, 624)
(n_test, n_int, n_ext, n_obs, n) = (624, 608, 628, 100, 624)
(n_test, n_int, n_ext, n_obs, n) = (624, 608, 628, 100, 624)
(n_test, n_int, n_ext, n_obs, n) = (624, 608, 628, 100, 624)
(n_test, n_int, n_ext, n_obs, n) = (624, 608, 628, 100, 624)
(n_test, n_int, n_ext, n_obs, n) = (624, 608, 628, 100, 624)
(n_test, n_int, n_ext, n_obs, n) = (624, 608, 628, 100, 624)
(n_test, n_int, n_ext, n_obs, n) = (624, 608, 628, 100, 624)
(n_test, n_int, n_ext, n_obs, n) = (624, 608, 628, 100, 624)
(n_test, n_int, n_ext, n_obs, n) = (624, 608, 628, 100, 624)
(n_test, n_int, n_ext, n_obs, n) = (624, 608, 628, 100, 624)
(n_test, n_int, n_ext, n_obs, n) = (624, 608, 628, 100, 624)
(n_test, n_int, n_ext, n_obs, n) = (624, 608, 628, 100, 624)
(n_test, n_int, n_ext, n_obs, n) = (624, 608, 628, 100, 624)
(n_test, n_int, n_ext, n_obs, n) = (624, 608, 628, 100, 624)
(n_test, n_int, n_ext, n_obs, n) = (624, 608, 628, 100, 624)
(n_test, n_int, n_ext, n_obs, n) = (624, 608, 628, 100, 624)
(n_test, n_int, n_ext, n_obs, n) = (624, 608, 628, 100, 624)
(n_test, n_int, n_ext, n_obs, n) = (624, 608, 628, 100, 624)
(n_test, n_int, n_ext, n_obs, n) = (624, 608, 628, 100, 624)
(n_test, n_int, n_ext, n_obs, n) = (624, 608, 628, 100, 624)
(n_test, n_int, n_ext, n_obs, n) = (624, 608, 628, 100, 624)
(n_test, n_int, n_ext, n_obs, n) = (624, 608, 628, 100, 624)
(n_test, n_int, n_ext, n_obs, n) = (624, 608, 628, 100, 624)
(n_test, n_int, n_ext, n_obs, n) = (624, 608, 628, 100, 624)
(n_test, n_int, n_ext, n_obs, n) = (624, 608, 628, 100, 624)
(n_test, n_int, n_ext, n_obs, n) = (624, 608, 628, 100, 624)
(n_test, n_int, n_ext, n_obs, n) = (624, 608, 628, 100, 624)
(n_test, n_int, n_ext, n_obs, n) = (624, 608, 628, 100, 624)
(n_test, n_int, n_ext, n_obs, n) = (624, 608, 628, 100, 624)
(n_test, n_int, n_ext, n_obs, n) = (624, 608, 628, 100, 624)
(n_test, n_int, n_ext, n_obs, n) = (624, 608, 628, 100, 624)
(n_test, n_int, n_ext, n_obs, n) = (624, 608, 628, 100, 624)
(n_test, n_int, n_ext, n_obs, n) = (624, 608, 628, 100, 624)
(n_test, n_int, n_ext, n_obs, n) = (624, 608, 628, 100, 624)
(n_test, n_int, n_ext, n_obs, n) = (624, 608, 628, 100, 624)
(n_test, n_int, n_ext, n_obs, n) = (624, 608, 628, 100, 624)
(n_test, n_int, n_ext, n_obs, n) = (624, 608, 628, 100, 624)
(n_test, n_int, n_ext, n_obs, n) = (624, 608, 628, 100, 624)
(n_test, n_int, n_ext, n_obs, n) = (624, 608, 628, 100, 624)
(n_test, n_int, n_ext, n_obs, n) = (624, 608, 628, 100, 624)
(n_test, n_int, n_ext, n_obs, n) = (624, 608, 628, 100, 624)
(n_test, n_int, n_ext, n_obs, n) = (624, 608, 628, 100, 624)
(n_test, n_int, n_ext, n_obs, n) = (624, 608, 628, 100, 624)
(n_test, n_int, n_ext, n_obs, n) = (624, 608, 628, 100, 624)
(n_test, n_int, n_ext, n_obs, n) = (624, 608, 628, 100, 624)
(n_test, n_int, n_ext, n_obs, n) = (624, 608, 628, 100, 624)
(n_test, n_int, n_ext, n_obs, n) = (624, 608, 628, 100, 624)
(n_test, n_int, n_ext, n_obs, n) = (624, 608, 628, 100, 624)
(n_test, n_int, n_ext, n_obs, n) = (624, 608, 628, 100, 624)
(n_test, n_int, n_ext, n_obs, n) = (624, 608, 628, 100, 624)
(n_test, n_int, n_ext, n_obs, n) = (624, 608, 628, 100, 624)
(n_test, n_int, n_ext, n_obs, n) = (624, 608, 628, 100, 624)
(n_test, n_int, n_ext, n_obs, n) = (624, 608, 628, 100, 624)
(n_test, n_int, n_ext, n_obs, n) = (624, 608, 628, 100, 624)
(n_test, n_int, n_ext, n_obs, n) = (624, 608, 628, 100, 624)
(n_test, n_int, n_ext, n_obs, n) = (624, 608, 628, 100, 624)
(n_test, n_int, n_ext, n_obs, n) = (624, 608, 628, 100, 624)
(n_test, n_int, n_ext, n_obs, n) = (624, 608, 628, 100, 624)
(n_test, n_int, n_ext, n_obs, n) = (624, 608, 628, 100, 624)
(n_test, n_int, n_ext, n_obs, n) = (624, 608, 628, 100, 624)
(n_test, n_int, n_ext, n_obs, n) = (624, 608, 628, 100, 624)
(n_test, n_int, n_ext, n_obs, n) = (624, 608, 628, 100, 624)
(n_test, n_int, n_ext, n_obs, n) = (624, 608, 628, 100, 624)
(n_test, n_int, n_ext, n_obs, n) = (624, 608, 628, 100, 624)
(n_test, n_int, n_ext, n_obs, n) = (624, 608, 628, 100, 624)
(n_test, n_int, n_ext, n_obs, n) = (624, 608, 628, 100, 624)
(n_test, n_int, n_ext, n_obs, n) = (624, 608, 628, 100, 624)
(n_test, n_int, n_ext, n_obs, n) = (624, 608, 628, 100, 624)
(n_test, n_int, n_ext, n_obs, n) = (624, 608, 628, 100, 624)
(n_test, n_int, n_ext, n_obs, n) = (624, 608, 628, 100, 624)
(n_test, n_int, n_ext, n_obs, n) = (624, 608, 628, 100, 624)
(n_test, n_int, n_ext, n_obs, n) = (624, 608, 628, 100, 624)
(n_test, n_int, n_ext, n_obs, n) = (624, 608, 628, 100, 624)
(n_test, n_int, n_ext, n_obs, n) = (624, 608, 628, 100, 624)
(n_test, n_int, n_ext, n_obs, n) = (624, 608, 628, 100, 624)
(n_test, n_int, n_ext, n_obs, n) = (624, 608, 628, 100, 624)
(n_test, n_int, n_ext, n_obs, n) = (624, 608, 628, 100, 624)
(n_test, n_int, n_ext, n_obs, n) = (624, 608, 628, 100, 624)
(n_test, n_int, n_ext, n_obs, n) = (624, 608, 628, 100, 624)
(n_test, n_int, n_ext, n_obs, n) = (624, 608, 628, 100, 624)
(n_test, n_int, n_ext, n_obs, n) = (624, 608, 628, 100, 624)
(n_test, n_int, n_ext, n_obs, n) = (624, 608, 628, 100, 624)
(n_test, n_int, n_ext, n_obs, n) = (624, 608, 628, 100, 624)
(n_test, n_int, n_ext, n_obs, n) = (624, 608, 628, 100, 624)
(n_test, n_int, n_ext, n_obs, n) = (624, 608, 628, 100, 624)
(n_test, n_int, n_ext, n_obs, n) = (624, 608, 628, 100, 624)
(n_test, n_int, n_ext, n_obs, n) = (624, 608, 628, 100, 624)
(n_test, n_int, n_ext, n_obs, n) = (624, 608, 628, 100, 624)
(n_test, n_int, n_ext, n_obs, n) = (624, 608, 628, 100, 624)
(n_test, n_int, n_ext, n_obs, n) = (624, 608, 628, 100, 624)
(n_test, n_int, n_ext, n_obs, n) = (624, 608, 628, 100, 624)
(n_test, n_int, n_ext, n_obs, n) = (624, 608, 628, 100, 624)
(n_test, n_int, n_ext, n_obs, n) = (624, 608, 628, 100, 624)
(n_test, n_int, n_ext, n_obs, n) = (624, 608, 628, 100, 624)
(n_test, n_int, n_ext, n_obs, n) = (624, 608, 628, 100, 624)
(n_test, n_int, n_ext, n_obs, n) = (624, 608, 628, 100, 624)
(n_test, n_int, n_ext, n_obs, n) = (624, 608, 628, 100, 624)
(n_test, n_int, n_ext, n_obs, n) = (624, 608, 628, 100, 624)
(n_test, n_int, n_ext, n_obs, n) = (624, 608, 628, 100, 624)
(n_test, n_int, n_ext, n_obs, n) = (624, 608, 628, 100, 624)
(n_test, n_int, n_ext, n_obs, n) = (624, 608, 628, 100, 624)
(n_test, n_int, n_ext, n_obs, n) = (624, 608, 628, 100, 624)
(n_test, n_int, n_ext, n_obs, n) = (624, 608, 628, 100, 624)
(n_test, n_int, n_ext, n_obs, n) = (624, 608, 628, 100, 624)
(n_test, n_int, n_ext, n_obs, n) = (624, 608, 628, 100, 624)
(n_test, n_int, n_ext, n_obs, n) = (624, 608, 628, 100, 624)
(n_test, n_int, n_ext, n_obs, n) = (624, 608, 628, 100, 624)
(n_test, n_int, n_ext, n_obs, n) = (624, 608, 628, 100, 624)
(n_test, n_int, n_ext, n_obs, n) = (624, 608, 628, 100, 624)
(n_test, n_int, n_ext, n_obs, n) = (624, 608, 628, 100, 624)
(n_test, n_int, n_ext, n_obs, n) = (624, 608, 628, 100, 624)
(n_test, n_int, n_ext, n_obs, n) = (624, 608, 628, 100, 624)
(n_test, n_int, n_ext, n_obs, n) = (624, 608, 628, 100, 624)
(n_test, n_int, n_ext, n_obs, n) = (624, 608, 628, 100, 624)
(n_test, n_int, n_ext, n_obs, n) = (624, 608, 628, 100, 624)
(n_test, n_int, n_ext, n_obs, n) = (624, 608, 628, 100, 624)
(n_test, n_int, n_ext, n_obs, n) = (624, 608, 628, 100, 624)
(n_test, n_int, n_ext, n_obs, n) = (624, 608, 628, 100, 624)
(n_test, n_int, n_ext, n_obs, n) = (624, 608, 628, 100, 624)
(n_test, n_int, n_ext, n_obs, n) = (624, 608, 628, 100, 624)
(n_test, n_int, n_ext, n_obs, n) = (624, 608, 628, 100, 624)
(n_test, n_int, n_ext, n_obs, n) = (624, 608, 628, 100, 624)
(n_test, n_int, n_ext, n_obs, n) = (624, 608, 628, 100, 624)
(n_test, n_int, n_ext, n_obs, n) = (624, 608, 628, 100, 624)
(n_test, n_int, n_ext, n_obs, n) = (624, 608, 628, 100, 624)
(n_test, n_int, n_ext, n_obs, n) = (624, 608, 628, 100, 624)
(n_test, n_int, n_ext, n_obs, n) = (624, 608, 628, 100, 624)
(n_test, n_int, n_ext, n_obs, n) = (624, 608, 628, 100, 624)
(n_test, n_int, n_ext, n_obs, n) = (624, 608, 628, 100, 624)
(n_test, n_int, n_ext, n_obs, n) = (624, 608, 628, 100, 624)
(n_test, n_int, n_ext, n_obs, n) = (624, 608, 628, 100, 624)
(n_test, n_int, n_ext, n_obs, n) = (624, 608, 628, 100, 624)
(n_test, n_int, n_ext, n_obs, n) = (624, 608, 628, 100, 624)
(n_test, n_int, n_ext, n_obs, n) = (624, 608, 628, 100, 624)
(n_test, n_int, n_ext, n_obs, n) = (624, 608, 628, 100, 624)
(n_test, n_int, n_ext, n_obs, n) = (624, 608, 628, 100, 624)
(n_test, n_int, n_ext, n_obs, n) = (624, 608, 628, 100, 624)
(n_test, n_int, n_ext, n_obs, n) = (624, 608, 628, 100, 624)
(n_test, n_int, n_ext, n_obs, n) = (624, 608, 628, 100, 624)
(n_test, n_int, n_ext, n_obs, n) = (624, 608, 628, 100, 624)
(n_test, n_int, n_ext, n_obs, n) = (624, 608, 628, 100, 624)
(n_test, n_int, n_ext, n_obs, n) = (624, 608, 628, 100, 624)
(n_test, n_int, n_ext, n_obs, n) = (624, 608, 628, 100, 624)
(n_test, n_int, n_ext, n_obs, n) = (624, 608, 628, 100, 624)
(n_test, n_int, n_ext, n_obs, n) = (624, 608, 628, 100, 624)
(n_test, n_int, n_ext, n_obs, n) = (624, 608, 628, 100, 624)
(n_test, n_int, n_ext, n_obs, n) = (624, 608, 628, 100, 624)
(n_test, n_int, n_ext, n_obs, n) = (624, 608, 628, 100, 624)
(n_test, n_int, n_ext, n_obs, n) = (624, 608, 628, 100, 624)
(n_test, n_int, n_ext, n_obs, n) = (624, 608, 628, 100, 624)
(n_test, n_int, n_ext, n_obs, n) = (624, 608, 628, 100, 624)
(n_test, n_int, n_ext, n_obs, n) = (624, 608, 628, 100, 624)
(n_test, n_int, n_ext, n_obs, n) = (624, 608, 628, 100, 624)
(n_test, n_int, n_ext, n_obs, n) = (624, 608, 628, 100, 624)
(n_test, n_int, n_ext, n_obs, n) = (624, 608, 628, 100, 624)
(n_test, n_int, n_ext, n_obs, n) = (624, 608, 628, 100, 624)
(n_test, n_int, n_ext, n_obs, n) = (624, 608, 628, 100, 624)
(n_test, n_int, n_ext, n_obs, n) = (624, 608, 628, 100, 624)
(n_test, n_int, n_ext, n_obs, n) = (624, 608, 628, 100, 624)
(n_test, n_int, n_ext, n_obs, n) = (624, 608, 628, 100, 624)
(n_test, n_int, n_ext, n_obs, n) = (624, 608, 628, 100, 624)
(n_test, n_int, n_ext, n_obs, n) = (624, 608, 628, 100, 624)
(n_test, n_int, n_ext, n_obs, n) = (624, 608, 628, 100, 624)
(n_test, n_int, n_ext, n_obs, n) = (624, 608, 628, 100, 624)
(n_test, n_int, n_ext, n_obs, n) = (624, 608, 628, 100, 624)
(n_test, n_int, n_ext, n_obs, n) = (624, 608, 628, 100, 624)
(n_test, n_int, n_ext, n_obs, n) = (624, 608, 628, 100, 624)
(n_test, n_int, n_ext, n_obs, n) = (624, 608, 628, 100, 624)
(n_test, n_int, n_ext, n_obs, n) = (624, 608, 628, 100, 624)
(n_test, n_int, n_ext, n_obs, n) = (624, 608, 628, 100, 624)
(n_test, n_int, n_ext, n_obs, n) = (624, 608, 628, 100, 624)
(n_test, n_int, n_ext, n_obs, n) = (624, 608, 628, 100, 624)
(n_test, n_int, n_ext, n_obs, n) = (624, 608, 628, 100, 624)
(n_test, n_int, n_ext, n_obs, n) = (624, 608, 628, 100, 624)
(n_test, n_int, n_ext, n_obs, n) = (624, 608, 628, 100, 624)
(n_test, n_int, n_ext, n_obs, n) = (624, 608, 628, 100, 624)
(n_test, n_int, n_ext, n_obs, n) = (624, 608, 628, 100, 624)
(n_test, n_int, n_ext, n_obs, n) = (624, 608, 628, 100, 624)
(n_test, n_int, n_ext, n_obs, n) = (624, 608, 628, 100, 624)
(n_test, n_int, n_ext, n_obs, n) = (624, 608, 628, 100, 624)
(n_test, n_int, n_ext, n_obs, n) = (624, 608, 628, 100, 624)
(n_test, n_int, n_ext, n_obs, n) = (624, 608, 628, 100, 624)
(n_test, n_int, n_ext, n_obs, n) = (624, 608, 628, 100, 624)
(n_test, n_int, n_ext, n_obs, n) = (624, 608, 628, 100, 624)
(n_test, n_int, n_ext, n_obs, n) = (624, 608, 628, 100, 624)
(n_test, n_int, n_ext, n_obs, n) = (624, 608, 628, 100, 624)
(n_test, n_int, n_ext, n_obs, n) = (624, 608, 628, 100, 624)
(n_test, n_int, n_ext, n_obs, n) = (624, 608, 628, 100, 624)
(n_test, n_int, n_ext, n_obs, n) = (624, 608, 628, 100, 624)
(n_test, n_int, n_ext, n_obs, n) = (624, 608, 628, 100, 624)
(n_test, n_int, n_ext, n_obs, n) = (624, 608, 628, 100, 624)
(n_test, n_int, n_ext, n_obs, n) = (624, 608, 628, 100, 624)
(n_test, n_int, n_ext, n_obs, n) = (624, 608, 628, 100, 624)
(n_test, n_int, n_ext, n_obs, n) = (624, 608, 628, 100, 624)
(n_test, n_int, n_ext, n_obs, n) = (624, 608, 628, 100, 624)
(n_test, n_int, n_ext, n_obs, n) = (624, 608, 628, 100, 624)
(n_test, n_int, n_ext, n_obs, n) = (624, 608, 628, 100, 624)
(n_test, n_int, n_ext, n_obs, n) = (624, 608, 628, 100, 624)
(n_test, n_int, n_ext, n_obs, n) = (624, 608, 628, 100, 624)
(n_test, n_int, n_ext, n_obs, n) = (624, 608, 628, 100, 624)
(n_test, n_int, n_ext, n_obs, n) = (624, 608, 628, 100, 624)
(n_test, n_int, n_ext, n_obs, n) = (624, 608, 628, 100, 624)
(n_test, n_int, n_ext, n_obs, n) = (624, 608, 628, 100, 624)
(n_test, n_int, n_ext, n_obs, n) = (624, 608, 628, 100, 624)
(n_test, n_int, n_ext, n_obs, n) = (624, 608, 628, 100, 624)
(n_test, n_int, n_ext, n_obs, n) = (624, 608, 628, 100, 624)
(n_test, n_int, n_ext, n_obs, n) = (624, 608, 628, 100, 624)
(n_test, n_int, n_ext, n_obs, n) = (624, 608, 628, 100, 624)
(n_test, n_int, n_ext, n_obs, n) = (624, 608, 628, 100, 624)
(n_test, n_int, n_ext, n_obs, n) = (624, 608, 628, 100, 624)
(n_test, n_int, n_ext, n_obs, n) = (624, 608, 628, 100, 624)
(n_test, n_int, n_ext, n_obs, n) = (624, 608, 628, 100, 624)
(n_test, n_int, n_ext, n_obs, n) = (624, 608, 628, 100, 624)
(n_test, n_int, n_ext, n_obs, n) = (624, 608, 628, 100, 624)
(n_test, n_int, n_ext, n_obs, n) = (624, 608, 628, 100, 624)
(n_test, n_int, n_ext, n_obs, n) = (624, 608, 628, 100, 624)
(n_test, n_int, n_ext, n_obs, n) = (624, 608, 628, 100, 624)
(n_test, n_int, n_ext, n_obs, n) = (624, 608, 628, 100, 624)
(n_test, n_int, n_ext, n_obs, n) = (624, 608, 628, 100, 624)
(n_test, n_int, n_ext, n_obs, n) = (624, 608, 628, 100, 624)
(n_test, n_int, n_ext, n_obs, n) = (624, 608, 628, 100, 624)
(n_test, n_int, n_ext, n_obs, n) = (624, 608, 628, 100, 624)
(n_test, n_int, n_ext, n_obs, n) = (624, 608, 628, 100, 624)
(n_test, n_int, n_ext, n_obs, n) = (624, 608, 628, 100, 624)
(n_test, n_int, n_ext, n_obs, n) = (624, 608, 628, 100, 624)
(n_test, n_int, n_ext, n_obs, n) = (624, 608, 628, 100, 624)
(n_test, n_int, n_ext, n_obs, n) = (624, 608, 628, 100, 624)
(n_test, n_int, n_ext, n_obs, n) = (624, 608, 628, 100, 624)
(n_test, n_int, n_ext, n_obs, n) = (624, 608, 628, 100, 624)
(n_test, n_int, n_ext, n_obs, n) = (624, 608, 628, 100, 624)
(n_test, n_int, n_ext, n_obs, n) = (624, 608, 628, 100, 624)
(n_test, n_int, n_ext, n_obs, n) = (624, 608, 628, 100, 624)
(n_test, n_int, n_ext, n_obs, n) = (624, 608, 628, 100, 624)
(n_test, n_int, n_ext, n_obs, n) = (624, 608, 628, 100, 624)
(n_test, n_int, n_ext, n_obs, n) = (624, 608, 628, 100, 624)
(n_test, n_int, n_ext, n_obs, n) = (624, 608, 628, 100, 624)
(n_test, n_int, n_ext, n_obs, n) = (624, 608, 628, 100, 624)
(n_test, n_int, n_ext, n_obs, n) = (624, 608, 628, 100, 624)
(n_test, n_int, n_ext, n_obs, n) = (624, 608, 628, 100, 624)
(n_test, n_int, n_ext, n_obs, n) = (624, 608, 628, 100, 624)
(n_test, n_int, n_ext, n_obs, n) = (624, 608, 628, 100, 624)
(n_test, n_int, n_ext, n_obs, n) = (624, 608, 628, 100, 624)
(n_test, n_int, n_ext, n_obs, n) = (624, 608, 628, 100, 624)
(n_test, n_int, n_ext, n_obs, n) = (624, 608, 628, 100, 624)
(n_test, n_int, n_ext, n_obs, n) = (624, 608, 628, 100, 624)
(n_test, n_int, n_ext, n_obs, n) = (624, 608, 628, 100, 624)
(n_test, n_int, n_ext, n_obs, n) = (624, 608, 628, 100, 624)
(n_test, n_int, n_ext, n_obs, n) = (624, 608, 628, 100, 624)
(n_test, n_int, n_ext, n_obs, n) = (624, 608, 628, 100, 624)
(n_test, n_int, n_ext, n_obs, n) = (624, 608, 628, 100, 624)
(n_test, n_int, n_ext, n_obs, n) = (624, 608, 628, 100, 624)
(n_test, n_int, n_ext, n_obs, n) = (624, 608, 628, 100, 624)
(n_test, n_int, n_ext, n_obs, n) = (624, 608, 628, 100, 624)
(n_test, n_int, n_ext, n_obs, n) = (624, 608, 628, 100, 624)
(n_test, n_int, n_ext, n_obs, n) = (624, 608, 628, 100, 624)
(n_test, n_int, n_ext, n_obs, n) = (624, 608, 628, 100, 624)
(n_test, n_int, n_ext, n_obs, n) = (624, 608, 628, 100, 624)
(n_test, n_int, n_ext, n_obs, n) = (624, 608, 628, 100, 624)
(n_test, n_int, n_ext, n_obs, n) = (624, 608, 628, 100, 624)
(n_test, n_int, n_ext, n_obs, n) = (624, 608, 628, 100, 624)
(n_test, n_int, n_ext, n_obs, n) = (624, 608, 628, 100, 624)
(n_test, n_int, n_ext, n_obs, n) = (624, 608, 628, 100, 624)
(n_test, n_int, n_ext, n_obs, n) = (624, 608, 628, 100, 624)
(n_test, n_int, n_ext, n_obs, n) = (624, 608, 628, 100, 624)
(n_test, n_int, n_ext, n_obs, n) = (624, 608, 628, 100, 624)
(n_test, n_int, n_ext, n_obs, n) = (624, 608, 628, 100, 624)
(n_test, n_int, n_ext, n_obs, n) = (624, 608, 628, 100, 624)
(n_test, n_int, n_ext, n_obs, n) = (624, 608, 628, 100, 624)
(n_test, n_int, n_ext, n_obs, n) = (624, 608, 628, 100, 624)
(n_test, n_int, n_ext, n_obs, n) = (624, 608, 628, 100, 624)
(n_test, n_int, n_ext, n_obs, n) = (624, 608, 628, 100, 624)
(n_test, n_int, n_ext, n_obs, n) = (624, 608, 628, 100, 624)
(n_test, n_int, n_ext, n_obs, n) = (624, 608, 628, 100, 624)
(n_test, n_int, n_ext, n_obs, n) = (624, 608, 628, 100, 624)
(n_test, n_int, n_ext, n_obs, n) = (624, 608, 628, 100, 624)
(n_test, n_int, n_ext, n_obs, n) = (624, 608, 628, 100, 624)
(n_test, n_int, n_ext, n_obs, n) = (624, 608, 628, 100, 624)
(n_test, n_int, n_ext, n_obs, n) = (624, 608, 628, 100, 624)
(n_test, n_int, n_ext, n_obs, n) = (624, 608, 628, 100, 624)
(n_test,Memory allocation failed.
Memory allocation failed.
Memory allocation failed.
Memory allocation failed.
Memory allocation failed.
Memory allocation failed.
Memory allocation failed.
Memory allocation failed.
Memory allocation failed.
Memory allocation failed.
Memory allocation failed.
Memory allocation failed.
 n_int, n_ext, n_obs, n) = (624, 608, 628, 100, 624)
(n_test, n_int, n_ext, n_obs, n) = (624, 608, 628, 100, 624)
(n_test, n_int, n_ext, n_obs, n) = (624, 608, 628, 100, 624)
(n_test, n_int, n_ext, n_obs, n) = (624, 608, 628, 100, 624)
(n_test, n_int, n_ext, n_obs, n) = (624, 608, 628, 100, 624)
(n_test, n_int, n_ext, n_obs, n) = (624, 608, 628, 100, 624)
(n_test, n_int, n_ext, n_obs, n) = (624, 608, 628, 100, 624)
(n_test, n_int, n_ext, n_obs, n) = (624, 608, 628, 100, 624)
(n_test, n_int, n_ext, n_obs, n) = (624, 608, 628, 100, 624)
(n_test, n_int, n_ext, n_obs, n) = (624, 608, 628, 100, 624)
(n_test, n_int, n_ext, n_obs, n) = (624, 608, 628, 100, 624)
(n_test, n_int, n_ext, n_obs, n) = (624, 608, 628, 100, 624)
(n_test, n_int, n_ext, n_obs, n) = (624, 608, 628, 100, 624)
(n_test, n_int, n_ext, n_obs, n) = (624, 608, 628, 100, 624)
(n_test, n_int, n_ext, n_obs, n) = (624, 608, 628, 100, 624)
(n_test, n_int, n_ext, n_obs, n) = (624, 608, 628, 100, 624)
(n_test, n_int, n_ext, n_obs, n) = (624, 608, 628, 100, 624)
(n_test, n_int, n_ext, n_obs, n) = (624, 608, 628, 100, 624)
(n_test, n_int, n_ext, n_obs, n) = (624, 608, 628, 100, 624)
(n_test, n_int, n_ext, n_obs, n) = (624, 608, 628, 100, 624)
(n_test, n_int, n_ext, n_obs, n) = (624, 608, 628, 100, 624)
(n_test, n_int, n_ext, n_obs, n) = (624, 608, 628, 100, 624)
(n_test, n_int, n_ext, n_obs, n) = (624, 608, 628, 100, 624)
There was a problem with solving the system!
There was a problem with solving the system! Skipping...
Skipped a curve!
cuBLAS initialization failed 1
(n_test, n_int, n_ext, n_obs, n) = (624, 608, 628, 100, 624)
Failed to free memory on host: an illegal memory access was encountered
Failed to free memory on device: an illegal memory access was encountered
Failed to free memory on host: an illegal memory access was encountered
Failed to free memory on device: an illegal memory access was encountered
Memory allocation failed.
Memory allocation failed.
Memory allocation failed.
Memory allocation failed.
Memory allocation failed.
Memory allocation failed.
Memory allocation failed.
Memory allocation failed.
Failed to free memory on host: an illegal memory access was encountered
Failed to free memory on device: an illegal memory access was encountered
Failed to free memory on host: an illegal memory access was encountered
Failed to free memory on device: an illegal memory access was encountered
Failed to free memory on host: an illegal memory access was encountered
Failed to free memory on device: an illegal memory access was encountered
Failed to free memory on host: an illegal memory access was encountered
Failed to free memory on device: an illegal memory access was encountered
Failed to free memory on host: an illegal memory access was encountered
Failed to free memory on device: an illegal memory access was encountered
Failed to free memory on host: an illegal memory access was encountered
Failed to free memory on device: an illegal memory access was encountered
Failed to free memory on host: an illegal memory access was encountered
Failed to free memory on device: an illegal memory access was encountered
Failed to free memory on host: an illegal memory access was encountered
Failed to free memory on device: an illegal memory access was encountered
CUDA error src/segment/computeFieldMatrices.cu:147: an illegal memory access was encountered

------------------------------------------------------------
Sender: LSF System <lsfadmin@hpc.dtu.dk>
Subject: Job 23142512: <inverse> in cluster <dcc> Exited

Job <inverse> was submitted from host <n-62-11-47> by user <s194146> in cluster <dcc> at Tue Nov 12 10:35:39 2024
Job was executed on host(s) <64*n-62-12-81>, in queue <gpuh100>, as user <s194146> in cluster <dcc> at Tue Nov 12 10:35:39 2024
</zhome/00/b/147112> was used as the home directory.
</zhome/00/b/147112/bioscat/Scripts/C_and_CUDA/main> was used as the working directory.
Started at Tue Nov 12 10:35:39 2024
Terminated at Tue Nov 12 11:02:44 2024
Results reported at Tue Nov 12 11:02:44 2024

Your job looked like:

------------------------------------------------------------
# LSBATCH: User input
#!/bin/bash
#BSUB -J inverse # name
#BSUB -o outfiles/inverse_%J.out # output file
#BSUB -q gpuh100
#BSUB -n 64 ## cores
#BSUB -R "rusage[mem=1GB]" 
#BSUB -W 24:00 # useable time in minutes
##BSUB -N # send mail when done
#BSUB -R "span[hosts=1]"
#BSUB -gpu "num=1:mode=exclusive_process"

module load gcc/12.3.0-binutils-2.40
module load cuda/12.2.2

OMP_NUM_THREADS=64 python inverse.py
------------------------------------------------------------

Exited with exit code 1.

Resource usage summary:

    CPU time :                                   1693.00 sec.
    Max Memory :                                 389 MB
    Average Memory :                             301.92 MB
    Total Requested Memory :                     65536.00 MB
    Delta Memory :                               65147.00 MB
    Max Swap :                                   -
    Max Processes :                              4
    Max Threads :                                9
    Run time :                                   1625 sec.
    Turnaround time :                            1625 sec.

The output (if any) is above this job summary.

