Loaded module: gcc/12.3.0-binutils-2.40
Loaded module: cuda/12.2.2
(n_obs, n_lambdas, n_beta) = (100, 10, 10)
--------------------------------------
We are computing curves on device!
--------------------------------------

Initialization and allocation: 0.0079 seconds

Computing covariance matrix: 0.0003 seconds

Cholesky factorization successful.

Cholesky factorization: 0.0655 seconds

HEJ 100 10 10
(n_test, n_int, n_ext, n_obs, n) = (1024, 1008, 1028, 100, 1024)
Lprev = -2.562918e+02
(n_test, n_int, n_ext, n_obs, n) = (1024, 1008, 1028, 100, 1024)
Lprev = -2.562918e+02
(n_test, n_int, n_ext, n_obs, n) = (1024, 1008, 1028, 100, 1024)
(Lstar, Lprev) = (-269.884223, -256.291782)
alpha = 0.000001
u = 0.900825
(n_test, n_int, n_ext, n_obs, n) = (1024, 1008, 1028, 100, 1024)
(Lstar, Lprev) = (-217.592097, -256.291782)
alpha = 1.000000
u = 0.450312
ACCEPTED 0
(n_test, n_int, n_ext, n_obs, n) = (1024, 1008, 1028, 100, 1024)
(Lstar, Lprev) = (-209.970717, -217.592097)
alpha = 1.000000
u = 0.751767
ACCEPTED 1
(n_test, n_int, n_ext, n_obs, n) = (1024, 1008, 1028, 100, 1024)
(Lstar, Lprev) = (-203.236242, -209.970717)
alpha = 1.000000
u = 0.007979
ACCEPTED 2
(n_test, n_int, n_ext, n_obs, n) = (1024, 1008, 1028, 100, 1024)
(Lstar, Lprev) = (-219.969628, -203.236242)
alpha = 0.000000
u = 0.863769
(n_test, n_int, n_ext, n_obs, n) = (1024, 1008, 1028, 100, 1024)
(Lstar, Lprev) = (-183.345456, -203.236242)
alpha = 1.000000
u = 0.741477
ACCEPTED 3
(n_test, n_int, n_ext, n_obs, n) = (1024, 1008, 1028, 100, 1024)
(Lstar, Lprev) = (-220.166558, -183.345456)
alpha = 0.000000
u = 0.975660
(n_test, n_int, n_ext, n_obs, n) = (1024, 1008, 1028, 100, 1024)
(Lstar, Lprev) = (-185.011985, -183.345456)
alpha = 0.188902
u = 0.952533
(n_test, n_int, n_ext, n_obs, n) = (1024, 1008, 1028, 100, 1024)
(Lstar, Lprev) = (-193.267966, -183.345456)
alpha = 0.000049
u = 0.473640
(n_test, n_int, n_ext, n_obs, n) = (1024, 1008, 1028, 100, 1024)
(Lstar, Lprev) = (-201.033832, -183.345456)
alpha = 0.000000
u = 0.051074
(n_test, n_int, n_ext, n_obs, n) = (1024, 1008, 1028, 100, 1024)
(Lstar, Lprev) = (-204.744382, -183.345456)
alpha = 0.000000
u = 0.481956
(n_test, n_int, n_ext, n_obs, n) = (1024, 1008, 1028, 100, 1024)
(Lstar, Lprev) = (-214.357525, -183.345456)
alpha = 0.000000
u = 0.569290
(n_test, n_int, n_ext, n_obs, n) = (1024, 1008, 1028, 100, 1024)
(Lstar, Lprev) = (-191.014083, -183.345456)
alpha = 0.000467
u = 0.690018
(n_test, n_int, n_ext, n_obs, n) = (1024, 1008, 1028, 100, 1024)
(Lstar, Lprev) = (-186.757444, -183.345456)
alpha = 0.032976
u = 0.311819
(n_test, n_int, n_ext, n_obs, n) = (1024, 1008, 1028, 100, 1024)
(Lstar, Lprev) = (-188.354988, -183.345456)
alpha = 0.006674
u = 0.116958
(n_test, n_int, n_ext, n_obs, n) = (1024, 1008, 1028, 100, 1024)
(Lstar, Lprev) = (-178.060520, -183.345456)
alpha = 1.000000
u = 0.169582
ACCEPTED 4
(n_test, n_int, n_ext, n_obs, n) = (1024, 1008, 1028, 100, 1024)
(Lstar, Lprev) = (-187.657386, -178.060520)
alpha = 0.000068
u = 0.743208
(n_test, n_int, n_ext, n_obs, n) = (1024, 1008, 1028, 100, 1024)
(Lstar, Lprev) = (-170.942392, -178.060520)
alpha = 1.000000
u = 0.579216
ACCEPTED 5
(n_test, n_int, n_ext, n_obs, n) = (1024, 1008, 1028, 100, 1024)
(Lstar, Lprev) = (-144.902688, -170.942392)
alpha = 1.000000
u = 0.530847
ACCEPTED 6
(n_test, n_int, n_ext, n_obs, n) = (1024, 1008, 1028, 100, 1024)
(Lstar, Lprev) = (-149.179495, -144.902688)
alpha = 0.013887
u = 0.953468
(n_test, n_int, n_ext, n_obs, n) = (1024, 1008, 1028, 100, 1024)
(Lstar, Lprev) = (-173.190049, -144.902688)
alpha = 0.000000
u = 0.005843
(n_test, n_int, n_ext, n_obs, n) = (1024, 1008, 1028, 100, 1024)
(Lstar, Lprev) = (-149.852113, -144.902688)
alpha = 0.007087
u = 0.784422
(n_test, n_int, n_ext, n_obs, n) = (1024, 1008, 1028, 100, 1024)
(Lstar, Lprev) = (-172.433757, -144.902688)
alpha = 0.000000
u = 0.514106
(n_test, n_int, n_ext, n_obs, n) = (1024, 1008, 1028, 100, 1024)
(Lstar, Lprev) = (-155.697608, -144.902688)
alpha = 0.000021
u = 0.413760
(n_test, n_int, n_ext, n_obs, n) = (1024, 1008, 1028, 100, 1024)
(Lstar, Lprev) = (-165.831305, -144.902688)
alpha = 0.000000
u = 0.042037
(n_test, n_int, n_ext, n_obs, n) = (1024, 1008, 1028, 100, 1024)
(Lstar, Lprev) = (-151.186841, -144.902688)
alpha = 0.001866
u = 0.002671
(n_test, n_int, n_ext, n_obs, n) = (1024, 1008, 1028, 100, 1024)
(Lstar, Lprev) = (-168.426792, -144.902688)
alpha = 0.000000
u = 0.987392
(n_test, n_int, n_ext, n_obs, n) = (1024, 1008, 1028, 100, 1024)
(Lstar, Lprev) = (-181.144872, -144.902688)
alpha = 0.000000
u = 0.150621
(n_test, n_int, n_ext, n_obs, n) = (1024, 1008, 1028, 100, 1024)
(Lstar, Lprev) = (-167.846310, -144.902688)
alpha = 0.000000
u = 0.277715
(n_test, n_int, n_ext, n_obs, n) = (1024, 1008, 1028, 100, 1024)
(Lstar, Lprev) = (-160.294861, -144.902688)
alpha = 0.000000
u = 0.521177
(n_test, n_int, n_ext, n_obs, n) = (1024, 1008, 1028, 100, 1024)
(Lstar, Lprev) = (-162.509946, -144.902688)
alpha = 0.000000
u = 0.352404
(n_test, n_int, n_ext, n_obs, n) = (1024, 1008, 1028, 100, 1024)
(Lstar, Lprev) = (-159.079872, -144.902688)
alpha = 0.000001
u = 0.704392
(n_test, n_int, n_ext, n_obs, n) = (1024, 1008, 1028, 100, 1024)
(Lstar, Lprev) = (-158.444128, -144.902688)
alpha = 0.000001
u = 0.625184
(n_test, n_int, n_ext, n_obs, n) = (1024, 1008, 1028, 100, 1024)
(Lstar, Lprev) = (-150.244681, -144.902688)
alpha = 0.004786
u = 0.207067
(n_test, n_int, n_ext, n_obs, n) = (1024, 1008, 1028, 100, 1024)
(Lstar, Lprev) = (-142.354163, -144.902688)
alpha = 1.000000
u = 0.436077
ACCEPTED 7
(n_test, n_int, n_ext, n_obs, n) = (1024, 1008, 1028, 100, 1024)
(Lstar, Lprev) = (-174.027332, -142.354163)
alpha = 0.000000
u = 0.245681
(n_test, n_int, n_ext, n_obs, n) = (1024, 1008, 1028, 100, 1024)
(Lstar, Lprev) = (-155.393360, -142.354163)
alpha = 0.000002
u = 0.677084
(n_test, n_int, n_ext, n_obs, n) = (1024, 1008, 1028, 100, 1024)
(Lstar, Lprev) = (-143.342029, -142.354163)
alpha = 0.372371
u = 0.173277
ACCEPTED 8
(n_test, n_int, n_ext, n_obs, n) = (1024, 1008, 1028, 100, 1024)
(Lstar, Lprev) = (-142.449022, -143.342029)
alpha = 1.000000
u = 0.935805
ACCEPTED 9
(n_test, n_int, n_ext, n_obs, n) = (1024, 1008, 1028, 100, 1024)
(Lstar, Lprev) = (-140.636455, -142.449022)
alpha = 1.000000
u = 0.165482
ACCEPTED 10
(n_test, n_int, n_ext, n_obs, n) = (1024, 1008, 1028, 100, 1024)
(Lstar, Lprev) = (-176.869801, -140.636455)
alpha = 0.000000
u = 0.869436
(n_test, n_int, n_ext, n_obs, n) = (1024, 1008, 1028, 100, 1024)
(Lstar, Lprev) = (-142.128010, -140.636455)
alpha = 0.225022
u = 0.706241
(n_test, n_int, n_ext, n_obs, n) = (1024, 1008, 1028, 100, 1024)
(Lstar, Lprev) = (-145.534841, -140.636455)
alpha = 0.007459
u = 0.701851
(n_test, n_int, n_ext, n_obs, n) = (1024, 1008, 1028, 100, 1024)
(Lstar, Lprev) = (-153.559168, -140.636455)
alpha = 0.000002
u = 0.211276
(n_test, n_int, n_ext, n_obs, n) = (1024, 1008, 1028, 100, 1024)
(Lstar, Lprev) = (-145.609550, -140.636455)
alpha = 0.006922
u = 0.508820
(n_test, n_int, n_ext, n_obs, n) = (1024, 1008, 1028, 100, 1024)
(Lstar, Lprev) = (-151.975454, -140.636455)
alpha = 0.000012
u = 0.655969
(n_test, n_int, n_ext, n_obs, n) = (1024, 1008, 1028, 100, 1024)
(Lstar, Lprev) = (-170.939308, -140.636455)
alpha = 0.000000
u = 0.825522
(n_test, n_int, n_ext, n_obs, n) = (1024, 1008, 1028, 100, 1024)
(Lstar, Lprev) = (-135.129835, -140.636455)
alpha = 1.000000
u = 0.628593
ACCEPTED 11
(n_test, n_int, n_ext, n_obs, n) = (1024, 1008, 1028, 100, 1024)
(Lstar, Lprev) = (-155.007439, -135.129835)
alpha = 0.000000
u = 0.715765
(n_test, n_int, n_ext, n_obs, n) = (1024, 1008, 1028, 100, 1024)
(Lstar, Lprev) = (-160.813035, -135.129835)
alpha = 0.000000
u = 0.210017
(n_test, n_int, n_ext, n_obs, n) = (1024, 1008, 1028, 100, 1024)
(Lstar, Lprev) = (-145.264295, -135.129835)
alpha = 0.000040
u = 0.900314
(n_test, n_int, n_ext, n_obs, n) = (1024, 1008, 1028, 100, 1024)
(Lstar, Lprev) = (-170.918167, -135.129835)
alpha = 0.000000
u = 0.430238
(n_test, n_int, n_ext, n_obs, n) = (1024, 1008, 1028, 100, 1024)
(Lstar, Lprev) = (-165.758058, -135.129835)
alpha = 0.000000
u = 0.121031
(n_test, n_int, n_ext, n_obs, n) = (1024, 1008, 1028, 100, 1024)
(Lstar, Lprev) = (-141.721534, -135.129835)
alpha = 0.001372
u = 0.277543
(n_test, n_int, n_ext, n_obs, n) = (1024, 1008, 1028, 100, 1024)
(Lstar, Lprev) = (-133.641293, -135.129835)
alpha = 1.000000
u = 0.778294
ACCEPTED 12
(n_test, n_int, n_ext, n_obs, n) = (1024, 1008, 1028, 100, 1024)
(Lstar, Lprev) = (-150.705559, -133.641293)
alpha = 0.000000
u = 0.983975
(n_test, n_int, n_ext, n_obs, n) = (1024, 1008, 1028, 100, 1024)
(Lstar, Lprev) = (-142.050105, -133.641293)
alpha = 0.000223
u = 0.519553
(n_test, n_int, n_ext, n_obs, n) = (1024, 1008, 1028, 100, 1024)
(Lstar, Lprev) = (-135.839365, -133.641293)
alpha = 0.111017
u = 0.355070
(n_test, n_int, n_ext, n_obs, n) = (1024, 1008, 1028, 100, 1024)
(Lstar, Lprev) = (-159.472780, -133.641293)
alpha = 0.000000
u = 0.758015
(n_test, n_int, n_ext, n_obs, n) = (1024, 1008, 1028, 100, 1024)
(Lstar, Lprev) = (-150.702631, -133.641293)
alpha = 0.000000
u = 0.743963
(n_test, n_int, n_ext, n_obs, n) = (1024, 1008, 1028, 100, 1024)
(Lstar, Lprev) = (-109.253451, -133.641293)
alpha = 1.000000
u = 0.694094
ACCEPTED 13
(n_test, n_int, n_ext, n_obs, n) = (1024, 1008, 1028, 100, 1024)
(Lstar, Lprev) = (-105.075597, -109.253451)
alpha = 1.000000
u = 0.083746
ACCEPTED 14
(n_test, n_int, n_ext, n_obs, n) = (1024, 1008, 1028, 100, 1024)
(Lstar, Lprev) = (-118.383046, -105.075597)
alpha = 0.000002
u = 0.192102
(n_test, n_int, n_ext, n_obs, n) = (1024, 1008, 1028, 100, 1024)
(Lstar, Lprev) = (-125.505830, -105.075597)
alpha = 0.000000
u = 0.906184
(n_test, n_int, n_ext, n_obs, n) = (1024, 1008, 1028, 100, 1024)
(Lstar, Lprev) = (-112.998625, -105.075597)
alpha = 0.000362
u = 0.744710
(n_test, n_int, n_ext, n_obs, n) = (1024, 1008, 1028, 100, 1024)
(Lstar, Lprev) = (-116.517458, -105.075597)
alpha = 0.000011
u = 0.753315
(n_test, n_int, n_ext, n_obs, n) = (1024, 1008, 1028, 100, 1024)
(Lstar, Lprev) = (-132.820844, -105.075597)
alpha = 0.000000
u = 0.478221
(n_test, n_int, n_ext, n_obs, n) = (1024, 1008, 1028, 100, 1024)
(Lstar, Lprev) = (-117.906618, -105.075597)
alpha = 0.000003
u = 0.868699
(n_test, n_int, n_ext, n_obs, n) = (1024, 1008, 1028, 100, 1024)
(Lstar, Lprev) = (-126.151746, -105.075597)
alpha = 0.000000
u = 0.605616
(n_test, n_int, n_ext, n_obs, n) = (1024, 1008, 1028, 100, 1024)
(Lstar, Lprev) = (-104.411229, -105.075597)
alpha = 1.000000
u = 0.223386
ACCEPTED 15
(n_test, n_int, n_ext, n_obs, n) = (1024, 1008, 1028, 100, 1024)
(Lstar, Lprev) = (-99.519888, -104.411229)
alpha = 1.000000
u = 0.071378
ACCEPTED 16
(n_test, n_int, n_ext, n_obs, n) = (1024, 1008, 1028, 100, 1024)
(Lstar, Lprev) = (-126.694397, -99.519888)
alpha = 0.000000
u = 0.197918
(n_test, n_int, n_ext, n_obs, n) = (1024, 1008, 1028, 100, 1024)
(Lstar, Lprev) = (-108.762922, -99.519888)
alpha = 0.000097
u = 0.485247
(n_test, n_int, n_ext, n_obs, n) = (1024, 1008, 1028, 100, 1024)
(Lstar, Lprev) = (-109.083451, -99.519888)
alpha = 0.000070
u = 0.108807
(n_test, n_int, n_ext, n_obs, n) = (1024, 1008, 1028, 100, 1024)
(Lstar, Lprev) = (-111.121785, -99.519888)
alpha = 0.000009
u = 0.310163
(n_test, n_int, n_ext, n_obs, n) = (1024, 1008, 1028, 100, 1024)
(Lstar, Lprev) = (-102.781269, -99.519888)
alpha = 0.038335
u = 0.251360
(n_test, n_int, n_ext, n_obs, n) = (1024, 1008, 1028, 100, 1024)
(Lstar, Lprev) = (-115.085943, -99.519888)
alpha = 0.000000
u = 0.245605
(n_test, n_int, n_ext, n_obs, n) = (1024, 1008, 1028, 100, 1024)
(Lstar, Lprev) = (-113.263484, -99.519888)
alpha = 0.000001
u = 0.092934
(n_test, n_int, n_ext, n_obs, n) = (1024, 1008, 1028, 100, 1024)
(Lstar, Lprev) = (-114.409355, -99.519888)
alpha = 0.000000
u = 0.443765
(n_test, n_int, n_ext, n_obs, n) = (1024, 1008, 1028, 100, 1024)
(Lstar, Lprev) = (-119.959006, -99.519888)
alpha = 0.000000
u = 0.384048
(n_test, n_int, n_ext, n_obs, n) = (1024, 1008, 1028, 100, 1024)
(Lstar, Lprev) = (-110.042693, -99.519888)
alpha = 0.000027
u = 0.801752
(n_test, n_int, n_ext, n_obs, n) = (1024, 1008, 1028, 100, 1024)
(Lstar, Lprev) = (-101.644016, -99.519888)
alpha = 0.119537
u = 0.929389
(n_test, n_int, n_ext, n_obs, n) = (1024, 1008, 1028, 100, 1024)
(Lstar, Lprev) = (-109.451036, -99.519888)
alpha = 0.000049
u = 0.029646
(n_test, n_int, n_ext, n_obs, n) = (1024, 1008, 1028, 100, 1024)
(Lstar, Lprev) = (-107.622127, -99.519888)
alpha = 0.000303
u = 0.429799
(n_test, n_int, n_ext, n_obs, n) = (1024, 1008, 1028, 100, 1024)
(Lstar, Lprev) = (-111.374901, -99.519888)
alpha = 0.000007
u = 0.564293
(n_test, n_int, n_ext, n_obs, n) = (1024, 1008, 1028, 100, 1024)
(Lstar, Lprev) = (-116.321707, -99.519888)
alpha = 0.000000
u = 0.023182
(n_test, n_int, n_ext, n_obs, n) = (1024, 1008, 1028, 100, 1024)
(Lstar, Lprev) = (-102.622387, -99.519888)
alpha = 0.044937
u = 0.337181
(n_test, n_int, n_ext, n_obs, n) = (1024, 1008, 1028, 100, 1024)
(Lstar, Lprev) = (-106.868069, -99.519888)
alpha = 0.000644
u = 0.606178
(n_test, n_int, n_ext, n_obs, n) = (1024, 1008, 1028, 100, 1024)
(Lstar, Lprev) = (-122.808416, -99.519888)
alpha = 0.000000
u = 0.328432
(n_test, n_int, n_ext, n_obs, n) = (1024, 1008, 1028, 100, 1024)
(Lstar, Lprev) = (-133.461280, -99.519888)
alpha = 0.000000
u = 0.715714
(n_test, n_int, n_ext, n_obs, n) = (1024, 1008, 1028, 100, 1024)
(Lstar, Lprev) = (-108.466516, -99.519888)
alpha = 0.000130
u = 0.990068
(n_test, n_int, n_ext, n_obs, n) = (1024, 1008, 1028, 100, 1024)
(Lstar, Lprev) = (-135.454931, -99.519888)
alpha = 0.000000
u = 0.201097
(n_test, n_int, n_ext, n_obs, n) = (1024, 1008, 1028, 100, 1024)
(Lstar, Lprev) = (-113.275960, -99.519888)
alpha = 0.000001
u = 0.425720
(n_test, n_int, n_ext, n_obs, n) = (1024, 1008, 1028, 100, 1024)
(Lstar, Lprev) = (-100.278578, -99.519888)
alpha = 0.468280
u = 0.507359
(n_test, n_int, n_ext, n_obs, n) = (1024, 1008, 1028, 100, 1024)
(Lstar, Lprev) = (-94.649635, -99.519888)
alpha = 1.000000
u = 0.288364
ACCEPTED 17
(n_test, n_int, n_ext, n_obs, n) = (1024, 1008, 1028, 100, 1024)
(Lstar, Lprev) = (-97.090859, -94.649635)
alpha = 0.087054
u = 0.504444
(n_test, n_int, n_ext, n_obs, n) = (1024, 1008, 1028, 100, 1024)
(Lstar, Lprev) = (-96.915961, -94.649635)
alpha = 0.103692
u = 0.180352
(n_test, n_int, n_ext, n_obs, n) = (1024, 1008, 1028, 100, 1024)
(Lstar, Lprev) = (-104.670844, -94.649635)
alpha = 0.000044
u = 0.842728
(n_test, n_int, n_ext, n_obs, n) = (1024, 1008, 1028, 100, 1024)
(Lstar, Lprev) = (-99.918844, -94.649635)
alpha = 0.005148
u = 0.441203
(n_test, n_int, n_ext, n_obs, n) = (1024, 1008, 1028, 100, 1024)
(Lstar, Lprev) = (-114.091946, -94.649635)
alpha = 0.000000
u = 0.340010
(n_test, n_int, n_ext, n_obs, n) = (1024, 1008, 1028, 100, 1024)
(Lstar, Lprev) = (-134.149324, -94.649635)
alpha = 0.000000
u = 0.555083
(n_test, n_int, n_ext, n_obs, n) = (1024, 1008, 1028, 100, 1024)
(Lstar, Lprev) = (-135.425250, -94.649635)
alpha = 0.000000
u = 0.948503
(n_test, n_int, n_ext, n_obs, n) = (1024, 1008, 1028, 100, 1024)
(Lstar, Lprev) = (-113.902909, -94.649635)
alpha = 0.000000
u = 0.609870
(n_test, n_int, n_ext, n_obs, n) = (1024, 1008, 1028, 100, 1024)
(Lstar, Lprev) = (-116.006520, -94.649635)
alpha = 0.000000
u = 0.950720
(n_test, n_int, n_ext, n_obs, n) = (1024, 1008, 1028, 100, 1024)
(Lstar, Lprev) = (-108.658379, -94.649635)
alpha = 0.000001
u = 0.946514
(n_test, n_int, n_ext, n_obs, n) = (1024, 1008, 1028, 100, 1024)
(Lstar, Lprev) = (-96.264751, -94.649635)
alpha = 0.198868
u = 0.404915
(n_test, n_int, n_ext, n_obs, n) = (1024, 1008, 1028, 100, 1024)
(Lstar, Lprev) = (-103.226361, -94.649635)
alpha = 0.000188
u = 0.923462
(n_test, n_int, n_ext, n_obs, n) = (1024, 1008, 1028, 100, 1024)
(Lstar, Lprev) = (-112.787223, -94.649635)
alpha = 0.000000
u = 0.396735
(n_test, n_int, n_ext, n_obs, n) = (1024, 1008, 1028, 100, 1024)
(Lstar, Lprev) = (-107.811671, -94.649635)
alpha = 0.000002
u = 0.014470
(n_test, n_int, n_ext, n_obs, n) = (1024, 1008, 1028, 100, 1024)
(Lstar, Lprev) = (-95.710369, -94.649635)
alpha = 0.346202
u = 0.297079
ACCEPTED 18
(n_test, n_int, n_ext, n_obs, n) = (1024, 1008, 1028, 100, 1024)
(Lstar, Lprev) = (-116.241804, -95.710369)
alpha = 0.000000
u = 0.753970
(n_test, n_int, n_ext, n_obs, n) = (1024, 1008, 1028, 100, 1024)
(Lstar, Lprev) = (-104.490853, -95.710369)
alpha = 0.000154
u = 0.493634
(n_test, n_int, n_ext, n_obs, n) = (1024, 1008, 1028, 100, 1024)
(Lstar, Lprev) = (-119.780819, -95.710369)
alpha = 0.000000
u = 0.177946
(n_test, n_int, n_ext, n_obs, n) = (1024, 1008, 1028, 100, 1024)
(Lstar, Lprev) = (-101.916490, -95.710369)
alpha = 0.002017
u = 0.420104
(n_test, n_int, n_ext, n_obs, n) = (1024, 1008, 1028, 100, 1024)
(Lstar, Lprev) = (-100.817093, -95.710369)
alpha = 0.006056
u = 0.294731
(n_test, n_int, n_ext, n_obs, n) = (1024, 1008, 1028, 100, 1024)
(Lstar, Lprev) = (-108.641003, -95.710369)
alpha = 0.000002
u = 0.313238
(n_test, n_int, n_ext, n_obs, n) = (1024, 1008, 1028, 100, 1024)
(Lstar, Lprev) = (-118.592695, -95.710369)
alpha = 0.000000
u = 0.763000
(n_test, n_int, n_ext, n_obs, n) = (1024, 1008, 1028, 100, 1024)
(Lstar, Lprev) = (-114.620073, -95.710369)
alpha = 0.000000
u = 0.028707
(n_test, n_int, n_ext, n_obs, n) = (1024, 1008, 1028, 100, 1024)
(Lstar, Lprev) = (-113.887701, -95.710369)
alpha = 0.000000
u = 0.886474
(n_test, n_int, n_ext, n_obs, n) = (1024, 1008, 1028, 100, 1024)
(Lstar, Lprev) = (-110.935375, -95.710369)
alpha = 0.000000
u = 0.495634
(n_test, n_int, n_ext, n_obs, n) = (1024, 1008, 1028, 100, 1024)
(Lstar, Lprev) = (-115.640640, -95.710369)
alpha = 0.000000
u = 0.894696
(n_test, n_int, n_ext, n_obs, n) = (1024, 1008, 1028, 100, 1024)
(Lstar, Lprev) = (-107.481403, -95.710369)
alpha = 0.000008
u = 0.128440
(n_test, n_int, n_ext, n_obs, n) = (1024, 1008, 1028, 100, 1024)
(Lstar, Lprev) = (-101.315058, -95.710369)
alpha = 0.003681
u = 0.727919
(n_test, n_int, n_ext, n_obs, n) = (1024, 1008, 1028, 100, 1024)
(Lstar, Lprev) = (-105.693651, -95.710369)
alpha = 0.000046
u = 0.867697
(n_test, n_int, n_ext, n_obs, n) = (1024, 1008, 1028, 100, 1024)
(Lstar, Lprev) = (-106.917409, -95.710369)
alpha = 0.000014
u = 0.920811
(n_test, n_int, n_ext, n_obs, n) = (1024, 1008, 1028, 100, 1024)
(Lstar, Lprev) = (-97.682815, -95.710369)
alpha = 0.139116
u = 0.061730
ACCEPTED 19
(n_test, n_int, n_ext, n_obs, n) = (1024, 1008, 1028, 100, 1024)
(Lstar, Lprev) = (-117.850257, -97.682815)
alpha = 0.000000
u = 0.048189
(n_test, n_int, n_ext, n_obs, n) = (1024, 1008, 1028, 100, 1024)
(Lstar, Lprev) = (-109.233708, -97.682815)
alpha = 0.000010
u = 0.882960
(n_test, n_int, n_ext, n_obs, n) = (1024, 1008, 1028, 100, 1024)
(Lstar, Lprev) = (-125.532797, -97.682815)
alpha = 0.000000
u = 0.157823
(n_test, n_int, n_ext, n_obs, n) = (1024, 1008, 1028, 100, 1024)
(Lstar, Lprev) = (-121.815717, -97.682815)
alpha = 0.000000
u = 0.165444
(n_test, n_int, n_ext, n_obs, n) = (1024, 1008, 1028, 100, 1024)
(Lstar, Lprev) = (-118.826097, -97.682815)
alpha = 0.000000
u = 0.268922
(n_test, n_int, n_ext, n_obs, n) = (1024, 1008, 1028, 100, 1024)
(Lstar, Lprev) = (-110.146437, -97.682815)
alpha = 0.000004
u = 0.170688
(n_test, n_int, n_ext, n_obs, n) = (1024, 1008, 1028, 100, 1024)
(Lstar, Lprev) = (-107.633327, -97.682815)
alpha = 0.000048
u = 0.687899
(n_test, n_int, n_ext, n_obs, n) = (1024, 1008, 1028, 100, 1024)
(Lstar, Lprev) = (-111.487535, -97.682815)
alpha = 0.000001
u = 0.430494
(n_test, n_int, n_ext, n_obs, n) = (1024, 1008, 1028, 100, 1024)
(Lstar, Lprev) = (-110.184709, -97.682815)
alpha = 0.000004
u = 0.499987
(n_test, n_int, n_ext, n_obs, n) = (1024, 1008, 1028, 100, 1024)
(Lstar, Lprev) = (-106.581806, -97.682815)
alpha = 0.000137
u = 0.342666
(n_test, n_int, n_ext, n_obs, n) = (1024, 1008, 1028, 100, 1024)
(Lstar, Lprev) = (-109.177773, -97.682815)
alpha = 0.000010
u = 0.154310
(n_test, n_int, n_ext, n_obs, n) = (1024, 1008, 1028, 100, 1024)
(Lstar, Lprev) = (-116.712892, -97.682815)
alpha = 0.000000
u = 0.414714
(n_test, n_int, n_ext, n_obs, n) = (1024, 1008, 1028, 100, 1024)
(Lstar, Lprev) = (-113.077345, -97.682815)
alpha = 0.000000
u = 0.162646
(n_test, n_int, n_ext, n_obs, n) = (1024, 1008, 1028, 100, 1024)
(Lstar, Lprev) = (-104.415624, -97.682815)
alpha = 0.001191
u = 0.641238
(n_test, n_int, n_ext, n_obs, n) = (1024, 1008, 1028, 100, 1024)
(Lstar, Lprev) = (-105.434209, -97.682815)
alpha = 0.000430
u = 0.234785
(n_test, n_int, n_ext, n_obs, n) = (1024, 1008, 1028, 100, 1024)
(Lstar, Lprev) = (-114.619754, -97.682815)
alpha = 0.000000
u = 0.337909
(n_test, n_int, n_ext, n_obs, n) = (1024, 1008, 1028, 100, 1024)
(Lstar, Lprev) = (-117.328042, -97.682815)
alpha = 0.000000
u = 0.690214
(n_test, n_int, n_ext, n_obs, n) = (1024, 1008, 1028, 100, 1024)
(Lstar, Lprev) = (-114.696243, -97.682815)
alpha = 0.000000
u = 0.294441
(n_test, n_int, n_ext, n_obs, n) = (1024, 1008, 1028, 100, 1024)
(Lstar, Lprev) = (-103.417838, -97.682815)
alpha = 0.003231
u = 0.688721
(n_test, n_int, n_ext, n_obs, n) = (1024, 1008, 1028, 100, 1024)
(Lstar, Lprev) = (-116.247168, -97.682815)
alpha = 0.000000
u = 0.496141
(n_test, n_int, n_ext, n_obs, n) = (1024, 1008, 1028, 100, 1024)
(Lstar, Lprev) = (-100.581038, -97.682815)
alpha = 0.055121
u = 0.670334
(n_test, n_int, n_ext, n_obs, n) = (1024, 1008, 1028, 100, 1024)
(Lstar, Lprev) = (-115.315702, -97.682815)
alpha = 0.000000
u = 0.441486
(n_test, n_int, n_ext, n_obs, n) = (1024, 1008, 1028, 100, 1024)
(Lstar, Lprev) = (-112.481864, -97.682815)
alpha = 0.000000
u = 0.926060
(n_test, n_int, n_ext, n_obs, n) = (1024, 1008, 1028, 100, 1024)
(Lstar, Lprev) = (-111.150013, -97.682815)
alpha = 0.000001
u = 0.870274
(n_test, n_int, n_ext, n_obs, n) = (1024, 1008, 1028, 100, 1024)
(Lstar, Lprev) = (-111.557391, -97.682815)
alpha = 0.000001
u = 0.347014
(n_test, n_int, n_ext, n_obs, n) = (1024, 1008, 1028, 100, 1024)
(Lstar, Lprev) = (-114.522699, -97.682815)
alpha = 0.000000
u = 0.090123
(n_test, n_int, n_ext, n_obs, n) = (1024, 1008, 1028, 100, 1024)
(Lstar, Lprev) = (-119.343488, -97.682815)
alpha = 0.000000
u = 0.158647
(n_test, n_int, n_ext, n_obs, n) = (1024, 1008, 1028, 100, 1024)
(Lstar, Lprev) = (-109.316653, -97.682815)
alpha = 0.000009
u = 0.872372
(n_test, n_int, n_ext, n_obs, n) = (1024, 1008, 1028, 100, 1024)
(Lstar, Lprev) = (-111.862613, -97.682815)
alpha = 0.000001
u = 0.253826
(n_test, n_int, n_ext, n_obs, n) = (1024, 1008, 1028, 100, 1024)
(Lstar, Lprev) = (-116.874414, -97.682815)
alpha = 0.000000
u = 0.446896
(n_test, n_int, n_ext, n_obs, n) = (1024, 1008, 1028, 100, 1024)
(Lstar, Lprev) = (-106.532300, -97.682815)
alpha = 0.000143
u = 0.262779
(n_test, n_int, n_ext, n_obs, n) = (1024, 1008, 1028, 100, 1024)
(Lstar, Lprev) = (-104.936712, -97.682815)
alpha = 0.000707
u = 0.931866
(n_test, n_int, n_ext, n_obs, n) = (1024, 1008, 1028, 100, 1024)
(Lstar, Lprev) = (-101.152911, -97.682815)
alpha = 0.031114
u = 0.998973
(n_test, n_int, n_ext, n_obs, n) = (1024, 1008, 1028, 100, 1024)
(Lstar, Lprev) = (-96.556719, -97.682815)
alpha = 1.000000
u = 0.656535
ACCEPTED 20
(n_test, n_int, n_ext, n_obs, n) = (1024, 1008, 1028, 100, 1024)
(Lstar, Lprev) = (-114.359198, -96.556719)
alpha = 0.000000
u = 0.093483
(n_test, n_int, n_ext, n_obs, n) = (1024, 1008, 1028, 100, 1024)
(Lstar, Lprev) = (-103.619113, -96.556719)
alpha = 0.000857
u = 0.922684
(n_test, n_int, n_ext, n_obs, n) = (1024, 1008, 1028, 100, 1024)
(Lstar, Lprev) = (-96.133810, -96.556719)
alpha = 1.000000
u = 0.711189
ACCEPTED 21
(n_test, n_int, n_ext, n_obs, n) = (1024, 1008, 1028, 100, 1024)
(Lstar, Lprev) = (-117.152932, -96.133810)
alpha = 0.000000
u = 0.503570
(n_test, n_int, n_ext, n_obs, n) = (1024, 1008, 1028, 100, 1024)
(Lstar, Lprev) = (-106.652755, -96.133810)
alpha = 0.000027
u = 0.860331
(n_test, n_int, n_ext, n_obs, n) = (1024, 1008, 1028, 100, 1024)
(Lstar, Lprev) = (-113.370832, -96.133810)
alpha = 0.000000
u = 0.421408
(n_test, n_int, n_ext, n_obs, n) = (1024, 1008, 1028, 100, 1024)
(Lstar, Lprev) = (-103.796948, -96.133810)
alpha = 0.000470
u = 0.023018
(n_test, n_int, n_ext, n_obs, n) = (1024, 1008, 1028, 100, 1024)
(Lstar, Lprev) = (-110.542158, -96.133810)
alpha = 0.000001
u = 0.080408
(n_test, n_int, n_ext, n_obs, n) = (1024, 1008, 1028, 100, 1024)
(Lstar, Lprev) = (-111.930582, -96.133810)
alpha = 0.000000
u = 0.616970
(n_test, n_int, n_ext, n_obs, n) = (1024, 1008, 1028, 100, 1024)
(Lstar, Lprev) = (-115.375119, -96.133810)
alpha = 0.000000
u = 0.629971
(n_test, n_int, n_ext, n_obs, n) = (1024, 1008, 1028, 100, 1024)
(Lstar, Lprev) = (-105.734559, -96.133810)
alpha = 0.000068
u = 0.400316
(n_test, n_int, n_ext, n_obs, n) = (1024, 1008, 1028, 100, 1024)
(Lstar, Lprev) = (-113.644065, -96.133810)
alpha = 0.000000
u = 0.414886
(n_test, n_int, n_ext, n_obs, n) = (1024, 1008, 1028, 100, 1024)
(Lstar, Lprev) = (-103.719954, -96.133810)
alpha = 0.000507
u = 0.397879
(n_test, n_int, n_ext, n_obs, n) = (1024, 1008, 1028, 100, 1024)
(Lstar, Lprev) = (-107.298935, -96.133810)
alpha = 0.000014
u = 0.541940
(n_test, n_int, n_ext, n_obs, n) = (1024, 1008, 1028, 100, 1024)
(Lstar, Lprev) = (-111.249562, -96.133810)
alpha = 0.000000
u = 0.131142
(n_test, n_int, n_ext, n_obs, n) = (1024, 1008, 1028, 100, 1024)
(Lstar, Lprev) = (-121.912087, -96.133810)
alpha = 0.000000
u = 0.908992
(n_test, n_int, n_ext, n_obs, n) = (1024, 1008, 1028, 100, 1024)
(Lstar, Lprev) = (-116.749503, -96.133810)
alpha = 0.000000
u = 0.838628
(n_test, n_int, n_ext, n_obs, n) = (1024, 1008, 1028, 100, 1024)
(Lstar, Lprev) = (-108.467353, -96.133810)
alpha = 0.000004
u = 0.718228
(n_test, n_int, n_ext, n_obs, n) = (1024, 1008, 1028, 100, 1024)
(Lstar, Lprev) = (-120.948938, -96.133810)
alpha = 0.000000
u = 0.436003
(n_test, n_int, n_ext, n_obs, n) = (1024, 1008, 1028, 100, 1024)
(Lstar, Lprev) = (-104.370381, -96.133810)
alpha = 0.000265
u = 0.274288
(n_test, n_int, n_ext, n_obs, n) = (1024, 1008, 1028, 100, 1024)
(Lstar, Lprev) = (-101.703394, -96.133810)
alpha = 0.003812
u = 0.933131
(n_test, n_int, n_ext, n_obs, n) = (1024, 1008, 1028, 100, 1024)
(Lstar, Lprev) = (-110.258388, -96.133810)
alpha = 0.000001
u = 0.434792
(n_test, n_int, n_ext, n_obs, n) = (1024, 1008, 1028, 100, 1024)
(Lstar, Lprev) = (-91.164949, -96.133810)
alpha = 1.000000
u = 0.078889
ACCEPTED 22
(n_test, n_int, n_ext, n_obs, n) = (1024, 1008, 1028, 100, 1024)
(Lstar, Lprev) = (-102.940285, -91.164949)
alpha = 0.000008
u = 0.332767
(n_test, n_int, n_ext, n_obs, n) = (1024, 1008, 1028, 100, 1024)
(Lstar, Lprev) = (-116.735031, -91.164949)
alpha = 0.000000
u = 0.188831
(n_test, n_int, n_ext, n_obs, n) = (1024, 1008, 1028, 100, 1024)
(Lstar, Lprev) = (-95.358255, -91.164949)
alpha = 0.015096
u = 0.959131
(n_test, n_int, n_ext, n_obs, n) = (1024, 1008, 1028, 100, 1024)
(Lstar, Lprev) = (-107.846767, -91.164949)
alpha = 0.000000
u = 0.323803
(n_test, n_int, n_ext, n_obs, n) = (1024, 1008, 1028, 100, 1024)
(Lstar, Lprev) = (-108.569297, -91.164949)
alpha = 0.000000
u = 0.164789
(n_test, n_int, n_ext, n_obs, n) = (1024, 1008, 1028, 100, 1024)
(Lstar, Lprev) = (-104.374819, -91.164949)
alpha = 0.000002
u = 0.364199
(n_test, n_int, n_ext, n_obs, n) = (1024, 1008, 1028, 100, 1024)
(Lstar, Lprev) = (-101.927648, -91.164949)
alpha = 0.000021
u = 0.100415
(n_test, n_int, n_ext, n_obs, n) = (1024, 1008, 1028, 100, 1024)
(Lstar, Lprev) = (-105.941045, -91.164949)
alpha = 0.000000
u = 0.838792
(n_test, n_int, n_ext, n_obs, n) = (1024, 1008, 1028, 100, 1024)
(Lstar, Lprev) = (-115.029647, -91.164949)
alpha = 0.000000
u = 0.799216
(n_test, n_int, n_ext, n_obs, n) = (1024, 1008, 1028, 100, 1024)
(Lstar, Lprev) = (-93.976715, -91.164949)
alpha = 0.060099
u = 0.015335
ACCEPTED 23
(n_test, n_int, n_ext, n_obs, n) = (1024, 1008, 1028, 100, 1024)
(Lstar, Lprev) = (-103.650183, -93.976715)
alpha = 0.000063
u = 0.997636
(n_test, n_int, n_ext, n_obs, n) = (1024, 1008, 1028, 100, 1024)
(Lstar, Lprev) = (-101.850566, -93.976715)
alpha = 0.000381
u = 0.220872
(n_test, n_int, n_ext, n_obs, n) = (1024, 1008, 1028, 100, 1024)
(Lstar, Lprev) = (-112.889789, -93.976715)
alpha = 0.000000
u = 0.691604
(n_test, n_int, n_ext, n_obs, n) = (1024, 1008, 1028, 100, 1024)
(Lstar, Lprev) = (-109.845057, -93.976715)
alpha = 0.000000
u = 0.277532
(n_test, n_int, n_ext, n_obs, n) = (1024, 1008, 1028, 100, 1024)
(Lstar, Lprev) = (-100.043474, -93.976715)
alpha = 0.002319
u = 0.160501
(n_test, n_int, n_ext, n_obs, n) = (1024, 1008, 1028, 100, 1024)
(Lstar, Lprev) = (-111.066748, -93.976715)
alpha = 0.000000
u = 0.597673
(n_test, n_int, n_ext, n_obs, n) = (1024, 1008, 1028, 100, 1024)
(Lstar, Lprev) = (-86.069941, -93.976715)
alpha = 1.000000
u = 0.806647
ACCEPTED 24
(n_test, n_int, n_ext, n_obs, n) = (1024, 1008, 1028, 100, 1024)
(Lstar, Lprev) = (-92.715162, -86.069941)
alpha = 0.001300
u = 0.221340
(n_test, n_int, n_ext, n_obs, n) = (1024, 1008, 1028, 100, 1024)
(Lstar, Lprev) = (-97.982548, -86.069941)
alpha = 0.000007
u = 0.521620
(n_test, n_int, n_ext, n_obs, n) = (1024, 1008, 1028, 100, 1024)
(Lstar, Lprev) = (-97.136926, -86.069941)
alpha = 0.000016
u = 0.605872
(n_test, n_int, n_ext, n_obs, n) = (1024, 1008, 1028, 100, 1024)
(Lstar, Lprev) = (-91.116023, -86.069941)
alpha = 0.006434
u = 0.097177
(n_test, n_int, n_ext, n_obs, n) = (1024, 1008, 1028, 100, 1024)
(Lstar, Lprev) = (-111.341641, -86.069941)
alpha = 0.000000
u = 0.633843
(n_test, n_int, n_ext, n_obs, n) = (1024, 1008, 1028, 100, 1024)
(Lstar, Lprev) = (-108.622565, -86.069941)
alpha = 0.000000
u = 0.400892
(n_test, n_int, n_ext, n_obs, n) = (1024, 1008, 1028, 100, 1024)
(Lstar, Lprev) = (-98.947780, -86.069941)
alpha = 0.000003
u = 0.198887
(n_test, n_int, n_ext, n_obs, n) = (1024, 1008, 1028, 100, 1024)
(Lstar, Lprev) = (-92.473560, -86.069941)
alpha = 0.001656
u = 0.860644
(n_test, n_int, n_ext, n_obs, n) = (1024, 1008, 1028, 100, 1024)
(Lstar, Lprev) = (-102.656214, -86.069941)
alpha = 0.000000
u = 0.665545
(n_test, n_int, n_ext, n_obs, n) = (1024, 1008, 1028, 100, 1024)
(Lstar, Lprev) = (-96.614873, -86.069941)
alpha = 0.000026
u = 0.138275
(n_test, n_int, n_ext, n_obs, n) = (1024, 1008, 1028, 100, 1024)
(Lstar, Lprev) = (-101.677405, -86.069941)
alpha = 0.000000
u = 0.418019
(n_test, n_int, n_ext, n_obs, n) = (1024, 1008, 1028, 100, 1024)
(Lstar, Lprev) = (-113.767544, -86.069941)
alpha = 0.000000
u = 0.064504
(n_test, n_int, n_ext, n_obs, n) = (1024, 1008, 1028, 100, 1024)
(Lstar, Lprev) = (-110.700686, -86.069941)
alpha = 0.000000
u = 0.535520
(n_test, n_int, n_ext, n_obs, n) = (1024, 1008, 1028, 100, 1024)
(Lstar, Lprev) = (-92.924703, -86.069941)
alpha = 0.001054
u = 0.285574
(n_test, n_int, n_ext, n_obs, n) = (1024, 1008, 1028, 100, 1024)
(Lstar, Lprev) = (-115.434045, -86.069941)
alpha = 0.000000
u = 0.790892
(n_test, n_int, n_ext, n_obs, n) = (1024, 1008, 1028, 100, 1024)
(Lstar, Lprev) = (-107.920933, -86.069941)
alpha = 0.000000
u = 0.473322
(n_test, n_int, n_ext, n_obs, n) = (1024, 1008, 1028, 100, 1024)
(Lstar, Lprev) = (-95.388711, -86.069941)
alpha = 0.000090
u = 0.667546
(n_test, n_int, n_ext, n_obs, n) = (1024, 1008, 1028, 100, 1024)
(Lstar, Lprev) = (-109.551181, -86.069941)
alpha = 0.000000
u = 0.751200
(n_test, n_int, n_ext, n_obs, n) = (1024, 1008, 1028, 100, 1024)
(Lstar, Lprev) = (-102.685420, -86.069941)
alpha = 0.000000
u = 0.595078
(n_test, n_int, n_ext, n_obs, n) = (1024, 1008, 1028, 100, 1024)
(Lstar, Lprev) = (-104.079617, -86.069941)
alpha = 0.000000
u = 0.327787
(n_test, n_int, n_ext, n_obs, n) = (1024, 1008, 1028, 100, 1024)
(Lstar, Lprev) = (-110.820889, -86.069941)
alpha = 0.000000
u = 0.191239
(n_test, n_int, n_ext, n_obs, n) = (1024, 1008, 1028, 100, 1024)
(Lstar, Lprev) = (-117.377144, -86.069941)
alpha = 0.000000
u = 0.955834
(n_test, n_int, n_ext, n_obs, n) = (1024, 1008, 1028, 100, 1024)
(Lstar, Lprev) = (-89.264511, -86.069941)
alpha = 0.040984
u = 0.255377
(n_test, n_int, n_ext, n_obs, n) = (1024, 1008, 1028, 100, 1024)
(Lstar, Lprev) = (-101.363913, -86.069941)
alpha = 0.000000
u = 0.505534
(n_test, n_int, n_ext, n_obs, n) = (1024, 1008, 1028, 100, 1024)
(Lstar, Lprev) = (-105.726396, -86.069941)
alpha = 0.000000
u = 0.872723
(n_test, n_int, n_ext, n_obs, n) = (1024, 1008, 1028, 100, 1024)
(Lstar, Lprev) = (-108.203671, -86.069941)
alpha = 0.000000
u = 0.920834
(n_test, n_int, n_ext, n_obs, n) = (1024, 1008, 1028, 100, 1024)
(Lstar, Lprev) = (-92.934321, -86.069941)
alpha = 0.001044
u = 0.688993
(n_test, n_int, n_ext, n_obs, n) = (1024, 1008, 1028, 100, 1024)
(Lstar, Lprev) = (-101.674243, -86.069941)
alpha = 0.000000
u = 0.885731
(n_test, n_int, n_ext, n_obs, n) = (1024, 1008, 1028, 100, 1024)
(Lstar, Lprev) = (-98.748790, -86.069941)
alpha = 0.000003
u = 0.032984
(n_test, n_int, n_ext, n_obs, n) = (1024, 1008, 1028, 100, 1024)
There was a problem with solving the system!
CUDA error src/segment/computeFieldMatrices.cu:147: an illegal memory access was encountered

------------------------------------------------------------
Sender: LSF System <lsfadmin@hpc.dtu.dk>
Subject: Job 23132155: <inverse> in cluster <dcc> Exited

Job <inverse> was submitted from host <n-62-11-47> by user <s194146> in cluster <dcc> at Mon Nov 11 17:23:22 2024
Job was executed on host(s) <64*n-62-12-81>, in queue <gpuh100>, as user <s194146> in cluster <dcc> at Mon Nov 11 17:23:23 2024
</zhome/00/b/147112> was used as the home directory.
</zhome/00/b/147112/bioscat/Scripts/C_and_CUDA/main> was used as the working directory.
Started at Mon Nov 11 17:23:23 2024
Terminated at Mon Nov 11 17:42:53 2024
Results reported at Mon Nov 11 17:42:53 2024

Your job looked like:

------------------------------------------------------------
# LSBATCH: User input
#!/bin/bash
#BSUB -J inverse # name
#BSUB -o outfiles/inverse_%J.out # output file
#BSUB -q gpuh100
#BSUB -n 64 ## cores
#BSUB -R "rusage[mem=1GB]" 
#BSUB -W 24:00 # useable time in minutes
##BSUB -N # send mail when done
#BSUB -R "span[hosts=1]"
#BSUB -gpu "num=1:mode=exclusive_process"

module load gcc/12.3.0-binutils-2.40
module load cuda/12.2.2

OMP_NUM_THREADS=64 python inverse.py
------------------------------------------------------------

Exited with exit code 1.

Resource usage summary:

    CPU time :                                   1374.00 sec.
    Max Memory :                                 18341 MB
    Average Memory :                             3879.30 MB
    Total Requested Memory :                     65536.00 MB
    Delta Memory :                               47195.00 MB
    Max Swap :                                   -
    Max Processes :                              4
    Max Threads :                                9
    Run time :                                   1170 sec.
    Turnaround time :                            1171 sec.

The output (if any) is above this job summary.

