Loaded module: gcc/12.3.0-binutils-2.40
Loaded module: cuda/12.2.2
(n_obs, n_lambdas, n_beta) = (100, 10, 10)
--------------------------------------
We are computing curves on device!
--------------------------------------

Initialization and allocation: 0.0003 seconds

log(det) =6.000000e-08 
Computing covariance matrix: 0.0003 seconds

Computing inverse of covariance matrix: 0.0839 seconds

Cholesky factorization successful.

Cholesky factorization: 0.0164 seconds

minimum = 3.000000e-08
hej
cuBLAS initialization failed 3
There was a problem with solving the system!
CUDA error src/segment/computeFieldMatrices.cu:148: an illegal memory access was encountered

------------------------------------------------------------
Sender: LSF System <lsfadmin@hpc.dtu.dk>
Subject: Job 23187815: <inverse> in cluster <dcc> Exited

Job <inverse> was submitted from host <n-62-11-47> by user <s194146> in cluster <dcc> at Fri Nov 15 20:32:05 2024
Job was executed on host(s) <64*n-62-12-81>, in queue <gpuh100>, as user <s194146> in cluster <dcc> at Fri Nov 15 20:32:06 2024
</zhome/00/b/147112> was used as the home directory.
</zhome/00/b/147112/bioscat/Scripts/C_and_CUDA/main> was used as the working directory.
Started at Fri Nov 15 20:32:06 2024
Terminated at Fri Nov 15 21:54:57 2024
Results reported at Fri Nov 15 21:54:57 2024

Your job looked like:

------------------------------------------------------------
# LSBATCH: User input
#!/bin/bash
#BSUB -J inverse # name
#BSUB -o outfiles/inverse_%J.out # output file
#BSUB -q gpuh100
#BSUB -n 64 ## cores
#BSUB -R "rusage[mem=1GB]" 
#BSUB -W 24:00 # useable time in minutes
##BSUB -N # send mail when done
#BSUB -R "span[hosts=1]"
#BSUB -gpu "num=1:mode=exclusive_process"

module load gcc/12.3.0-binutils-2.40
module load cuda/12.2.2

OMP_NUM_THREADS=64 python inverse.py
------------------------------------------------------------

Exited with exit code 1.

Resource usage summary:

    CPU time :                                   4253.00 sec.
    Max Memory :                                 309 MB
    Average Memory :                             262.13 MB
    Total Requested Memory :                     65536.00 MB
    Delta Memory :                               65227.00 MB
    Max Swap :                                   -
    Max Processes :                              4
    Max Threads :                                9
    Run time :                                   4980 sec.
    Turnaround time :                            4972 sec.

The output (if any) is above this job summary.

