Loaded module: gcc/12.3.0-binutils-2.40
Loaded module: cuda/12.2.2
Terminated

------------------------------------------------------------
Sender: LSF System <lsfadmin@hpc.dtu.dk>
Subject: Job 23187587: <inverse> in cluster <dcc> Exited

Job <inverse> was submitted from host <n-62-11-47> by user <s194146> in cluster <dcc> at Fri Nov 15 18:02:44 2024
Job was executed on host(s) <64*n-62-12-81>, in queue <gpuh100>, as user <s194146> in cluster <dcc> at Fri Nov 15 18:02:44 2024
</zhome/00/b/147112> was used as the home directory.
</zhome/00/b/147112/bioscat/Scripts/C_and_CUDA/main> was used as the working directory.
Started at Fri Nov 15 18:02:44 2024
Terminated at Fri Nov 15 18:12:32 2024
Results reported at Fri Nov 15 18:12:32 2024

Your job looked like:

------------------------------------------------------------
# LSBATCH: User input
#!/bin/bash
#BSUB -J inverse # name
#BSUB -o outfiles/inverse_%J.out # output file
#BSUB -q gpuh100
#BSUB -n 64 ## cores
#BSUB -R "rusage[mem=1GB]" 
#BSUB -W 24:00 # useable time in minutes
##BSUB -N # send mail when done
#BSUB -R "span[hosts=1]"
#BSUB -gpu "num=1:mode=exclusive_process"

module load gcc/12.3.0-binutils-2.40
module load cuda/12.2.2

OMP_NUM_THREADS=64 python inverse.py
------------------------------------------------------------

TERM_OWNER: job killed by owner.
Exited with exit code 143.

Resource usage summary:

    CPU time :                                   501.00 sec.
    Max Memory :                                 212 MB
    Average Memory :                             139.14 MB
    Total Requested Memory :                     65536.00 MB
    Delta Memory :                               65324.00 MB
    Max Swap :                                   -
    Max Processes :                              4
    Max Threads :                                9
    Run time :                                   588 sec.
    Turnaround time :                            588 sec.

The output (if any) is above this job summary.

